#
# There is insufficient memory for the Java Runtime Environment to continue.
# Native memory allocation (malloc) failed to allocate 1629936 bytes for Chunk::new
# Possible reasons:
#   The system is out of physical RAM or swap space
#   The process is running with CompressedOops enabled, and the Java Heap may be blocking the growth of the native heap
# Possible solutions:
#   Reduce memory load on the system
#   Increase physical memory or swap space
#   Check if swap backing store is full
#   Decrease Java heap size (-Xmx/-Xms)
#   Decrease number of Java threads
#   Decrease Java thread stack sizes (-Xss)
#   Set larger code cache with -XX:ReservedCodeCacheSize=
#   JVM is running with Unscaled Compressed Oops mode in which the Java heap is
#     placed in the first 4GB address space. The Java Heap base address is the
#     maximum limit for the native heap growth. Please use -XX:HeapBaseMinAddress
#     to set the Java Heap base and to place the Java Heap above 4GB virtual address.
# This output file may be truncated or incomplete.
#
#  Out of Memory Error (./open/src/hotspot/share/memory/arena.cpp:197), pid=24416, tid=7528
#
# JRE version: Java(TM) SE Runtime Environment 18.9 (11.0.16+11) (build 11.0.16+11-LTS-199)
# Java VM: Java HotSpot(TM) 64-Bit Server VM 18.9 (11.0.16+11-LTS-199, mixed mode, tiered, compressed oops, g1 gc, windows-amd64)
# No core dump will be written. Minidumps are not enabled by default on client versions of Windows
#

---------------  S U M M A R Y ------------

Command Line: -Dorg.gradle.internal.worker.tmpdir=C:\Users\ÀÌÁ¾¹®\Desktop\springProject\workspace\wegether\build\tmp\test\work -Dorg.gradle.native=false -Xmx512m -Dfile.encoding=x-windows-949 -Duser.country=KR -Duser.language=ko -Duser.variant -ea worker.org.gradle.process.internal.worker.GradleWorkerMain 'Gradle Test Executor 4'

Host: AMD Ryzen 5 3500X 6-Core Processor             , 6 cores, 15G,  Windows 10 , 64 bit Build 19041 (10.0.19041.2913)
Time: Sun May 21 01:46:15 2023  Windows 10 , 64 bit Build 19041 (10.0.19041.2913) elapsed time: 4.498061 seconds (0d 0h 0m 4s)

---------------  T H R E A D  ---------------

Current thread (0x0000018c91d84000):  JavaThread "C2 CompilerThread1" daemon [_thread_in_native, id=7528, stack(0x0000003ad3100000,0x0000003ad3200000)]


Current CompileTask:
C2:   4498 5528       4       org.springframework.core.annotation.TypeMappedAnnotations$MergedAnnotationFinder::doWithAnnotations (75 bytes)

Stack: [0x0000003ad3100000,0x0000003ad3200000]
Native frames: (J=compiled Java code, j=interpreted, Vv=VM code, C=native code)
V  [jvm.dll+0x62a3ea]
V  [jvm.dll+0x76418f]
V  [jvm.dll+0x765839]
V  [jvm.dll+0x765ec3]
V  [jvm.dll+0x23da98]
V  [jvm.dll+0xb2a1c]
V  [jvm.dll+0xb2fdc]
V  [jvm.dll+0x341487]
V  [jvm.dll+0x18ca39]
V  [jvm.dll+0x1f85b2]
V  [jvm.dll+0x1f768d]
V  [jvm.dll+0x177c81]
V  [jvm.dll+0x207006]
V  [jvm.dll+0x20519b]
V  [jvm.dll+0x729fa0]
V  [jvm.dll+0x722b74]
V  [jvm.dll+0x629286]
C  [ucrtbase.dll+0x21bb2]
C  [KERNEL32.DLL+0x17614]
C  [ntdll.dll+0x526a1]


---------------  P R O C E S S  ---------------

Threads class SMR info:
_java_thread_list=0x0000018c929091a0, length=19, elements={
0x0000018cf6401800, 0x0000018cff70a000, 0x0000018cff70b800, 0x0000018c9107b000,
0x0000018c9107c000, 0x0000018c9107f800, 0x0000018c91084000, 0x0000018cff718000,
0x0000018cff71a000, 0x0000018c9120a000, 0x0000018c91c06800, 0x0000018c91c3c000,
0x0000018c91580800, 0x0000018c91d84000, 0x0000018c93e39800, 0x0000018c96360000,
0x0000018c9595e800, 0x0000018c963b6800, 0x0000018c941d7000
}

Java Threads: ( => current thread )
  0x0000018cf6401800 JavaThread "Test worker" [_thread_in_vm, id=25480, stack(0x0000003ad1700000,0x0000003ad1800000)]
  0x0000018cff70a000 JavaThread "Reference Handler" daemon [_thread_blocked, id=26288, stack(0x0000003ad1e00000,0x0000003ad1f00000)]
  0x0000018cff70b800 JavaThread "Finalizer" daemon [_thread_blocked, id=14472, stack(0x0000003ad1f00000,0x0000003ad2000000)]
  0x0000018c9107b000 JavaThread "Signal Dispatcher" daemon [_thread_blocked, id=25796, stack(0x0000003ad2000000,0x0000003ad2100000)]
  0x0000018c9107c000 JavaThread "Attach Listener" daemon [_thread_blocked, id=25912, stack(0x0000003ad2100000,0x0000003ad2200000)]
  0x0000018c9107f800 JavaThread "Service Thread" daemon [_thread_blocked, id=23172, stack(0x0000003ad2200000,0x0000003ad2300000)]
  0x0000018c91084000 JavaThread "C2 CompilerThread0" daemon [_thread_in_native, id=18420, stack(0x0000003ad2300000,0x0000003ad2400000)]
  0x0000018cff718000 JavaThread "C1 CompilerThread0" daemon [_thread_blocked, id=25860, stack(0x0000003ad2400000,0x0000003ad2500000)]
  0x0000018cff71a000 JavaThread "Sweeper thread" daemon [_thread_blocked, id=26460, stack(0x0000003ad2500000,0x0000003ad2600000)]
  0x0000018c9120a000 JavaThread "Common-Cleaner" daemon [_thread_blocked, id=18504, stack(0x0000003ad2700000,0x0000003ad2800000)]
  0x0000018c91c06800 JavaThread "/127.0.0.1:60779 to /127.0.0.1:60777 workers" [_thread_blocked, id=12636, stack(0x0000003ad2a00000,0x0000003ad2b00000)]
  0x0000018c91c3c000 JavaThread "/127.0.0.1:60779 to /127.0.0.1:60777 workers Thread 2" [_thread_blocked, id=11268, stack(0x0000003ad2800000,0x0000003ad2900000)]
  0x0000018c91580800 JavaThread "/127.0.0.1:60779 to /127.0.0.1:60777 workers Thread 3" [_thread_in_native, id=25260, stack(0x0000003ad2b00000,0x0000003ad2c00000)]
=>0x0000018c91d84000 JavaThread "C2 CompilerThread1" daemon [_thread_in_native, id=7528, stack(0x0000003ad3100000,0x0000003ad3200000)]
  0x0000018c93e39800 JavaThread "oracle.jdbc.driver.BlockSource.ThreadedCachingBlockSource.BlockReleaser" daemon [_thread_blocked, id=24728, stack(0x0000003ad3300000,0x0000003ad3400000)]
  0x0000018c96360000 JavaThread "InterruptTimer" daemon [_thread_blocked, id=3996, stack(0x0000003ad3400000,0x0000003ad3500000)]
  0x0000018c9595e800 JavaThread "OJDBC-WORKER-THREAD-1" daemon [_thread_blocked, id=7428, stack(0x0000003ad3500000,0x0000003ad3600000)]
  0x0000018c963b6800 JavaThread "HikariPool-1 housekeeper" daemon [_thread_blocked, id=16212, stack(0x0000003ad3600000,0x0000003ad3700000)]
  0x0000018c941d7000 JavaThread "HikariPool-1 connection adder" daemon [_thread_blocked, id=24696, stack(0x0000003ad3700000,0x0000003ad3800000)]

Other Threads:
  0x0000018c91021800 VMThread "VM Thread" [stack: 0x0000003ad1d00000,0x0000003ad1e00000] [id=26448]
  0x0000018c91207000 WatcherThread [stack: 0x0000003ad2600000,0x0000003ad2700000] [id=17412]
  0x0000018cf6415800 GCTaskThread "GC Thread#0" [stack: 0x0000003ad1800000,0x0000003ad1900000] [id=26520]
  0x0000018c91d1b000 GCTaskThread "GC Thread#1" [stack: 0x0000003ad2c00000,0x0000003ad2d00000] [id=8788]
  0x0000018c91d26000 GCTaskThread "GC Thread#2" [stack: 0x0000003ad2d00000,0x0000003ad2e00000] [id=24624]
  0x0000018c91d48800 GCTaskThread "GC Thread#3" [stack: 0x0000003ad2e00000,0x0000003ad2f00000] [id=26188]
  0x0000018c91d49000 GCTaskThread "GC Thread#4" [stack: 0x0000003ad2f00000,0x0000003ad3000000] [id=23384]
  0x0000018c91d4a000 GCTaskThread "GC Thread#5" [stack: 0x0000003ad3000000,0x0000003ad3100000] [id=18820]
  0x0000018cf6427800 ConcurrentGCThread "G1 Main Marker" [stack: 0x0000003ad1900000,0x0000003ad1a00000] [id=15896]
  0x0000018cf6429000 ConcurrentGCThread "G1 Conc#0" [stack: 0x0000003ad1a00000,0x0000003ad1b00000] [id=23952]
  0x0000018c9278e800 ConcurrentGCThread "G1 Conc#1" [stack: 0x0000003ad3200000,0x0000003ad3300000] [id=8428]
  0x0000018cf64dd800 ConcurrentGCThread "G1 Refine#0" [stack: 0x0000003ad1b00000,0x0000003ad1c00000] [id=20900]
  0x0000018cff566800 ConcurrentGCThread "G1 Young RemSet Sampling" [stack: 0x0000003ad1c00000,0x0000003ad1d00000] [id=17724]

Threads with active compile tasks:
C2 CompilerThread0     4515 5522   !   4       org.springframework.core.annotation.AnnotationsScanner::processClassHierarchy (227 bytes)
C1 CompilerThread0     4515 5591       2       jdk.internal.reflect.Reflection::isCallerSensitive (24 bytes)
C2 CompilerThread1     4515 5528       4       org.springframework.core.annotation.TypeMappedAnnotations$MergedAnnotationFinder::doWithAnnotations (75 bytes)

VM state:not at safepoint (normal execution)

VM Mutex/Monitor currently owned by a thread: None

Heap address: 0x00000000e0000000, size: 512 MB, Compressed Oops mode: 32-bit
Narrow klass base: 0x0000000000000000, Narrow klass shift: 3
Compressed class space size: 1073741824 Address: 0x0000000100000000

Heap:
 garbage-first heap   total 262144K, used 140427K [0x00000000e0000000, 0x0000000100000000)
  region size 1024K, 132 young (135168K), 12 survivors (12288K)
 Metaspace       used 52194K, capacity 53822K, committed 53936K, reserved 1095680K
  class space    used 6221K, capacity 6863K, committed 6912K, reserved 1048576K
Heap Regions: E=young(eden), S=young(survivor), O=old, HS=humongous(starts), HC=humongous(continues), CS=collection set, F=free, A=archive, TAMS=top-at-mark-start (previous, next)
|   0|0x00000000e0000000, 0x00000000e0100000, 0x00000000e0100000|100%| O|  |TAMS 0x00000000e0100000, 0x00000000e0000000| Untracked 
|   1|0x00000000e0100000, 0x00000000e0200000, 0x00000000e0200000|100%| O|  |TAMS 0x00000000e0200000, 0x00000000e0100000| Untracked 
|   2|0x00000000e0200000, 0x00000000e0300000, 0x00000000e0300000|100%| O|  |TAMS 0x00000000e0300000, 0x00000000e0200000| Untracked 
|   3|0x00000000e0300000, 0x00000000e0400000, 0x00000000e0400000|100%| O|  |TAMS 0x00000000e0400000, 0x00000000e0300000| Untracked 
|   4|0x00000000e0400000, 0x00000000e0500000, 0x00000000e0500000|100%| O|  |TAMS 0x00000000e0500000, 0x00000000e0400000| Untracked 
|   5|0x00000000e0500000, 0x00000000e0600000, 0x00000000e0600000|100%| O|  |TAMS 0x00000000e0600000, 0x00000000e0500000| Untracked 
|   6|0x00000000e0600000, 0x00000000e0700000, 0x00000000e0700000|100%| O|  |TAMS 0x00000000e0700000, 0x00000000e0600000| Untracked 
|   7|0x00000000e0700000, 0x00000000e0785e00, 0x00000000e0800000| 52%| O|  |TAMS 0x00000000e0785e00, 0x00000000e0700000| Untracked 
|   8|0x00000000e0800000, 0x00000000e0800000, 0x00000000e0900000|  0%| F|  |TAMS 0x00000000e0800000, 0x00000000e0800000| Untracked 
|   9|0x00000000e0900000, 0x00000000e0900000, 0x00000000e0a00000|  0%| F|  |TAMS 0x00000000e0900000, 0x00000000e0900000| Untracked 
|  10|0x00000000e0a00000, 0x00000000e0a00000, 0x00000000e0b00000|  0%| F|  |TAMS 0x00000000e0a00000, 0x00000000e0a00000| Untracked 
|  11|0x00000000e0b00000, 0x00000000e0b00000, 0x00000000e0c00000|  0%| F|  |TAMS 0x00000000e0b00000, 0x00000000e0b00000| Untracked 
|  12|0x00000000e0c00000, 0x00000000e0c00000, 0x00000000e0d00000|  0%| F|  |TAMS 0x00000000e0c00000, 0x00000000e0c00000| Untracked 
|  13|0x00000000e0d00000, 0x00000000e0d00000, 0x00000000e0e00000|  0%| F|  |TAMS 0x00000000e0d00000, 0x00000000e0d00000| Untracked 
|  14|0x00000000e0e00000, 0x00000000e0e00000, 0x00000000e0f00000|  0%| F|  |TAMS 0x00000000e0e00000, 0x00000000e0e00000| Untracked 
|  15|0x00000000e0f00000, 0x00000000e0f00000, 0x00000000e1000000|  0%| F|  |TAMS 0x00000000e0f00000, 0x00000000e0f00000| Untracked 
|  16|0x00000000e1000000, 0x00000000e1000000, 0x00000000e1100000|  0%| F|  |TAMS 0x00000000e1000000, 0x00000000e1000000| Untracked 
|  17|0x00000000e1100000, 0x00000000e1100000, 0x00000000e1200000|  0%| F|  |TAMS 0x00000000e1100000, 0x00000000e1100000| Untracked 
|  18|0x00000000e1200000, 0x00000000e1200000, 0x00000000e1300000|  0%| F|  |TAMS 0x00000000e1200000, 0x00000000e1200000| Untracked 
|  19|0x00000000e1300000, 0x00000000e1300000, 0x00000000e1400000|  0%| F|  |TAMS 0x00000000e1300000, 0x00000000e1300000| Untracked 
|  20|0x00000000e1400000, 0x00000000e1400000, 0x00000000e1500000|  0%| F|  |TAMS 0x00000000e1400000, 0x00000000e1400000| Untracked 
|  21|0x00000000e1500000, 0x00000000e1500000, 0x00000000e1600000|  0%| F|  |TAMS 0x00000000e1500000, 0x00000000e1500000| Untracked 
|  22|0x00000000e1600000, 0x00000000e1600000, 0x00000000e1700000|  0%| F|  |TAMS 0x00000000e1600000, 0x00000000e1600000| Untracked 
|  23|0x00000000e1700000, 0x00000000e1700000, 0x00000000e1800000|  0%| F|  |TAMS 0x00000000e1700000, 0x00000000e1700000| Untracked 
|  24|0x00000000e1800000, 0x00000000e1800000, 0x00000000e1900000|  0%| F|  |TAMS 0x00000000e1800000, 0x00000000e1800000| Untracked 
|  25|0x00000000e1900000, 0x00000000e1900000, 0x00000000e1a00000|  0%| F|  |TAMS 0x00000000e1900000, 0x00000000e1900000| Untracked 
|  26|0x00000000e1a00000, 0x00000000e1a00000, 0x00000000e1b00000|  0%| F|  |TAMS 0x00000000e1a00000, 0x00000000e1a00000| Untracked 
|  27|0x00000000e1b00000, 0x00000000e1b00000, 0x00000000e1c00000|  0%| F|  |TAMS 0x00000000e1b00000, 0x00000000e1b00000| Untracked 
|  28|0x00000000e1c00000, 0x00000000e1c00000, 0x00000000e1d00000|  0%| F|  |TAMS 0x00000000e1c00000, 0x00000000e1c00000| Untracked 
|  29|0x00000000e1d00000, 0x00000000e1d00000, 0x00000000e1e00000|  0%| F|  |TAMS 0x00000000e1d00000, 0x00000000e1d00000| Untracked 
|  30|0x00000000e1e00000, 0x00000000e1e00000, 0x00000000e1f00000|  0%| F|  |TAMS 0x00000000e1e00000, 0x00000000e1e00000| Untracked 
|  31|0x00000000e1f00000, 0x00000000e1f00000, 0x00000000e2000000|  0%| F|  |TAMS 0x00000000e1f00000, 0x00000000e1f00000| Untracked 
|  32|0x00000000e2000000, 0x00000000e2000000, 0x00000000e2100000|  0%| F|  |TAMS 0x00000000e2000000, 0x00000000e2000000| Untracked 
|  33|0x00000000e2100000, 0x00000000e2100000, 0x00000000e2200000|  0%| F|  |TAMS 0x00000000e2100000, 0x00000000e2100000| Untracked 
|  34|0x00000000e2200000, 0x00000000e2200000, 0x00000000e2300000|  0%| F|  |TAMS 0x00000000e2200000, 0x00000000e2200000| Untracked 
|  35|0x00000000e2300000, 0x00000000e2300000, 0x00000000e2400000|  0%| F|  |TAMS 0x00000000e2300000, 0x00000000e2300000| Untracked 
|  36|0x00000000e2400000, 0x00000000e2400000, 0x00000000e2500000|  0%| F|  |TAMS 0x00000000e2400000, 0x00000000e2400000| Untracked 
|  37|0x00000000e2500000, 0x00000000e2500000, 0x00000000e2600000|  0%| F|  |TAMS 0x00000000e2500000, 0x00000000e2500000| Untracked 
|  38|0x00000000e2600000, 0x00000000e2600000, 0x00000000e2700000|  0%| F|  |TAMS 0x00000000e2600000, 0x00000000e2600000| Untracked 
|  39|0x00000000e2700000, 0x00000000e2700000, 0x00000000e2800000|  0%| F|  |TAMS 0x00000000e2700000, 0x00000000e2700000| Untracked 
|  40|0x00000000e2800000, 0x00000000e2800000, 0x00000000e2900000|  0%| F|  |TAMS 0x00000000e2800000, 0x00000000e2800000| Untracked 
|  41|0x00000000e2900000, 0x00000000e2900000, 0x00000000e2a00000|  0%| F|  |TAMS 0x00000000e2900000, 0x00000000e2900000| Untracked 
|  42|0x00000000e2a00000, 0x00000000e2a00000, 0x00000000e2b00000|  0%| F|  |TAMS 0x00000000e2a00000, 0x00000000e2a00000| Untracked 
|  43|0x00000000e2b00000, 0x00000000e2b00000, 0x00000000e2c00000|  0%| F|  |TAMS 0x00000000e2b00000, 0x00000000e2b00000| Untracked 
|  44|0x00000000e2c00000, 0x00000000e2c00000, 0x00000000e2d00000|  0%| F|  |TAMS 0x00000000e2c00000, 0x00000000e2c00000| Untracked 
|  45|0x00000000e2d00000, 0x00000000e2d00000, 0x00000000e2e00000|  0%| F|  |TAMS 0x00000000e2d00000, 0x00000000e2d00000| Untracked 
|  46|0x00000000e2e00000, 0x00000000e2e00000, 0x00000000e2f00000|  0%| F|  |TAMS 0x00000000e2e00000, 0x00000000e2e00000| Untracked 
|  47|0x00000000e2f00000, 0x00000000e2f00000, 0x00000000e3000000|  0%| F|  |TAMS 0x00000000e2f00000, 0x00000000e2f00000| Untracked 
|  48|0x00000000e3000000, 0x00000000e3000000, 0x00000000e3100000|  0%| F|  |TAMS 0x00000000e3000000, 0x00000000e3000000| Untracked 
|  49|0x00000000e3100000, 0x00000000e3100000, 0x00000000e3200000|  0%| F|  |TAMS 0x00000000e3100000, 0x00000000e3100000| Untracked 
|  50|0x00000000e3200000, 0x00000000e3200000, 0x00000000e3300000|  0%| F|  |TAMS 0x00000000e3200000, 0x00000000e3200000| Untracked 
|  51|0x00000000e3300000, 0x00000000e3300000, 0x00000000e3400000|  0%| F|  |TAMS 0x00000000e3300000, 0x00000000e3300000| Untracked 
|  52|0x00000000e3400000, 0x00000000e3400000, 0x00000000e3500000|  0%| F|  |TAMS 0x00000000e3400000, 0x00000000e3400000| Untracked 
|  53|0x00000000e3500000, 0x00000000e3500000, 0x00000000e3600000|  0%| F|  |TAMS 0x00000000e3500000, 0x00000000e3500000| Untracked 
|  54|0x00000000e3600000, 0x00000000e3600000, 0x00000000e3700000|  0%| F|  |TAMS 0x00000000e3600000, 0x00000000e3600000| Untracked 
|  55|0x00000000e3700000, 0x00000000e3700000, 0x00000000e3800000|  0%| F|  |TAMS 0x00000000e3700000, 0x00000000e3700000| Untracked 
|  56|0x00000000e3800000, 0x00000000e3800000, 0x00000000e3900000|  0%| F|  |TAMS 0x00000000e3800000, 0x00000000e3800000| Untracked 
|  57|0x00000000e3900000, 0x00000000e3900000, 0x00000000e3a00000|  0%| F|  |TAMS 0x00000000e3900000, 0x00000000e3900000| Untracked 
|  58|0x00000000e3a00000, 0x00000000e3a00000, 0x00000000e3b00000|  0%| F|  |TAMS 0x00000000e3a00000, 0x00000000e3a00000| Untracked 
|  59|0x00000000e3b00000, 0x00000000e3b00000, 0x00000000e3c00000|  0%| F|  |TAMS 0x00000000e3b00000, 0x00000000e3b00000| Untracked 
|  60|0x00000000e3c00000, 0x00000000e3c00000, 0x00000000e3d00000|  0%| F|  |TAMS 0x00000000e3c00000, 0x00000000e3c00000| Untracked 
|  61|0x00000000e3d00000, 0x00000000e3d00000, 0x00000000e3e00000|  0%| F|  |TAMS 0x00000000e3d00000, 0x00000000e3d00000| Untracked 
|  62|0x00000000e3e00000, 0x00000000e3e00000, 0x00000000e3f00000|  0%| F|  |TAMS 0x00000000e3e00000, 0x00000000e3e00000| Untracked 
|  63|0x00000000e3f00000, 0x00000000e3f00000, 0x00000000e4000000|  0%| F|  |TAMS 0x00000000e3f00000, 0x00000000e3f00000| Untracked 
|  64|0x00000000e4000000, 0x00000000e4000000, 0x00000000e4100000|  0%| F|  |TAMS 0x00000000e4000000, 0x00000000e4000000| Untracked 
|  65|0x00000000e4100000, 0x00000000e4100000, 0x00000000e4200000|  0%| F|  |TAMS 0x00000000e4100000, 0x00000000e4100000| Untracked 
|  66|0x00000000e4200000, 0x00000000e4200000, 0x00000000e4300000|  0%| F|  |TAMS 0x00000000e4200000, 0x00000000e4200000| Untracked 
|  67|0x00000000e4300000, 0x00000000e4300000, 0x00000000e4400000|  0%| F|  |TAMS 0x00000000e4300000, 0x00000000e4300000| Untracked 
|  68|0x00000000e4400000, 0x00000000e4400000, 0x00000000e4500000|  0%| F|  |TAMS 0x00000000e4400000, 0x00000000e4400000| Untracked 
|  69|0x00000000e4500000, 0x00000000e4500000, 0x00000000e4600000|  0%| F|  |TAMS 0x00000000e4500000, 0x00000000e4500000| Untracked 
|  70|0x00000000e4600000, 0x00000000e4600000, 0x00000000e4700000|  0%| F|  |TAMS 0x00000000e4600000, 0x00000000e4600000| Untracked 
|  71|0x00000000e4700000, 0x00000000e4700000, 0x00000000e4800000|  0%| F|  |TAMS 0x00000000e4700000, 0x00000000e4700000| Untracked 
|  72|0x00000000e4800000, 0x00000000e4800000, 0x00000000e4900000|  0%| F|  |TAMS 0x00000000e4800000, 0x00000000e4800000| Untracked 
|  73|0x00000000e4900000, 0x00000000e4900000, 0x00000000e4a00000|  0%| F|  |TAMS 0x00000000e4900000, 0x00000000e4900000| Untracked 
|  74|0x00000000e4a00000, 0x00000000e4a00000, 0x00000000e4b00000|  0%| F|  |TAMS 0x00000000e4a00000, 0x00000000e4a00000| Untracked 
|  75|0x00000000e4b00000, 0x00000000e4b00000, 0x00000000e4c00000|  0%| F|  |TAMS 0x00000000e4b00000, 0x00000000e4b00000| Untracked 
|  76|0x00000000e4c00000, 0x00000000e4c00000, 0x00000000e4d00000|  0%| F|  |TAMS 0x00000000e4c00000, 0x00000000e4c00000| Untracked 
|  77|0x00000000e4d00000, 0x00000000e4d00000, 0x00000000e4e00000|  0%| F|  |TAMS 0x00000000e4d00000, 0x00000000e4d00000| Untracked 
|  78|0x00000000e4e00000, 0x00000000e4e00000, 0x00000000e4f00000|  0%| F|  |TAMS 0x00000000e4e00000, 0x00000000e4e00000| Untracked 
|  79|0x00000000e4f00000, 0x00000000e4f00000, 0x00000000e5000000|  0%| F|  |TAMS 0x00000000e4f00000, 0x00000000e4f00000| Untracked 
|  80|0x00000000e5000000, 0x00000000e5000000, 0x00000000e5100000|  0%| F|  |TAMS 0x00000000e5000000, 0x00000000e5000000| Untracked 
|  81|0x00000000e5100000, 0x00000000e5100000, 0x00000000e5200000|  0%| F|  |TAMS 0x00000000e5100000, 0x00000000e5100000| Untracked 
|  82|0x00000000e5200000, 0x00000000e5200000, 0x00000000e5300000|  0%| F|  |TAMS 0x00000000e5200000, 0x00000000e5200000| Untracked 
|  83|0x00000000e5300000, 0x00000000e5300000, 0x00000000e5400000|  0%| F|  |TAMS 0x00000000e5300000, 0x00000000e5300000| Untracked 
|  84|0x00000000e5400000, 0x00000000e5400000, 0x00000000e5500000|  0%| F|  |TAMS 0x00000000e5400000, 0x00000000e5400000| Untracked 
|  85|0x00000000e5500000, 0x00000000e5500000, 0x00000000e5600000|  0%| F|  |TAMS 0x00000000e5500000, 0x00000000e5500000| Untracked 
|  86|0x00000000e5600000, 0x00000000e5600000, 0x00000000e5700000|  0%| F|  |TAMS 0x00000000e5600000, 0x00000000e5600000| Untracked 
|  87|0x00000000e5700000, 0x00000000e5700000, 0x00000000e5800000|  0%| F|  |TAMS 0x00000000e5700000, 0x00000000e5700000| Untracked 
|  88|0x00000000e5800000, 0x00000000e5800000, 0x00000000e5900000|  0%| F|  |TAMS 0x00000000e5800000, 0x00000000e5800000| Untracked 
|  89|0x00000000e5900000, 0x00000000e5900000, 0x00000000e5a00000|  0%| F|  |TAMS 0x00000000e5900000, 0x00000000e5900000| Untracked 
|  90|0x00000000e5a00000, 0x00000000e5a00000, 0x00000000e5b00000|  0%| F|  |TAMS 0x00000000e5a00000, 0x00000000e5a00000| Untracked 
|  91|0x00000000e5b00000, 0x00000000e5b00000, 0x00000000e5c00000|  0%| F|  |TAMS 0x00000000e5b00000, 0x00000000e5b00000| Untracked 
|  92|0x00000000e5c00000, 0x00000000e5c00000, 0x00000000e5d00000|  0%| F|  |TAMS 0x00000000e5c00000, 0x00000000e5c00000| Untracked 
|  93|0x00000000e5d00000, 0x00000000e5d00000, 0x00000000e5e00000|  0%| F|  |TAMS 0x00000000e5d00000, 0x00000000e5d00000| Untracked 
|  94|0x00000000e5e00000, 0x00000000e5e00000, 0x00000000e5f00000|  0%| F|  |TAMS 0x00000000e5e00000, 0x00000000e5e00000| Untracked 
|  95|0x00000000e5f00000, 0x00000000e5f00000, 0x00000000e6000000|  0%| F|  |TAMS 0x00000000e5f00000, 0x00000000e5f00000| Untracked 
|  96|0x00000000e6000000, 0x00000000e6000000, 0x00000000e6100000|  0%| F|  |TAMS 0x00000000e6000000, 0x00000000e6000000| Untracked 
|  97|0x00000000e6100000, 0x00000000e6100000, 0x00000000e6200000|  0%| F|  |TAMS 0x00000000e6100000, 0x00000000e6100000| Untracked 
|  98|0x00000000e6200000, 0x00000000e6200000, 0x00000000e6300000|  0%| F|  |TAMS 0x00000000e6200000, 0x00000000e6200000| Untracked 
|  99|0x00000000e6300000, 0x00000000e6300000, 0x00000000e6400000|  0%| F|  |TAMS 0x00000000e6300000, 0x00000000e6300000| Untracked 
| 100|0x00000000e6400000, 0x00000000e6400000, 0x00000000e6500000|  0%| F|  |TAMS 0x00000000e6400000, 0x00000000e6400000| Untracked 
| 101|0x00000000e6500000, 0x00000000e6500000, 0x00000000e6600000|  0%| F|  |TAMS 0x00000000e6500000, 0x00000000e6500000| Untracked 
| 102|0x00000000e6600000, 0x00000000e6600000, 0x00000000e6700000|  0%| F|  |TAMS 0x00000000e6600000, 0x00000000e6600000| Untracked 
| 103|0x00000000e6700000, 0x00000000e6700000, 0x00000000e6800000|  0%| F|  |TAMS 0x00000000e6700000, 0x00000000e6700000| Untracked 
| 104|0x00000000e6800000, 0x00000000e6800000, 0x00000000e6900000|  0%| F|  |TAMS 0x00000000e6800000, 0x00000000e6800000| Untracked 
| 105|0x00000000e6900000, 0x00000000e6900000, 0x00000000e6a00000|  0%| F|  |TAMS 0x00000000e6900000, 0x00000000e6900000| Untracked 
| 106|0x00000000e6a00000, 0x00000000e6a00000, 0x00000000e6b00000|  0%| F|  |TAMS 0x00000000e6a00000, 0x00000000e6a00000| Untracked 
| 107|0x00000000e6b00000, 0x00000000e6b00000, 0x00000000e6c00000|  0%| F|  |TAMS 0x00000000e6b00000, 0x00000000e6b00000| Untracked 
| 108|0x00000000e6c00000, 0x00000000e6c00000, 0x00000000e6d00000|  0%| F|  |TAMS 0x00000000e6c00000, 0x00000000e6c00000| Untracked 
| 109|0x00000000e6d00000, 0x00000000e6d00000, 0x00000000e6e00000|  0%| F|  |TAMS 0x00000000e6d00000, 0x00000000e6d00000| Untracked 
| 110|0x00000000e6e00000, 0x00000000e6e00000, 0x00000000e6f00000|  0%| F|  |TAMS 0x00000000e6e00000, 0x00000000e6e00000| Untracked 
| 111|0x00000000e6f00000, 0x00000000e6f00000, 0x00000000e7000000|  0%| F|  |TAMS 0x00000000e6f00000, 0x00000000e6f00000| Untracked 
| 112|0x00000000e7000000, 0x00000000e7000000, 0x00000000e7100000|  0%| F|  |TAMS 0x00000000e7000000, 0x00000000e7000000| Untracked 
| 113|0x00000000e7100000, 0x00000000e7100000, 0x00000000e7200000|  0%| F|  |TAMS 0x00000000e7100000, 0x00000000e7100000| Untracked 
| 114|0x00000000e7200000, 0x00000000e7200000, 0x00000000e7300000|  0%| F|  |TAMS 0x00000000e7200000, 0x00000000e7200000| Untracked 
| 115|0x00000000e7300000, 0x00000000e7300000, 0x00000000e7400000|  0%| F|  |TAMS 0x00000000e7300000, 0x00000000e7300000| Untracked 
| 116|0x00000000e7400000, 0x00000000e7400000, 0x00000000e7500000|  0%| F|  |TAMS 0x00000000e7400000, 0x00000000e7400000| Untracked 
| 117|0x00000000e7500000, 0x00000000e7500000, 0x00000000e7600000|  0%| F|  |TAMS 0x00000000e7500000, 0x00000000e7500000| Untracked 
| 118|0x00000000e7600000, 0x00000000e7600000, 0x00000000e7700000|  0%| F|  |TAMS 0x00000000e7600000, 0x00000000e7600000| Untracked 
| 119|0x00000000e7700000, 0x00000000e7700000, 0x00000000e7800000|  0%| F|  |TAMS 0x00000000e7700000, 0x00000000e7700000| Untracked 
| 120|0x00000000e7800000, 0x00000000e7800000, 0x00000000e7900000|  0%| F|  |TAMS 0x00000000e7800000, 0x00000000e7800000| Untracked 
| 121|0x00000000e7900000, 0x00000000e7900000, 0x00000000e7a00000|  0%| F|  |TAMS 0x00000000e7900000, 0x00000000e7900000| Untracked 
| 122|0x00000000e7a00000, 0x00000000e7a00000, 0x00000000e7b00000|  0%| F|  |TAMS 0x00000000e7a00000, 0x00000000e7a00000| Untracked 
| 123|0x00000000e7b00000, 0x00000000e7b00000, 0x00000000e7c00000|  0%| F|  |TAMS 0x00000000e7b00000, 0x00000000e7b00000| Untracked 
| 124|0x00000000e7c00000, 0x00000000e7c9d188, 0x00000000e7d00000| 61%| S|CS|TAMS 0x00000000e7c00000, 0x00000000e7c00000| Complete 
| 125|0x00000000e7d00000, 0x00000000e7e00000, 0x00000000e7e00000|100%| S|CS|TAMS 0x00000000e7d00000, 0x00000000e7d00000| Complete 
| 126|0x00000000e7e00000, 0x00000000e7f00000, 0x00000000e7f00000|100%| S|CS|TAMS 0x00000000e7e00000, 0x00000000e7e00000| Complete 
| 127|0x00000000e7f00000, 0x00000000e8000000, 0x00000000e8000000|100%| S|CS|TAMS 0x00000000e7f00000, 0x00000000e7f00000| Complete 
| 128|0x00000000e8000000, 0x00000000e8100000, 0x00000000e8100000|100%| S|CS|TAMS 0x00000000e8000000, 0x00000000e8000000| Complete 
| 129|0x00000000e8100000, 0x00000000e8200000, 0x00000000e8200000|100%| S|CS|TAMS 0x00000000e8100000, 0x00000000e8100000| Complete 
| 130|0x00000000e8200000, 0x00000000e8300000, 0x00000000e8300000|100%| S|CS|TAMS 0x00000000e8200000, 0x00000000e8200000| Complete 
| 131|0x00000000e8300000, 0x00000000e8400000, 0x00000000e8400000|100%| S|CS|TAMS 0x00000000e8300000, 0x00000000e8300000| Complete 
| 132|0x00000000e8400000, 0x00000000e8500000, 0x00000000e8500000|100%| S|CS|TAMS 0x00000000e8400000, 0x00000000e8400000| Complete 
| 133|0x00000000e8500000, 0x00000000e8600000, 0x00000000e8600000|100%| S|CS|TAMS 0x00000000e8500000, 0x00000000e8500000| Complete 
| 134|0x00000000e8600000, 0x00000000e8700000, 0x00000000e8700000|100%| S|CS|TAMS 0x00000000e8600000, 0x00000000e8600000| Complete 
| 135|0x00000000e8700000, 0x00000000e8800000, 0x00000000e8800000|100%| S|CS|TAMS 0x00000000e8700000, 0x00000000e8700000| Complete 
| 136|0x00000000e8800000, 0x00000000e8900000, 0x00000000e8900000|100%| E|  |TAMS 0x00000000e8800000, 0x00000000e8800000| Complete 
| 137|0x00000000e8900000, 0x00000000e8a00000, 0x00000000e8a00000|100%| E|CS|TAMS 0x00000000e8900000, 0x00000000e8900000| Complete 
| 138|0x00000000e8a00000, 0x00000000e8b00000, 0x00000000e8b00000|100%| E|CS|TAMS 0x00000000e8a00000, 0x00000000e8a00000| Complete 
| 139|0x00000000e8b00000, 0x00000000e8c00000, 0x00000000e8c00000|100%| E|CS|TAMS 0x00000000e8b00000, 0x00000000e8b00000| Complete 
| 140|0x00000000e8c00000, 0x00000000e8d00000, 0x00000000e8d00000|100%| E|CS|TAMS 0x00000000e8c00000, 0x00000000e8c00000| Complete 
| 141|0x00000000e8d00000, 0x00000000e8e00000, 0x00000000e8e00000|100%| E|CS|TAMS 0x00000000e8d00000, 0x00000000e8d00000| Complete 
| 142|0x00000000e8e00000, 0x00000000e8f00000, 0x00000000e8f00000|100%| E|CS|TAMS 0x00000000e8e00000, 0x00000000e8e00000| Complete 
| 143|0x00000000e8f00000, 0x00000000e9000000, 0x00000000e9000000|100%| E|CS|TAMS 0x00000000e8f00000, 0x00000000e8f00000| Complete 
| 144|0x00000000e9000000, 0x00000000e9100000, 0x00000000e9100000|100%| E|CS|TAMS 0x00000000e9000000, 0x00000000e9000000| Complete 
| 145|0x00000000e9100000, 0x00000000e9200000, 0x00000000e9200000|100%| E|CS|TAMS 0x00000000e9100000, 0x00000000e9100000| Complete 
| 146|0x00000000e9200000, 0x00000000e9300000, 0x00000000e9300000|100%| E|CS|TAMS 0x00000000e9200000, 0x00000000e9200000| Complete 
| 147|0x00000000e9300000, 0x00000000e9400000, 0x00000000e9400000|100%| E|CS|TAMS 0x00000000e9300000, 0x00000000e9300000| Complete 
| 148|0x00000000e9400000, 0x00000000e9500000, 0x00000000e9500000|100%| E|CS|TAMS 0x00000000e9400000, 0x00000000e9400000| Complete 
| 149|0x00000000e9500000, 0x00000000e9600000, 0x00000000e9600000|100%| E|CS|TAMS 0x00000000e9500000, 0x00000000e9500000| Complete 
| 150|0x00000000e9600000, 0x00000000e9700000, 0x00000000e9700000|100%| E|CS|TAMS 0x00000000e9600000, 0x00000000e9600000| Complete 
| 151|0x00000000e9700000, 0x00000000e9800000, 0x00000000e9800000|100%| E|CS|TAMS 0x00000000e9700000, 0x00000000e9700000| Complete 
| 152|0x00000000e9800000, 0x00000000e9900000, 0x00000000e9900000|100%| E|CS|TAMS 0x00000000e9800000, 0x00000000e9800000| Complete 
| 153|0x00000000e9900000, 0x00000000e9a00000, 0x00000000e9a00000|100%| E|CS|TAMS 0x00000000e9900000, 0x00000000e9900000| Complete 
| 154|0x00000000e9a00000, 0x00000000e9b00000, 0x00000000e9b00000|100%| E|CS|TAMS 0x00000000e9a00000, 0x00000000e9a00000| Complete 
| 155|0x00000000e9b00000, 0x00000000e9c00000, 0x00000000e9c00000|100%| E|CS|TAMS 0x00000000e9b00000, 0x00000000e9b00000| Complete 
| 156|0x00000000e9c00000, 0x00000000e9d00000, 0x00000000e9d00000|100%| E|CS|TAMS 0x00000000e9c00000, 0x00000000e9c00000| Complete 
| 157|0x00000000e9d00000, 0x00000000e9e00000, 0x00000000e9e00000|100%| E|CS|TAMS 0x00000000e9d00000, 0x00000000e9d00000| Complete 
| 158|0x00000000e9e00000, 0x00000000e9f00000, 0x00000000e9f00000|100%| E|CS|TAMS 0x00000000e9e00000, 0x00000000e9e00000| Complete 
| 159|0x00000000e9f00000, 0x00000000ea000000, 0x00000000ea000000|100%| E|CS|TAMS 0x00000000e9f00000, 0x00000000e9f00000| Complete 
| 160|0x00000000ea000000, 0x00000000ea100000, 0x00000000ea100000|100%| E|CS|TAMS 0x00000000ea000000, 0x00000000ea000000| Complete 
| 161|0x00000000ea100000, 0x00000000ea200000, 0x00000000ea200000|100%| E|CS|TAMS 0x00000000ea100000, 0x00000000ea100000| Complete 
| 162|0x00000000ea200000, 0x00000000ea300000, 0x00000000ea300000|100%| E|CS|TAMS 0x00000000ea200000, 0x00000000ea200000| Complete 
| 163|0x00000000ea300000, 0x00000000ea400000, 0x00000000ea400000|100%| E|CS|TAMS 0x00000000ea300000, 0x00000000ea300000| Complete 
| 164|0x00000000ea400000, 0x00000000ea500000, 0x00000000ea500000|100%| E|CS|TAMS 0x00000000ea400000, 0x00000000ea400000| Complete 
| 165|0x00000000ea500000, 0x00000000ea600000, 0x00000000ea600000|100%| E|CS|TAMS 0x00000000ea500000, 0x00000000ea500000| Complete 
| 166|0x00000000ea600000, 0x00000000ea700000, 0x00000000ea700000|100%| E|CS|TAMS 0x00000000ea600000, 0x00000000ea600000| Complete 
| 167|0x00000000ea700000, 0x00000000ea800000, 0x00000000ea800000|100%| E|CS|TAMS 0x00000000ea700000, 0x00000000ea700000| Complete 
| 168|0x00000000ea800000, 0x00000000ea900000, 0x00000000ea900000|100%| E|CS|TAMS 0x00000000ea800000, 0x00000000ea800000| Complete 
| 169|0x00000000ea900000, 0x00000000eaa00000, 0x00000000eaa00000|100%| E|CS|TAMS 0x00000000ea900000, 0x00000000ea900000| Complete 
| 170|0x00000000eaa00000, 0x00000000eab00000, 0x00000000eab00000|100%| E|CS|TAMS 0x00000000eaa00000, 0x00000000eaa00000| Complete 
| 171|0x00000000eab00000, 0x00000000eac00000, 0x00000000eac00000|100%| E|CS|TAMS 0x00000000eab00000, 0x00000000eab00000| Complete 
| 172|0x00000000eac00000, 0x00000000ead00000, 0x00000000ead00000|100%| E|CS|TAMS 0x00000000eac00000, 0x00000000eac00000| Complete 
| 173|0x00000000ead00000, 0x00000000eae00000, 0x00000000eae00000|100%| E|CS|TAMS 0x00000000ead00000, 0x00000000ead00000| Complete 
| 174|0x00000000eae00000, 0x00000000eaf00000, 0x00000000eaf00000|100%| E|CS|TAMS 0x00000000eae00000, 0x00000000eae00000| Complete 
| 175|0x00000000eaf00000, 0x00000000eb000000, 0x00000000eb000000|100%| E|CS|TAMS 0x00000000eaf00000, 0x00000000eaf00000| Complete 
| 176|0x00000000eb000000, 0x00000000eb100000, 0x00000000eb100000|100%| E|CS|TAMS 0x00000000eb000000, 0x00000000eb000000| Complete 
| 177|0x00000000eb100000, 0x00000000eb200000, 0x00000000eb200000|100%| E|CS|TAMS 0x00000000eb100000, 0x00000000eb100000| Complete 
| 178|0x00000000eb200000, 0x00000000eb300000, 0x00000000eb300000|100%| E|CS|TAMS 0x00000000eb200000, 0x00000000eb200000| Complete 
| 179|0x00000000eb300000, 0x00000000eb400000, 0x00000000eb400000|100%| E|CS|TAMS 0x00000000eb300000, 0x00000000eb300000| Complete 
| 180|0x00000000eb400000, 0x00000000eb500000, 0x00000000eb500000|100%| E|CS|TAMS 0x00000000eb400000, 0x00000000eb400000| Complete 
| 181|0x00000000eb500000, 0x00000000eb600000, 0x00000000eb600000|100%| E|CS|TAMS 0x00000000eb500000, 0x00000000eb500000| Complete 
| 182|0x00000000eb600000, 0x00000000eb700000, 0x00000000eb700000|100%| E|CS|TAMS 0x00000000eb600000, 0x00000000eb600000| Complete 
| 183|0x00000000eb700000, 0x00000000eb800000, 0x00000000eb800000|100%| E|CS|TAMS 0x00000000eb700000, 0x00000000eb700000| Complete 
| 184|0x00000000eb800000, 0x00000000eb900000, 0x00000000eb900000|100%| E|CS|TAMS 0x00000000eb800000, 0x00000000eb800000| Complete 
| 185|0x00000000eb900000, 0x00000000eba00000, 0x00000000eba00000|100%| E|CS|TAMS 0x00000000eb900000, 0x00000000eb900000| Complete 
| 186|0x00000000eba00000, 0x00000000ebb00000, 0x00000000ebb00000|100%| E|CS|TAMS 0x00000000eba00000, 0x00000000eba00000| Complete 
| 187|0x00000000ebb00000, 0x00000000ebc00000, 0x00000000ebc00000|100%| E|CS|TAMS 0x00000000ebb00000, 0x00000000ebb00000| Complete 
| 188|0x00000000ebc00000, 0x00000000ebd00000, 0x00000000ebd00000|100%| E|CS|TAMS 0x00000000ebc00000, 0x00000000ebc00000| Complete 
| 189|0x00000000ebd00000, 0x00000000ebe00000, 0x00000000ebe00000|100%| E|CS|TAMS 0x00000000ebd00000, 0x00000000ebd00000| Complete 
| 190|0x00000000ebe00000, 0x00000000ebf00000, 0x00000000ebf00000|100%| E|CS|TAMS 0x00000000ebe00000, 0x00000000ebe00000| Complete 
| 191|0x00000000ebf00000, 0x00000000ec000000, 0x00000000ec000000|100%| E|CS|TAMS 0x00000000ebf00000, 0x00000000ebf00000| Complete 
| 192|0x00000000ec000000, 0x00000000ec100000, 0x00000000ec100000|100%| E|CS|TAMS 0x00000000ec000000, 0x00000000ec000000| Complete 
| 193|0x00000000ec100000, 0x00000000ec200000, 0x00000000ec200000|100%| E|CS|TAMS 0x00000000ec100000, 0x00000000ec100000| Complete 
| 194|0x00000000ec200000, 0x00000000ec300000, 0x00000000ec300000|100%| E|CS|TAMS 0x00000000ec200000, 0x00000000ec200000| Complete 
| 195|0x00000000ec300000, 0x00000000ec400000, 0x00000000ec400000|100%| E|CS|TAMS 0x00000000ec300000, 0x00000000ec300000| Complete 
| 196|0x00000000ec400000, 0x00000000ec500000, 0x00000000ec500000|100%| E|CS|TAMS 0x00000000ec400000, 0x00000000ec400000| Complete 
| 197|0x00000000ec500000, 0x00000000ec600000, 0x00000000ec600000|100%| E|CS|TAMS 0x00000000ec500000, 0x00000000ec500000| Complete 
| 198|0x00000000ec600000, 0x00000000ec700000, 0x00000000ec700000|100%| E|CS|TAMS 0x00000000ec600000, 0x00000000ec600000| Complete 
| 199|0x00000000ec700000, 0x00000000ec800000, 0x00000000ec800000|100%| E|CS|TAMS 0x00000000ec700000, 0x00000000ec700000| Complete 
| 200|0x00000000ec800000, 0x00000000ec900000, 0x00000000ec900000|100%| E|CS|TAMS 0x00000000ec800000, 0x00000000ec800000| Complete 
| 201|0x00000000ec900000, 0x00000000eca00000, 0x00000000eca00000|100%| E|CS|TAMS 0x00000000ec900000, 0x00000000ec900000| Complete 
| 202|0x00000000eca00000, 0x00000000ecb00000, 0x00000000ecb00000|100%| E|CS|TAMS 0x00000000eca00000, 0x00000000eca00000| Complete 
| 203|0x00000000ecb00000, 0x00000000ecc00000, 0x00000000ecc00000|100%| E|CS|TAMS 0x00000000ecb00000, 0x00000000ecb00000| Complete 
| 204|0x00000000ecc00000, 0x00000000ecd00000, 0x00000000ecd00000|100%| E|CS|TAMS 0x00000000ecc00000, 0x00000000ecc00000| Complete 
| 205|0x00000000ecd00000, 0x00000000ece00000, 0x00000000ece00000|100%| E|CS|TAMS 0x00000000ecd00000, 0x00000000ecd00000| Complete 
| 206|0x00000000ece00000, 0x00000000ecf00000, 0x00000000ecf00000|100%| E|CS|TAMS 0x00000000ece00000, 0x00000000ece00000| Complete 
| 207|0x00000000ecf00000, 0x00000000ed000000, 0x00000000ed000000|100%| E|CS|TAMS 0x00000000ecf00000, 0x00000000ecf00000| Complete 
| 208|0x00000000ed000000, 0x00000000ed100000, 0x00000000ed100000|100%| E|CS|TAMS 0x00000000ed000000, 0x00000000ed000000| Complete 
| 209|0x00000000ed100000, 0x00000000ed200000, 0x00000000ed200000|100%| E|CS|TAMS 0x00000000ed100000, 0x00000000ed100000| Complete 
| 210|0x00000000ed200000, 0x00000000ed300000, 0x00000000ed300000|100%| E|CS|TAMS 0x00000000ed200000, 0x00000000ed200000| Complete 
| 211|0x00000000ed300000, 0x00000000ed400000, 0x00000000ed400000|100%| E|CS|TAMS 0x00000000ed300000, 0x00000000ed300000| Complete 
| 212|0x00000000ed400000, 0x00000000ed500000, 0x00000000ed500000|100%| E|CS|TAMS 0x00000000ed400000, 0x00000000ed400000| Complete 
| 213|0x00000000ed500000, 0x00000000ed600000, 0x00000000ed600000|100%| E|CS|TAMS 0x00000000ed500000, 0x00000000ed500000| Complete 
| 214|0x00000000ed600000, 0x00000000ed700000, 0x00000000ed700000|100%| E|CS|TAMS 0x00000000ed600000, 0x00000000ed600000| Complete 
| 215|0x00000000ed700000, 0x00000000ed800000, 0x00000000ed800000|100%| E|CS|TAMS 0x00000000ed700000, 0x00000000ed700000| Complete 
| 216|0x00000000ed800000, 0x00000000ed900000, 0x00000000ed900000|100%| E|CS|TAMS 0x00000000ed800000, 0x00000000ed800000| Complete 
| 217|0x00000000ed900000, 0x00000000eda00000, 0x00000000eda00000|100%| E|CS|TAMS 0x00000000ed900000, 0x00000000ed900000| Complete 
| 218|0x00000000eda00000, 0x00000000edb00000, 0x00000000edb00000|100%| E|CS|TAMS 0x00000000eda00000, 0x00000000eda00000| Complete 
| 219|0x00000000edb00000, 0x00000000edc00000, 0x00000000edc00000|100%| E|CS|TAMS 0x00000000edb00000, 0x00000000edb00000| Complete 
| 220|0x00000000edc00000, 0x00000000edd00000, 0x00000000edd00000|100%| E|CS|TAMS 0x00000000edc00000, 0x00000000edc00000| Complete 
| 221|0x00000000edd00000, 0x00000000ede00000, 0x00000000ede00000|100%| E|CS|TAMS 0x00000000edd00000, 0x00000000edd00000| Complete 
| 222|0x00000000ede00000, 0x00000000edf00000, 0x00000000edf00000|100%| E|CS|TAMS 0x00000000ede00000, 0x00000000ede00000| Complete 
| 223|0x00000000edf00000, 0x00000000ee000000, 0x00000000ee000000|100%| E|CS|TAMS 0x00000000edf00000, 0x00000000edf00000| Complete 
| 224|0x00000000ee000000, 0x00000000ee100000, 0x00000000ee100000|100%| E|CS|TAMS 0x00000000ee000000, 0x00000000ee000000| Complete 
| 225|0x00000000ee100000, 0x00000000ee200000, 0x00000000ee200000|100%| E|CS|TAMS 0x00000000ee100000, 0x00000000ee100000| Complete 
| 226|0x00000000ee200000, 0x00000000ee300000, 0x00000000ee300000|100%| E|CS|TAMS 0x00000000ee200000, 0x00000000ee200000| Complete 
| 227|0x00000000ee300000, 0x00000000ee400000, 0x00000000ee400000|100%| E|CS|TAMS 0x00000000ee300000, 0x00000000ee300000| Complete 
| 228|0x00000000ee400000, 0x00000000ee500000, 0x00000000ee500000|100%| E|CS|TAMS 0x00000000ee400000, 0x00000000ee400000| Complete 
| 229|0x00000000ee500000, 0x00000000ee600000, 0x00000000ee600000|100%| E|CS|TAMS 0x00000000ee500000, 0x00000000ee500000| Complete 
| 230|0x00000000ee600000, 0x00000000ee700000, 0x00000000ee700000|100%| E|CS|TAMS 0x00000000ee600000, 0x00000000ee600000| Complete 
| 231|0x00000000ee700000, 0x00000000ee800000, 0x00000000ee800000|100%| E|CS|TAMS 0x00000000ee700000, 0x00000000ee700000| Complete 
| 232|0x00000000ee800000, 0x00000000ee900000, 0x00000000ee900000|100%| E|CS|TAMS 0x00000000ee800000, 0x00000000ee800000| Complete 
| 233|0x00000000ee900000, 0x00000000eea00000, 0x00000000eea00000|100%| E|CS|TAMS 0x00000000ee900000, 0x00000000ee900000| Complete 
| 234|0x00000000eea00000, 0x00000000eeb00000, 0x00000000eeb00000|100%| E|CS|TAMS 0x00000000eea00000, 0x00000000eea00000| Complete 
| 235|0x00000000eeb00000, 0x00000000eec00000, 0x00000000eec00000|100%| E|CS|TAMS 0x00000000eeb00000, 0x00000000eeb00000| Complete 
| 236|0x00000000eec00000, 0x00000000eed00000, 0x00000000eed00000|100%| E|CS|TAMS 0x00000000eec00000, 0x00000000eec00000| Complete 
| 237|0x00000000eed00000, 0x00000000eee00000, 0x00000000eee00000|100%| E|CS|TAMS 0x00000000eed00000, 0x00000000eed00000| Complete 
| 238|0x00000000eee00000, 0x00000000eef00000, 0x00000000eef00000|100%| E|  |TAMS 0x00000000eee00000, 0x00000000eee00000| Complete 
| 239|0x00000000eef00000, 0x00000000ef000000, 0x00000000ef000000|100%| E|CS|TAMS 0x00000000eef00000, 0x00000000eef00000| Complete 
| 240|0x00000000ef000000, 0x00000000ef100000, 0x00000000ef100000|100%| E|CS|TAMS 0x00000000ef000000, 0x00000000ef000000| Complete 
| 241|0x00000000ef100000, 0x00000000ef200000, 0x00000000ef200000|100%| E|CS|TAMS 0x00000000ef100000, 0x00000000ef100000| Complete 
| 242|0x00000000ef200000, 0x00000000ef300000, 0x00000000ef300000|100%| E|CS|TAMS 0x00000000ef200000, 0x00000000ef200000| Complete 
| 243|0x00000000ef300000, 0x00000000ef400000, 0x00000000ef400000|100%| E|CS|TAMS 0x00000000ef300000, 0x00000000ef300000| Complete 
| 244|0x00000000ef400000, 0x00000000ef500000, 0x00000000ef500000|100%| E|CS|TAMS 0x00000000ef400000, 0x00000000ef400000| Complete 
| 245|0x00000000ef500000, 0x00000000ef600000, 0x00000000ef600000|100%| E|CS|TAMS 0x00000000ef500000, 0x00000000ef500000| Complete 
| 246|0x00000000ef600000, 0x00000000ef700000, 0x00000000ef700000|100%| E|CS|TAMS 0x00000000ef600000, 0x00000000ef600000| Complete 
| 247|0x00000000ef700000, 0x00000000ef800000, 0x00000000ef800000|100%| E|CS|TAMS 0x00000000ef700000, 0x00000000ef700000| Complete 
| 248|0x00000000ef800000, 0x00000000ef900000, 0x00000000ef900000|100%| E|CS|TAMS 0x00000000ef800000, 0x00000000ef800000| Complete 
| 249|0x00000000ef900000, 0x00000000efa00000, 0x00000000efa00000|100%| E|CS|TAMS 0x00000000ef900000, 0x00000000ef900000| Complete 
| 250|0x00000000efa00000, 0x00000000efb00000, 0x00000000efb00000|100%| E|CS|TAMS 0x00000000efa00000, 0x00000000efa00000| Complete 
| 251|0x00000000efb00000, 0x00000000efc00000, 0x00000000efc00000|100%| E|CS|TAMS 0x00000000efb00000, 0x00000000efb00000| Complete 
| 252|0x00000000efc00000, 0x00000000efd00000, 0x00000000efd00000|100%| E|CS|TAMS 0x00000000efc00000, 0x00000000efc00000| Complete 
| 253|0x00000000efd00000, 0x00000000efe00000, 0x00000000efe00000|100%| E|CS|TAMS 0x00000000efd00000, 0x00000000efd00000| Complete 
| 254|0x00000000efe00000, 0x00000000eff00000, 0x00000000eff00000|100%| E|CS|TAMS 0x00000000efe00000, 0x00000000efe00000| Complete 
| 255|0x00000000eff00000, 0x00000000f0000000, 0x00000000f0000000|100%| E|CS|TAMS 0x00000000eff00000, 0x00000000eff00000| Complete 

Card table byte_map: [0x0000018cfdcc0000,0x0000018cfddc0000] _byte_map_base: 0x0000018cfd5c0000

Marking Bits (Prev, Next): (CMBitMap*) 0x0000018cf64239e8, (CMBitMap*) 0x0000018cf6423a20
 Prev Bits: [0x0000018cfdec0000, 0x0000018cfe6c0000)
 Next Bits: [0x0000018cfe6c0000, 0x0000018cfeec0000)

Polling page: 0x0000018cf4420000

Metaspace:

Usage:
  Non-class:     45.97 MB capacity,    44.97 MB ( 98%) used,   827.60 KB (  2%) free+waste,   195.69 KB ( <1%) overhead. 
      Class:      6.72 MB capacity,     6.09 MB ( 91%) used,   553.13 KB (  8%) free+waste,    97.19 KB (  1%) overhead. 
       Both:     52.69 MB capacity,    51.05 MB ( 97%) used,     1.35 MB (  3%) free+waste,   292.88 KB ( <1%) overhead. 

Virtual space:
  Non-class space:       48.00 MB reserved,      46.17 MB ( 96%) committed 
      Class space:        1.00 GB reserved,       6.75 MB ( <1%) committed 
             Both:        1.05 GB reserved,      52.92 MB (  5%) committed 

Chunk freelists:
   Non-Class:  2.38 KB
       Class:  0 bytes
        Both:  2.38 KB

CodeHeap 'non-profiled nmethods': size=120064Kb used=2858Kb max_used=2858Kb free=117205Kb
 bounds [0x0000018c87ac0000, 0x0000018c87d90000, 0x0000018c8f000000]
CodeHeap 'profiled nmethods': size=120000Kb used=13312Kb max_used=13312Kb free=106688Kb
 bounds [0x0000018c80590000, 0x0000018c81290000, 0x0000018c87ac0000]
CodeHeap 'non-nmethods': size=5696Kb used=1213Kb max_used=1271Kb free=4482Kb
 bounds [0x0000018c80000000, 0x0000018c80270000, 0x0000018c80590000]
 total_blobs=6213 nmethods=5629 adapters=495
 compilation: enabled
              stopped_count=0, restarted_count=0
 full_count=0

Compilation events (10 events):
Event: 4.493 Thread 0x0000018cff718000 5583       2       java.lang.Class::getEnclosingMethodInfo (20 bytes)
Event: 4.493 Thread 0x0000018cff718000 nmethod 5583 0x0000018c8127af90 code [0x0000018c8127b140, 0x0000018c8127b318]
Event: 4.493 Thread 0x0000018cff718000 5584       2       java.lang.Class::getEnclosingClass (69 bytes)
Event: 4.493 Thread 0x0000018cff718000 nmethod 5584 0x0000018c8127b410 code [0x0000018c8127b620, 0x0000018c8127b9e8]
Event: 4.494 Thread 0x0000018cff718000 5586       2       org.springframework.core.MethodParameter::getContainingClass (18 bytes)
Event: 4.494 Thread 0x0000018cff718000 nmethod 5586 0x0000018c8127bc90 code [0x0000018c8127be20, 0x0000018c8127bf48]
Event: 4.494 Thread 0x0000018cff718000 5587       2       org.springframework.core.MethodParameter::<init> (35 bytes)
Event: 4.495 Thread 0x0000018cff718000 nmethod 5587 0x0000018c8127c010 code [0x0000018c8127c200, 0x0000018c8127c658]
Event: 4.495 Thread 0x0000018cff718000 5588       2       org.springframework.beans.GenericTypeAwarePropertyDescriptor::<init> (323 bytes)
Event: 4.496 Thread 0x0000018cff718000 nmethod 5588 0x0000018c8127c890 code [0x0000018c8127cc00, 0x0000018c8127def8]

GC Heap History (10 events):
Event: 1.193 GC heap before
{Heap before GC invocations=2 (full 0):
 garbage-first heap   total 262144K, used 45272K [0x00000000e0000000, 0x0000000100000000)
  region size 1024K, 38 young (38912K), 1 survivors (1024K)
 Metaspace       used 20421K, capacity 21148K, committed 21296K, reserved 1069056K
  class space    used 2328K, capacity 2600K, committed 2688K, reserved 1048576K
}
Event: 1.196 GC heap after
{Heap after GC invocations=3 (full 0):
 garbage-first heap   total 262144K, used 9576K [0x00000000e0000000, 0x0000000100000000)
  region size 1024K, 2 young (2048K), 2 survivors (2048K)
 Metaspace       used 20421K, capacity 21148K, committed 21296K, reserved 1069056K
  class space    used 2328K, capacity 2600K, committed 2688K, reserved 1048576K
}
Event: 1.707 GC heap before
{Heap before GC invocations=4 (full 0):
 garbage-first heap   total 262144K, used 65896K [0x00000000e0000000, 0x0000000100000000)
  region size 1024K, 57 young (58368K), 2 survivors (2048K)
 Metaspace       used 28338K, capacity 29336K, committed 29616K, reserved 1075200K
  class space    used 3394K, capacity 3796K, committed 3840K, reserved 1048576K
}
Event: 1.710 GC heap after
{Heap after GC invocations=5 (full 0):
 garbage-first heap   total 262144K, used 11448K [0x00000000e0000000, 0x0000000100000000)
  region size 1024K, 4 young (4096K), 4 survivors (4096K)
 Metaspace       used 28338K, capacity 29336K, committed 29616K, reserved 1075200K
  class space    used 3394K, capacity 3796K, committed 3840K, reserved 1048576K
}
Event: 2.639 GC heap before
{Heap before GC invocations=5 (full 0):
 garbage-first heap   total 262144K, used 95416K [0x00000000e0000000, 0x0000000100000000)
  region size 1024K, 87 young (89088K), 4 survivors (4096K)
 Metaspace       used 34678K, capacity 35836K, committed 35888K, reserved 1081344K
  class space    used 4219K, capacity 4701K, committed 4736K, reserved 1048576K
}
Event: 2.643 GC heap after
{Heap after GC invocations=6 (full 0):
 garbage-first heap   total 262144K, used 14540K [0x00000000e0000000, 0x0000000100000000)
  region size 1024K, 7 young (7168K), 7 survivors (7168K)
 Metaspace       used 34678K, capacity 35836K, committed 35888K, reserved 1081344K
  class space    used 4219K, capacity 4701K, committed 4736K, reserved 1048576K
}
Event: 2.644 GC heap before
{Heap before GC invocations=6 (full 0):
 garbage-first heap   total 262144K, used 14540K [0x00000000e0000000, 0x0000000100000000)
  region size 1024K, 8 young (8192K), 7 survivors (7168K)
 Metaspace       used 34705K, capacity 35836K, committed 35888K, reserved 1081344K
  class space    used 4220K, capacity 4701K, committed 4736K, reserved 1048576K
}
Event: 2.649 GC heap after
{Heap after GC invocations=7 (full 0):
 garbage-first heap   total 262144K, used 14805K [0x00000000e0000000, 0x0000000100000000)
  region size 1024K, 7 young (7168K), 7 survivors (7168K)
 Metaspace       used 34705K, capacity 35836K, committed 35888K, reserved 1081344K
  class space    used 4220K, capacity 4701K, committed 4736K, reserved 1048576K
}
Event: 3.577 GC heap before
{Heap before GC invocations=8 (full 0):
 garbage-first heap   total 262144K, used 130517K [0x00000000e0000000, 0x0000000100000000)
  region size 1024K, 120 young (122880K), 7 survivors (7168K)
 Metaspace       used 47636K, capacity 49047K, committed 49200K, reserved 1091584K
  class space    used 5706K, capacity 6262K, committed 6272K, reserved 1048576K
}
Event: 3.585 GC heap after
{Heap after GC invocations=9 (full 0):
 garbage-first heap   total 262144K, used 19595K [0x00000000e0000000, 0x0000000100000000)
  region size 1024K, 12 young (12288K), 12 survivors (12288K)
 Metaspace       used 47636K, capacity 49047K, committed 49200K, reserved 1091584K
  class space    used 5706K, capacity 6262K, committed 6272K, reserved 1048576K
}

Deoptimization events (10 events):
Event: 3.782 Thread 0x0000018cf6401800 Uncommon trap: reason=class_check action=maybe_recompile pc=0x0000018c87cb84b0 method=org.springframework.beans.factory.support.AbstractBeanFactory.isTypeMatch(Ljava/lang/String;Lorg/springframework/core/ResolvableType;Z)Z @ 53 c2
Event: 3.790 Thread 0x0000018cf6401800 Uncommon trap: reason=class_check action=maybe_recompile pc=0x0000018c87cb84b0 method=org.springframework.beans.factory.support.AbstractBeanFactory.isTypeMatch(Ljava/lang/String;Lorg/springframework/core/ResolvableType;Z)Z @ 53 c2
Event: 3.951 Thread 0x0000018cf6401800 Uncommon trap: reason=unstable_if action=reinterpret pc=0x0000018c87cff030 method=java.util.concurrent.ConcurrentHashMap.putVal(Ljava/lang/Object;Ljava/lang/Object;Z)Ljava/lang/Object; @ 401 c2
Event: 4.004 Thread 0x0000018cf6401800 Uncommon trap: reason=unstable_if action=reinterpret pc=0x0000018c87d14e04 method=org.springframework.aop.framework.autoproxy.AbstractAutoProxyCreator.predictBeanType(Ljava/lang/Class;Ljava/lang/String;)Ljava/lang/Class; @ 9 c2
Event: 4.048 Thread 0x0000018cf6401800 Uncommon trap: reason=profile_predicate action=maybe_recompile pc=0x0000018c87bd0af4 method=java.lang.StringUTF16.putCharsSB([BILjava/lang/CharSequence;II)V @ 18 c2
Event: 4.135 Thread 0x0000018cf6401800 Uncommon trap: reason=unstable_if action=reinterpret pc=0x0000018c87ceab38 method=java.lang.PublicMethods$MethodList.filter([Ljava/lang/reflect/Method;Ljava/lang/String;[Ljava/lang/Class;Z)Ljava/lang/PublicMethods$MethodList; @ 58 c2
Event: 4.159 Thread 0x0000018cf6401800 Uncommon trap: reason=unstable_if action=reinterpret pc=0x0000018c87b617dc method=java.util.concurrent.ConcurrentHashMap.transfer([Ljava/util/concurrent/ConcurrentHashMap$Node;[Ljava/util/concurrent/ConcurrentHashMap$Node;)V @ 352 c2
Event: 4.340 Thread 0x0000018cf6401800 Uncommon trap: reason=unstable_if action=reinterpret pc=0x0000018c87d4adec method=java.util.concurrent.ConcurrentHashMap.get(Ljava/lang/Object;)Ljava/lang/Object; @ 86 c2
Event: 4.386 Thread 0x0000018cf6401800 Uncommon trap: reason=unstable_if action=reinterpret pc=0x0000018c87d409a8 method=org.springframework.beans.factory.support.AbstractBeanFactory.isTypeMatch(Ljava/lang/String;Lorg/springframework/core/ResolvableType;Z)Z @ 72 c2
Event: 4.481 Thread 0x0000018cf6401800 Uncommon trap: reason=unstable_if action=reinterpret pc=0x0000018c87d7958c method=org.springframework.core.annotation.TypeMappedAnnotations.scan(Ljava/lang/Object;Lorg/springframework/core/annotation/AnnotationsProcessor;)Ljava/lang/Object; @ 4 c2

Classes redefined (0 events):
No events

Internal exceptions (10 events):
Event: 4.491 Thread 0x0000018cf6401800 Exception <a 'java/lang/ClassNotFoundException'{0x00000000e8cef798}: java/lang/ObjectCustomizer> (0x00000000e8cef798) thrown at [./open/src/hotspot/share/classfile/systemDictionary.cpp, line 226]
Event: 4.491 Thread 0x0000018cf6401800 Exception <a 'java/lang/ClassNotFoundException'{0x00000000e8b0a878}: org/springframework/context/support/ApplicationObjectSupportCustomizer> (0x00000000e8b0a878) thrown at [./open/src/hotspot/share/classfile/systemDictionary.cpp, line 226]
Event: 4.492 Thread 0x0000018cf6401800 Exception <a 'java/lang/ClassNotFoundException'{0x00000000e8b25ca0}: org/springframework/web/context/support/WebApplicationObjectSupportCustomizer> (0x00000000e8b25ca0) thrown at [./open/src/hotspot/share/classfile/systemDictionary.cpp, line 226]
Event: 4.492 Thread 0x0000018cf6401800 Exception <a 'java/lang/ClassNotFoundException'{0x00000000e8b3eab0}: org/springframework/web/servlet/handler/AbstractHandlerMappingCustomizer> (0x00000000e8b3eab0) thrown at [./open/src/hotspot/share/classfile/systemDictionary.cpp, line 226]
Event: 4.493 Thread 0x0000018cf6401800 Exception <a 'java/lang/ClassNotFoundException'{0x00000000e8b65e00}: org/springframework/web/servlet/handler/AbstractHandlerMethodMappingCustomizer> (0x00000000e8b65e00) thrown at [./open/src/hotspot/share/classfile/systemDictionary.cpp, line 226]
Event: 4.493 Thread 0x0000018cf6401800 Exception <a 'java/lang/ClassNotFoundException'{0x00000000e8b8e848}: org/springframework/web/servlet/mvc/method/RequestMappingInfoHandlerMappingCustomizer> (0x00000000e8b8e848) thrown at [./open/src/hotspot/share/classfile/systemDictionary.cpp, line 226]
Event: 4.494 Thread 0x0000018cf6401800 Exception <a 'java/lang/ClassNotFoundException'{0x00000000e8baeba8}: org/springframework/web/servlet/mvc/method/annotation/RequestMappingHandlerMappingCustomizer> (0x00000000e8baeba8) thrown at [./open/src/hotspot/share/classfile/systemDictionary.cpp, lin
Event: 4.495 Thread 0x0000018cf6401800 Exception <a 'java/lang/ClassNotFoundException'{0x00000000e8bfd578}: org/springframework/web/servlet/handler/MatchableHandlerMappingCustomizer> (0x00000000e8bfd578) thrown at [./open/src/hotspot/share/classfile/systemDictionary.cpp, line 226]
Event: 4.495 Thread 0x0000018cf6401800 Exception <a 'java/lang/ClassNotFoundException'{0x00000000e8a13c88}: org/springframework/web/servlet/HandlerMappingCustomizer> (0x00000000e8a13c88) thrown at [./open/src/hotspot/share/classfile/systemDictionary.cpp, line 226]
Event: 4.496 Thread 0x0000018cf6401800 Exception <a 'java/lang/ClassNotFoundException'{0x00000000e8a2a980}: org/springframework/context/EmbeddedValueResolverAwareCustomizer> (0x00000000e8a2a980) thrown at [./open/src/hotspot/share/classfile/systemDictionary.cpp, line 226]

Events (10 events):
Event: 4.495 loading class org/springframework/context/EmbeddedValueResolverAwareCustomizer
Event: 4.495 loading class org/springframework/context/EmbeddedValueResolverAwareCustomizer done
Event: 4.496 loading class org/springframework/context/EmbeddedValueResolverAwareCustomizer
Event: 4.496 loading class org/springframework/context/EmbeddedValueResolverAwareCustomizer done
Event: 4.496 loading class org/springframework/context/EmbeddedValueResolverAwareCustomizer
Event: 4.496 loading class org/springframework/context/EmbeddedValueResolverAwareCustomizer done
Event: 4.496 loading class org/springframework/beans/factory/AwareCustomizer
Event: 4.496 loading class org/springframework/beans/factory/AwareCustomizer done
Event: 4.496 loading class org/springframework/beans/factory/AwareCustomizer
Event: 4.496 loading class org/springframework/beans/factory/AwareCustomizer done


Dynamic libraries:
0x00007ff6f5730000 - 0x00007ff6f573f000 	C:\Java\jdk-11.0.16\bin\java.exe
0x00007ffc9d590000 - 0x00007ffc9d788000 	C:\WINDOWS\SYSTEM32\ntdll.dll
0x00007ffc9d490000 - 0x00007ffc9d54f000 	C:\WINDOWS\System32\KERNEL32.DLL
0x00007ffc9b2f0000 - 0x00007ffc9b5e6000 	C:\WINDOWS\System32\KERNELBASE.dll
0x00007ffc9ace0000 - 0x00007ffc9ade0000 	C:\WINDOWS\System32\ucrtbase.dll
0x00007ffc80e40000 - 0x00007ffc80e55000 	C:\Java\jdk-11.0.16\bin\VCRUNTIME140.dll
0x00007ffc96310000 - 0x00007ffc96328000 	C:\Java\jdk-11.0.16\bin\jli.dll
0x00007ffc9c5d0000 - 0x00007ffc9c67f000 	C:\WINDOWS\System32\ADVAPI32.dll
0x00007ffc9c920000 - 0x00007ffc9c9be000 	C:\WINDOWS\System32\msvcrt.dll
0x00007ffc9c880000 - 0x00007ffc9c91c000 	C:\WINDOWS\System32\sechost.dll
0x00007ffc9c4a0000 - 0x00007ffc9c5c6000 	C:\WINDOWS\System32\RPCRT4.dll
0x00007ffc9b9b0000 - 0x00007ffc9bb4d000 	C:\WINDOWS\System32\USER32.dll
0x00007ffc9ae10000 - 0x00007ffc9ae32000 	C:\WINDOWS\System32\win32u.dll
0x00007ffc9c6e0000 - 0x00007ffc9c70c000 	C:\WINDOWS\System32\GDI32.dll
0x00007ffc9af40000 - 0x00007ffc9b055000 	C:\WINDOWS\System32\gdi32full.dll
0x00007ffc8b600000 - 0x00007ffc8b89a000 	C:\WINDOWS\WinSxS\amd64_microsoft.windows.common-controls_6595b64144ccf1df_6.0.19041.1110_none_60b5254171f9507e\COMCTL32.dll
0x00007ffc9b1c0000 - 0x00007ffc9b25d000 	C:\WINDOWS\System32\msvcp_win.dll
0x00007ffc95260000 - 0x00007ffc9526a000 	C:\WINDOWS\SYSTEM32\VERSION.dll
0x00007ffc9c720000 - 0x00007ffc9c750000 	C:\WINDOWS\System32\IMM32.DLL
0x00007ffc7ae90000 - 0x00007ffc7af2b000 	C:\Java\jdk-11.0.16\bin\msvcp140.dll
0x00007ffc65b10000 - 0x00007ffc66628000 	C:\Java\jdk-11.0.16\bin\server\jvm.dll
0x00007ffc9c380000 - 0x00007ffc9c388000 	C:\WINDOWS\System32\PSAPI.DLL
0x00007ffc91d90000 - 0x00007ffc91db7000 	C:\WINDOWS\SYSTEM32\WINMM.dll
0x00007ffc89340000 - 0x00007ffc89349000 	C:\WINDOWS\SYSTEM32\WSOCK32.dll
0x00007ffc9d420000 - 0x00007ffc9d48b000 	C:\WINDOWS\System32\WS2_32.dll
0x00007ffc98a70000 - 0x00007ffc98a82000 	C:\WINDOWS\SYSTEM32\kernel.appcore.dll
0x00007ffc983f0000 - 0x00007ffc98400000 	C:\Java\jdk-11.0.16\bin\verify.dll
0x00007ffc909a0000 - 0x00007ffc90b84000 	C:\WINDOWS\SYSTEM32\DBGHELP.DLL
0x00007ffc881f0000 - 0x00007ffc88224000 	C:\WINDOWS\SYSTEM32\dbgcore.DLL
0x00007ffc9b260000 - 0x00007ffc9b2e2000 	C:\WINDOWS\System32\bcryptPrimitives.dll
0x00007ffc7d7a0000 - 0x00007ffc7d7c8000 	C:\Java\jdk-11.0.16\bin\java.dll
0x00007ffc83fc0000 - 0x00007ffc83fca000 	C:\Java\jdk-11.0.16\bin\jimage.dll
0x00007ffc80d90000 - 0x00007ffc80da6000 	C:\Java\jdk-11.0.16\bin\zip.dll
0x00007ffc9bc30000 - 0x00007ffc9c374000 	C:\WINDOWS\System32\SHELL32.dll
0x00007ffc98d50000 - 0x00007ffc994e3000 	C:\WINDOWS\SYSTEM32\windows.storage.dll
0x00007ffc9b650000 - 0x00007ffc9b9a4000 	C:\WINDOWS\System32\combase.dll
0x00007ffc9a6d0000 - 0x00007ffc9a6fe000 	C:\WINDOWS\SYSTEM32\Wldp.dll
0x00007ffc9c390000 - 0x00007ffc9c43d000 	C:\WINDOWS\System32\SHCORE.dll
0x00007ffc9d3c0000 - 0x00007ffc9d415000 	C:\WINDOWS\System32\shlwapi.dll
0x00007ffc9abb0000 - 0x00007ffc9abcf000 	C:\WINDOWS\SYSTEM32\profapi.dll
0x00007ffc80d50000 - 0x00007ffc80d69000 	C:\Java\jdk-11.0.16\bin\net.dll
0x00007ffc94af0000 - 0x00007ffc94bfa000 	C:\WINDOWS\SYSTEM32\WINHTTP.dll
0x00007ffc9a430000 - 0x00007ffc9a49a000 	C:\WINDOWS\system32\mswsock.dll
0x00007ffc7d760000 - 0x00007ffc7d772000 	C:\Java\jdk-11.0.16\bin\nio.dll
0x00007ffc9a620000 - 0x00007ffc9a638000 	C:\WINDOWS\SYSTEM32\CRYPTSP.dll
0x00007ffc99ce0000 - 0x00007ffc99d14000 	C:\WINDOWS\system32\rsaenh.dll
0x00007ffc9ade0000 - 0x00007ffc9ae07000 	C:\WINDOWS\System32\bcrypt.dll
0x00007ffc9ab70000 - 0x00007ffc9ab9e000 	C:\WINDOWS\SYSTEM32\USERENV.dll
0x00007ffc9a640000 - 0x00007ffc9a64c000 	C:\WINDOWS\SYSTEM32\CRYPTBASE.dll
0x00007ffc9a0d0000 - 0x00007ffc9a10c000 	C:\WINDOWS\SYSTEM32\IPHLPAPI.DLL
0x00007ffc9c710000 - 0x00007ffc9c718000 	C:\WINDOWS\System32\NSI.dll
0x00007ffc95660000 - 0x00007ffc95677000 	C:\WINDOWS\SYSTEM32\dhcpcsvc6.DLL
0x00007ffc95640000 - 0x00007ffc9565d000 	C:\WINDOWS\SYSTEM32\dhcpcsvc.DLL
0x00007ffc9a120000 - 0x00007ffc9a1eb000 	C:\WINDOWS\SYSTEM32\DNSAPI.dll
0x00007ffc82f60000 - 0x00007ffc82f69000 	C:\Java\jdk-11.0.16\bin\management.dll
0x00007ffc82d50000 - 0x00007ffc82d5b000 	C:\Java\jdk-11.0.16\bin\management_ext.dll
0x00007ffc835e0000 - 0x00007ffc835f7000 	C:\WINDOWS\system32\napinsp.dll
0x00007ffc835c0000 - 0x00007ffc835db000 	C:\WINDOWS\system32\pnrpnsp.dll
0x00007ffc835a0000 - 0x00007ffc835b5000 	C:\WINDOWS\system32\wshbth.dll
0x00007ffc96800000 - 0x00007ffc9681d000 	C:\WINDOWS\system32\NLAapi.dll
0x00007ffc834f0000 - 0x00007ffc83502000 	C:\WINDOWS\System32\winrnr.dll
0x00007ffc94470000 - 0x00007ffc9447a000 	C:\Windows\System32\rasadhlp.dll
0x00007ffc92c70000 - 0x00007ffc92cf2000 	C:\WINDOWS\System32\fwpuclnt.dll
0x00007ffc968e0000 - 0x00007ffc96905000 	C:\Java\jdk-11.0.16\bin\sunec.dll

dbghelp: loaded successfully - version: 4.0.5 - missing functions: none
symbol engine: initialized successfully - sym options: 0x614 - pdb path: .;C:\Java\jdk-11.0.16\bin;C:\WINDOWS\SYSTEM32;C:\WINDOWS\WinSxS\amd64_microsoft.windows.common-controls_6595b64144ccf1df_6.0.19041.1110_none_60b5254171f9507e;C:\Java\jdk-11.0.16\bin\server

VM Arguments:
jvm_args: -Dorg.gradle.internal.worker.tmpdir=C:\Users\ÀÌÁ¾¹®\Desktop\springProject\workspace\wegether\build\tmp\test\work -Dorg.gradle.native=false -Xmx512m -Dfile.encoding=x-windows-949 -Duser.country=KR -Duser.language=ko -Duser.variant -ea 
java_command: worker.org.gradle.process.internal.worker.GradleWorkerMain 'Gradle Test Executor 4'
java_class_path (initial): C:\\Users\\ÀÌÁ¾¹®\\.gradle\\caches\\7.6.1\\workerMain\\gradle-worker.jar;C:\\Users\\ÀÌÁ¾¹®\\Desktop\\springProject\\workspace\\wegether\\build\\classes\\java\\test;C:\\Users\\ÀÌÁ¾¹®\\Desktop\\springProject\\workspace\\wegether\\build\\classes\\java\\main;C:\\Users\\ÀÌÁ¾¹®\\Desktop\\springProject\\workspace\\wegether\\build\\resources\\main;C:\\Users\\ÀÌÁ¾¹®\\.gradle\\caches\\modules-2\\files-2.1\\com.google.code.gson\\gson\\2.9.0\\8a1167e089096758b49f9b34066ef98b2f4b37aa\\gson-2.9.0.jar;C:\\Users\\ÀÌÁ¾¹®\\.gradle\\caches\\modules-2\\files-2.1\\org.springframework.boot\\spring-boot-starter-mail\\2.7.5\\f36261f4cc30d8a8a70c5db617c57ea0c00170b5\\spring-boot-starter-mail-2.7.5.jar;C:\\Users\\ÀÌÁ¾¹®\\.gradle\\caches\\modules-2\\files-2.1\\org.springframework.boot\\spring-boot-starter-web-services\\2.7.5\\8d56d80cec9c715ea77a7ecaa885ee3ccd965bd2\\spring-boot-starter-web-services-2.7.5.jar;C:\\Users\\ÀÌÁ¾¹®\\.gradle\\caches\\modules-2\\files-2.1\\org.springframework.boot\\spring-boot-starter-web\\2.7.5\\bb4099d0466a62c3b11ab9323babca13bb430a2e\\spring-boot-starter-web-2.7.5.jar;C:\\Users\\ÀÌÁ¾¹®\\.gradle\\caches\\modules-2\\files-2.1\\org.springframework.boot\\spring-boot-starter-thymeleaf\\2.7.5\\d2be8d1d822d988924e0a23c81d795ae5aa288f3\\spring-boot-starter-thymeleaf-2.7.5.jar;C:\\Users\\ÀÌÁ¾¹®\\.gradle\\caches\\modules-2\\files-2.1\\org.mybatis.spring.boot\\mybatis-spring-boot-starter\\2.1.0\\d1a1b96573ade19ce0cd536e15565d216b05ff83\\mybatis-spring-boot-starter-2.1.0.jar;C:\\Users\\ÀÌÁ¾¹®\\.gradle\\caches\\modules-2\\files-2.1\\net.coobird\\thumbnailator\\0.4.8\\4f10c440dd7776630aee9da4611a45032db1e041\\thumbnailator-0.4.8.jar;C:\\Users\\ÀÌÁ¾¹®\\.gradle\\caches\\modules-2\\files-2.1\\com.oracle.database.jdbc\\ojdbc8\\21.5.0.0\\eb13f0948ca8675f71d59b5e8a1129d4c6189e7a\\ojdbc8-21.5.0.0.jar;C:\\Users\\ÀÌÁ¾¹®\\.gradle\\caches\\modules-2\\files-2.1\\org.projectlombok\\lombok\\1.18.24\\13a394eed5c4f9efb2a6d956e2086f1d81e857d9\\lombok-1.18.24.jar;C:
Launcher Type: SUN_STANDARD

[Global flags]
     intx CICompilerCount                          = 3                                         {product} {ergonomic}
     uint ConcGCThreads                            = 2                                         {product} {ergonomic}
     uint G1ConcRefinementThreads                  = 6                                         {product} {ergonomic}
   size_t G1HeapRegionSize                         = 1048576                                   {product} {ergonomic}
    uintx GCDrainStackTargetSize                   = 64                                        {product} {ergonomic}
   size_t InitialHeapSize                          = 268435456                                 {product} {ergonomic}
   size_t MarkStackSize                            = 4194304                                   {product} {ergonomic}
   size_t MaxHeapSize                              = 536870912                                 {product} {command line}
   size_t MaxNewSize                               = 321912832                                 {product} {ergonomic}
   size_t MinHeapDeltaBytes                        = 1048576                                   {product} {ergonomic}
    uintx NonNMethodCodeHeapSize                   = 5830732                                {pd product} {ergonomic}
    uintx NonProfiledCodeHeapSize                  = 122913754                              {pd product} {ergonomic}
    uintx ProfiledCodeHeapSize                     = 122913754                              {pd product} {ergonomic}
    uintx ReservedCodeCacheSize                    = 251658240                              {pd product} {ergonomic}
     bool SegmentedCodeCache                       = true                                      {product} {ergonomic}
     bool UseCompressedClassPointers               = true                                 {lp64_product} {ergonomic}
     bool UseCompressedOops                        = true                                 {lp64_product} {ergonomic}
     bool UseG1GC                                  = true                                      {product} {ergonomic}
     bool UseLargePagesIndividualAllocation        = false                                  {pd product} {ergonomic}

Logging:
Log output configuration:
 #0: stdout all=warning uptime,level,tags
 #1: stderr all=off uptime,level,tags

Environment Variables:
JAVA_HOME=C:\Java\jdk-11.0.16
PATH=C:\Program Files\MySQL\MySQL Server 8.0\bin;C:\Java\jdk-11.0.16\bin;C:\Users\ÀÌÁ¾¹®\Desktop\ÄÚ¸®¾ÆIT¾ÆÄ«µ¥¹Ì\web_1900_ljm\js\resource\node-v16.19.1-win-x64;C:\oraclexe\app\oracle\product\11.2.0\server\bin;C:\Program Files\Common Files\Oracle\Java\javapath;C:\WINDOWS\system32;C:\WINDOWS;C:\WINDOWS\System32\Wbem;C:\WINDOWS\System32\WindowsPowerShell\v1.0\;C:\WINDOWS\System32\OpenSSH\;C:\Program Files (x86)\NVIDIA Corporation\PhysX\Common;C:\Program Files\NVIDIA Corporation\NVIDIA NvDLISR;C:\Program Files (x86)\Windows Live\Shared;C:\WINDOWS\system32;C:\WINDOWS;C:\WINDOWS\System32\Wbem;C:\WINDOWS\System32\WindowsPowerShell\v1.0\;C:\WINDOWS\System32\OpenSSH\;C:\Git\cmd;C:\Program Files\MySQL\MySQL Shell 8.0\bin\;C:\Users\ÀÌÁ¾¹®\AppData\Local\Microsoft\WindowsApps;C:\Users\ÀÌÁ¾¹®\AppData\Local\afreeca;C:\Users\ÀÌÁ¾¹®\AppData\Local\Programs\Microsoft VS Code\bin;C:\Users\ÀÌÁ¾¹®\AppData\Local\GitHubDesktop\bin
USERNAME=JongMoon
OS=Windows_NT
PROCESSOR_IDENTIFIER=AMD64 Family 23 Model 113 Stepping 0, AuthenticAMD



---------------  S Y S T E M  ---------------

OS: Windows 10 , 64 bit Build 19041 (10.0.19041.2913)

CPU:total 6 (initial active 6) (6 cores per cpu, 1 threads per core) family 23 model 113 stepping 0 microcode 0x0, cmov, cx8, fxsr, mmx, sse, sse2, sse3, ssse3, sse4.1, sse4.2, popcnt, avx, avx2, aes, clmul, mmxext, 3dnowpref, lzcnt, sse4a, tsc, tscinvbit, tscinv, bmi1, bmi2, adx, sha,

Memory: 4k page, system-wide physical 16318M (3913M free)
TotalPageFile size 16318M (AvailPageFile size 6M)
current process WorkingSet (physical memory assigned to process): 320M, peak: 321M
current process commit charge ("private bytes"): 474M, peak: 476M

vm_info: Java HotSpot(TM) 64-Bit Server VM (11.0.16+11-LTS-199) for windows-amd64 JRE (11.0.16+11-LTS-199), built on Jun 28 2022 08:23:17 by "mach5one" with MS VC++ 15.9 (VS2017)

END.
