#
# There is insufficient memory for the Java Runtime Environment to continue.
# Native memory allocation (mmap) failed to map 54525952 bytes for Failed to commit area from 0x0000000711000000 to 0x0000000714400000 of length 54525952.
# Possible reasons:
#   The system is out of physical RAM or swap space
#   The process is running with CompressedOops enabled, and the Java Heap may be blocking the growth of the native heap
# Possible solutions:
#   Reduce memory load on the system
#   Increase physical memory or swap space
#   Check if swap backing store is full
#   Decrease Java heap size (-Xmx/-Xms)
#   Decrease number of Java threads
#   Decrease Java thread stack sizes (-Xss)
#   Set larger code cache with -XX:ReservedCodeCacheSize=
#   JVM is running with Zero Based Compressed Oops mode in which the Java heap is
#     placed in the first 32GB address space. The Java Heap base address is the
#     maximum limit for the native heap growth. Please use -XX:HeapBaseMinAddress
#     to set the Java Heap base and to place the Java Heap above 32GB virtual address.
# This output file may be truncated or incomplete.
#
#  Out of Memory Error (./open/src/hotspot/os/windows/os_windows.cpp:3287), pid=10632, tid=26044
#
# JRE version: Java(TM) SE Runtime Environment 18.9 (11.0.16+11) (build 11.0.16+11-LTS-199)
# Java VM: Java HotSpot(TM) 64-Bit Server VM 18.9 (11.0.16+11-LTS-199, mixed mode, tiered, compressed oops, g1 gc, windows-amd64)
# No core dump will be written. Minidumps are not enabled by default on client versions of Windows
#

---------------  S U M M A R Y ------------

Command Line: -XX:TieredStopAtLevel=1 -Xverify:none -Dspring.output.ansi.enabled=always -Dcom.sun.management.jmxremote -Dspring.jmx.enabled=true -Dspring.liveBeansView.mbeanDomain -Dspring.application.admin.enabled=true -javaagent:C:\Users\이종문\Desktop\코리아IT아카데미\web_1900_ljm\spring\resource\ideaIU-2020.1.1.win\lib\idea_rt.jar=61435:C:\Users\이종문\Desktop\코리아IT아카데미\web_1900_ljm\spring\resource\ideaIU-2020.1.1.win\bin -Dfile.encoding=UTF-8 com.wegether.app.WegetherApplication

Host: AMD Ryzen 5 3500X 6-Core Processor             , 6 cores, 15G,  Windows 10 , 64 bit Build 19041 (10.0.19041.2913)
Time: Sun May 21 02:00:48 2023  Windows 10 , 64 bit Build 19041 (10.0.19041.2913) elapsed time: 48.539982 seconds (0d 0h 0m 48s)

---------------  T H R E A D  ---------------

Current thread (0x00000198ff05c000):  VMThread "VM Thread" [stack: 0x00000020f9500000,0x00000020f9600000] [id=26044]

Stack: [0x00000020f9500000,0x00000020f9600000]
[error occurred during error reporting (printing stack bounds), id 0xc0000005, EXCEPTION_ACCESS_VIOLATION (0xc0000005) at pc=0x0000019880000f2d]

Native frames: (J=compiled Java code, j=interpreted, Vv=VM code, C=native code)
V  [jvm.dll+0x62a3ea]
V  [jvm.dll+0x76418f]
V  [jvm.dll+0x765839]
V  [jvm.dll+0x765e25]
V  [jvm.dll+0x765ddb]
V  [jvm.dll+0x6298d3]
V  [jvm.dll+0x629fe8]
C  [ntdll.dll+0xa23df]
C  [ntdll.dll+0x514a4]
C  [ntdll.dll+0xa0f0e]
C  0x0000019880000f2d

VM_Operation (0x00000020fb4fe1f0): G1CollectForAllocation, mode: safepoint, requested by thread 0x0000019894b08800


---------------  P R O C E S S  ---------------

Threads class SMR info:
_java_thread_list=0x00000198934b4380, length=35, elements={
0x00000198ff05e800, 0x00000198ff037800, 0x00000198ff94b800, 0x00000198ff94d800,
0x00000198ff955800, 0x00000198ff956800, 0x00000198ff961000, 0x00000198ff8e0800,
0x00000198931bc800, 0x000001989331a800, 0x0000019894003000, 0x0000019894274000,
0x0000019894b04800, 0x0000019894b05800, 0x0000019894b0c000, 0x0000019894b0b000,
0x0000019894b0a000, 0x0000019894b0c800, 0x0000019894b09800, 0x0000019894b08800,
0x0000019894b0e800, 0x0000019894b0f000, 0x0000019896a03000, 0x0000019896a04000,
0x0000019896a08000, 0x0000019896a07000, 0x0000019896a04800, 0x0000019896a06800,
0x0000019896a05800, 0x0000019896a02800, 0x0000019896a0d000, 0x0000019896a09000,
0x0000019896a0d800, 0x0000019896a0e800, 0x0000019896a0f800
}

Java Threads: ( => current thread )
  0x00000198ff05e800 JavaThread "Reference Handler" daemon [_thread_blocked, id=26040, stack(0x00000020f9600000,0x00000020f9700000)]
  0x00000198ff037800 JavaThread "Finalizer" daemon [_thread_blocked, id=12512, stack(0x00000020f9700000,0x00000020f9800000)]
  0x00000198ff94b800 JavaThread "Signal Dispatcher" daemon [_thread_blocked, id=26380, stack(0x00000020f9800000,0x00000020f9900000)]
  0x00000198ff94d800 JavaThread "Attach Listener" daemon [_thread_blocked, id=26072, stack(0x00000020f9900000,0x00000020f9a00000)]
  0x00000198ff955800 JavaThread "Service Thread" daemon [_thread_blocked, id=21956, stack(0x00000020f9a00000,0x00000020f9b00000)]
  0x00000198ff956800 JavaThread "C1 CompilerThread0" daemon [_thread_blocked, id=2104, stack(0x00000020f9b00000,0x00000020f9c00000)]
  0x00000198ff961000 JavaThread "Sweeper thread" daemon [_thread_blocked, id=13264, stack(0x00000020f9c00000,0x00000020f9d00000)]
  0x00000198ff8e0800 JavaThread "Common-Cleaner" daemon [_thread_blocked, id=24756, stack(0x00000020f9d00000,0x00000020f9e00000)]
  0x00000198931bc800 JavaThread "Monitor Ctrl-Break" daemon [_thread_in_native, id=24956, stack(0x00000020f9e00000,0x00000020f9f00000)]
  0x000001989331a800 JavaThread "RMI TCP Accept-0" daemon [_thread_in_native, id=22308, stack(0x00000020f9f00000,0x00000020fa000000)]
  0x0000019894003000 JavaThread "RMI TCP Connection(idle)" daemon [_thread_blocked, id=16212, stack(0x00000020fa900000,0x00000020faa00000)]
  0x0000019894274000 JavaThread "RMI Scheduler(0)" daemon [_thread_blocked, id=9600, stack(0x00000020fab00000,0x00000020fac00000)]
  0x0000019894b04800 JavaThread "Catalina-utility-1" [_thread_blocked, id=26560, stack(0x00000020fac00000,0x00000020fad00000)]
  0x0000019894b05800 JavaThread "Catalina-utility-2" [_thread_blocked, id=18120, stack(0x00000020fad00000,0x00000020fae00000)]
  0x0000019894b0c000 JavaThread "container-0" [_thread_blocked, id=26268, stack(0x00000020fae00000,0x00000020faf00000)]
  0x0000019894b0b000 JavaThread "oracle.jdbc.driver.BlockSource.ThreadedCachingBlockSource.BlockReleaser" daemon [_thread_blocked, id=26068, stack(0x00000020faf00000,0x00000020fb000000)]
  0x0000019894b0a000 JavaThread "InterruptTimer" daemon [_thread_blocked, id=7388, stack(0x00000020fb000000,0x00000020fb100000)]
  0x0000019894b0c800 JavaThread "OJDBC-WORKER-THREAD-1" daemon [_thread_blocked, id=25040, stack(0x00000020fb100000,0x00000020fb200000)]
  0x0000019894b09800 JavaThread "HikariPool-1 housekeeper" daemon [_thread_blocked, id=24032, stack(0x00000020fb200000,0x00000020fb300000)]
  0x0000019894b08800 JavaThread "File Watcher" daemon [_thread_blocked, id=15872, stack(0x00000020fb400000,0x00000020fb500000)]
  0x0000019894b0e800 JavaThread "Live Reload Server" daemon [_thread_in_native, id=20828, stack(0x00000020fb600000,0x00000020fb700000)]
  0x0000019894b0f000 JavaThread "http-nio-10000-exec-1" daemon [_thread_blocked, id=13692, stack(0x00000020fb500000,0x00000020fb600000)]
  0x0000019896a03000 JavaThread "http-nio-10000-exec-2" daemon [_thread_blocked, id=14044, stack(0x00000020fb700000,0x00000020fb800000)]
  0x0000019896a04000 JavaThread "http-nio-10000-exec-3" daemon [_thread_blocked, id=25584, stack(0x00000020fb800000,0x00000020fb900000)]
  0x0000019896a08000 JavaThread "http-nio-10000-exec-4" daemon [_thread_blocked, id=25320, stack(0x00000020fb900000,0x00000020fba00000)]
  0x0000019896a07000 JavaThread "http-nio-10000-exec-5" daemon [_thread_blocked, id=21156, stack(0x00000020fba00000,0x00000020fbb00000)]
  0x0000019896a04800 JavaThread "http-nio-10000-exec-6" daemon [_thread_blocked, id=15428, stack(0x00000020fbb00000,0x00000020fbc00000)]
  0x0000019896a06800 JavaThread "http-nio-10000-exec-7" daemon [_thread_blocked, id=25840, stack(0x00000020fbc00000,0x00000020fbd00000)]
  0x0000019896a05800 JavaThread "http-nio-10000-exec-8" daemon [_thread_blocked, id=25740, stack(0x00000020fbd00000,0x00000020fbe00000)]
  0x0000019896a02800 JavaThread "http-nio-10000-exec-9" daemon [_thread_blocked, id=26420, stack(0x00000020fbe00000,0x00000020fbf00000)]
  0x0000019896a0d000 JavaThread "http-nio-10000-exec-10" daemon [_thread_blocked, id=25880, stack(0x00000020fbf00000,0x00000020fc000000)]
  0x0000019896a09000 JavaThread "http-nio-10000-Poller" daemon [_thread_in_native, id=25800, stack(0x00000020fc000000,0x00000020fc100000)]
  0x0000019896a0d800 JavaThread "http-nio-10000-Acceptor" daemon [_thread_in_native, id=16964, stack(0x00000020fc100000,0x00000020fc200000)]
  0x0000019896a0e800 JavaThread "DestroyJavaVM" [_thread_blocked, id=25924, stack(0x00000020f8f00000,0x00000020f9000000)]
  0x0000019896a0f800 JavaThread "RMI TCP Connection(idle)" daemon [_thread_blocked, id=24776, stack(0x00000020fa700000,0x00000020fa800000)]

Other Threads:
=>0x00000198ff05c000 VMThread "VM Thread" [stack: 0x00000020f9500000,0x00000020f9600000] [id=26044]
  0x000001989337f800 WatcherThread [stack: 0x00000020fa000000,0x00000020fa100000] [id=17424]
  0x00000198ef77f800 GCTaskThread "GC Thread#0" [stack: 0x00000020f9000000,0x00000020f9100000] [id=25436]
  0x00000198936ec800 GCTaskThread "GC Thread#1" [stack: 0x00000020fa100000,0x00000020fa200000] [id=25644]
  0x00000198936ed800 GCTaskThread "GC Thread#2" [stack: 0x00000020fa200000,0x00000020fa300000] [id=14292]
  0x0000019893707000 GCTaskThread "GC Thread#3" [stack: 0x00000020fa300000,0x00000020fa400000] [id=25768]
  0x000001989370a000 GCTaskThread "GC Thread#4" [stack: 0x00000020fa400000,0x00000020fa500000] [id=24096]
  0x0000019893715800 GCTaskThread "GC Thread#5" [stack: 0x00000020fa500000,0x00000020fa600000] [id=19928]
  0x00000198ef7db000 ConcurrentGCThread "G1 Main Marker" [stack: 0x00000020f9100000,0x00000020f9200000] [id=26168]
  0x00000198ef7de800 ConcurrentGCThread "G1 Conc#0" [stack: 0x00000020f9200000,0x00000020f9300000] [id=21600]
  0x0000019894100800 ConcurrentGCThread "G1 Conc#1" [stack: 0x00000020faa00000,0x00000020fab00000] [id=25396]
  0x00000198fef14000 ConcurrentGCThread "G1 Refine#0" [stack: 0x00000020f9300000,0x00000020f9400000] [id=14112]
  0x0000019893626800 ConcurrentGCThread "G1 Refine#1" [stack: 0x00000020fa600000,0x00000020fa700000] [id=20900]
  0x00000198fef15000 ConcurrentGCThread "G1 Young RemSet Sampling" [stack: 0x00000020f9400000,0x00000020f9500000] [id=1644]

Threads with active compile tasks:

VM state:at safepoint (normal execution)

VM Mutex/Monitor currently owned by a thread:  ([mutex/lock_event])
[0x00000198ef767260] Threads_lock - owner thread: 0x00000198ff05c000
[0x00000198ef766690] Heap_lock - owner thread: 0x0000019894b08800

Heap address: 0x0000000701000000, size: 4080 MB, Compressed Oops mode: Zero based, Oop shift amount: 3
Narrow klass base: 0x0000000800000000, Narrow klass shift: 0
Compressed class space size: 1073741824 Address: 0x0000000800000000

Heap:
 garbage-first heap   total 315392K, used 25991K [0x0000000701000000, 0x0000000800000000)
  region size 1024K, 17 young (17408K), 17 survivors (17408K)
 Metaspace       used 54960K, capacity 56842K, committed 57008K, reserved 1099776K
  class space    used 6851K, capacity 7613K, committed 7680K, reserved 1048576K
Heap Regions: E=young(eden), S=young(survivor), O=old, HS=humongous(starts), HC=humongous(continues), CS=collection set, F=free, A=archive, TAMS=top-at-mark-start (previous, next)
|   0|0x0000000701000000, 0x0000000701100000, 0x0000000701100000|100%| O|  |TAMS 0x0000000701100000, 0x0000000701000000| Untracked 
|   1|0x0000000701100000, 0x0000000701200000, 0x0000000701200000|100%| O|  |TAMS 0x0000000701200000, 0x0000000701100000| Untracked 
|   2|0x0000000701200000, 0x0000000701300000, 0x0000000701300000|100%| O|  |TAMS 0x0000000701300000, 0x0000000701200000| Untracked 
|   3|0x0000000701300000, 0x0000000701400000, 0x0000000701400000|100%| O|  |TAMS 0x0000000701400000, 0x0000000701300000| Untracked 
|   4|0x0000000701400000, 0x0000000701500000, 0x0000000701500000|100%| O|  |TAMS 0x0000000701500000, 0x0000000701400000| Untracked 
|   5|0x0000000701500000, 0x0000000701600000, 0x0000000701600000|100%| O|  |TAMS 0x00000007015c7c00, 0x0000000701500000| Untracked 
|   6|0x0000000701600000, 0x0000000701700000, 0x0000000701700000|100%| O|  |TAMS 0x0000000701600000, 0x0000000701600000| Untracked 
|   7|0x0000000701700000, 0x0000000701800000, 0x0000000701800000|100%| O|  |TAMS 0x0000000701700000, 0x0000000701700000| Untracked 
|   8|0x0000000701800000, 0x0000000701900000, 0x0000000701900000|100%| O|  |TAMS 0x0000000701800000, 0x0000000701800000| Untracked 
|   9|0x0000000701900000, 0x0000000701901a00, 0x0000000701a00000|  0%| O|  |TAMS 0x0000000701900000, 0x0000000701900000| Untracked 
|  10|0x0000000701a00000, 0x0000000701a00000, 0x0000000701b00000|  0%| F|  |TAMS 0x0000000701a00000, 0x0000000701a00000| Untracked 
|  11|0x0000000701b00000, 0x0000000701b00000, 0x0000000701c00000|  0%| F|  |TAMS 0x0000000701b00000, 0x0000000701b00000| Untracked 
|  12|0x0000000701c00000, 0x0000000701c00000, 0x0000000701d00000|  0%| F|  |TAMS 0x0000000701c00000, 0x0000000701c00000| Untracked 
|  13|0x0000000701d00000, 0x0000000701d00000, 0x0000000701e00000|  0%| F|  |TAMS 0x0000000701d00000, 0x0000000701d00000| Untracked 
|  14|0x0000000701e00000, 0x0000000701e00000, 0x0000000701f00000|  0%| F|  |TAMS 0x0000000701e00000, 0x0000000701e00000| Untracked 
|  15|0x0000000701f00000, 0x0000000701f00000, 0x0000000702000000|  0%| F|  |TAMS 0x0000000701f00000, 0x0000000701f00000| Untracked 
|  16|0x0000000702000000, 0x0000000702000000, 0x0000000702100000|  0%| F|  |TAMS 0x0000000702000000, 0x0000000702000000| Untracked 
|  17|0x0000000702100000, 0x0000000702100000, 0x0000000702200000|  0%| F|  |TAMS 0x0000000702100000, 0x0000000702100000| Untracked 
|  18|0x0000000702200000, 0x0000000702200000, 0x0000000702300000|  0%| F|  |TAMS 0x0000000702200000, 0x0000000702200000| Untracked 
|  19|0x0000000702300000, 0x0000000702300000, 0x0000000702400000|  0%| F|  |TAMS 0x0000000702300000, 0x0000000702300000| Untracked 
|  20|0x0000000702400000, 0x0000000702400000, 0x0000000702500000|  0%| F|  |TAMS 0x0000000702400000, 0x0000000702400000| Untracked 
|  21|0x0000000702500000, 0x0000000702500000, 0x0000000702600000|  0%| F|  |TAMS 0x0000000702500000, 0x0000000702500000| Untracked 
|  22|0x0000000702600000, 0x0000000702600000, 0x0000000702700000|  0%| F|  |TAMS 0x0000000702600000, 0x0000000702600000| Untracked 
|  23|0x0000000702700000, 0x0000000702700000, 0x0000000702800000|  0%| F|  |TAMS 0x0000000702700000, 0x0000000702700000| Untracked 
|  24|0x0000000702800000, 0x0000000702800000, 0x0000000702900000|  0%| F|  |TAMS 0x0000000702800000, 0x0000000702800000| Untracked 
|  25|0x0000000702900000, 0x0000000702900000, 0x0000000702a00000|  0%| F|  |TAMS 0x0000000702900000, 0x0000000702900000| Untracked 
|  26|0x0000000702a00000, 0x0000000702a00000, 0x0000000702b00000|  0%| F|  |TAMS 0x0000000702a00000, 0x0000000702a00000| Untracked 
|  27|0x0000000702b00000, 0x0000000702b00000, 0x0000000702c00000|  0%| F|  |TAMS 0x0000000702b00000, 0x0000000702b00000| Untracked 
|  28|0x0000000702c00000, 0x0000000702c00000, 0x0000000702d00000|  0%| F|  |TAMS 0x0000000702c00000, 0x0000000702c00000| Untracked 
|  29|0x0000000702d00000, 0x0000000702d00000, 0x0000000702e00000|  0%| F|  |TAMS 0x0000000702d00000, 0x0000000702d00000| Untracked 
|  30|0x0000000702e00000, 0x0000000702e00000, 0x0000000702f00000|  0%| F|  |TAMS 0x0000000702e00000, 0x0000000702e00000| Untracked 
|  31|0x0000000702f00000, 0x0000000702f00000, 0x0000000703000000|  0%| F|  |TAMS 0x0000000702f00000, 0x0000000702f00000| Untracked 
|  32|0x0000000703000000, 0x0000000703000000, 0x0000000703100000|  0%| F|  |TAMS 0x0000000703000000, 0x0000000703000000| Untracked 
|  33|0x0000000703100000, 0x0000000703100000, 0x0000000703200000|  0%| F|  |TAMS 0x0000000703100000, 0x0000000703100000| Untracked 
|  34|0x0000000703200000, 0x0000000703200000, 0x0000000703300000|  0%| F|  |TAMS 0x0000000703200000, 0x0000000703200000| Untracked 
|  35|0x0000000703300000, 0x0000000703300000, 0x0000000703400000|  0%| F|  |TAMS 0x0000000703300000, 0x0000000703300000| Untracked 
|  36|0x0000000703400000, 0x0000000703400000, 0x0000000703500000|  0%| F|  |TAMS 0x0000000703400000, 0x0000000703400000| Untracked 
|  37|0x0000000703500000, 0x0000000703500000, 0x0000000703600000|  0%| F|  |TAMS 0x0000000703500000, 0x0000000703500000| Untracked 
|  38|0x0000000703600000, 0x0000000703600000, 0x0000000703700000|  0%| F|  |TAMS 0x0000000703600000, 0x0000000703600000| Untracked 
|  39|0x0000000703700000, 0x0000000703700000, 0x0000000703800000|  0%| F|  |TAMS 0x0000000703700000, 0x0000000703700000| Untracked 
|  40|0x0000000703800000, 0x0000000703800000, 0x0000000703900000|  0%| F|  |TAMS 0x0000000703800000, 0x0000000703800000| Untracked 
|  41|0x0000000703900000, 0x0000000703900000, 0x0000000703a00000|  0%| F|  |TAMS 0x0000000703900000, 0x0000000703900000| Untracked 
|  42|0x0000000703a00000, 0x0000000703a00000, 0x0000000703b00000|  0%| F|  |TAMS 0x0000000703a00000, 0x0000000703a00000| Untracked 
|  43|0x0000000703b00000, 0x0000000703b00000, 0x0000000703c00000|  0%| F|  |TAMS 0x0000000703b00000, 0x0000000703b00000| Untracked 
|  44|0x0000000703c00000, 0x0000000703c00000, 0x0000000703d00000|  0%| F|  |TAMS 0x0000000703c00000, 0x0000000703c00000| Untracked 
|  45|0x0000000703d00000, 0x0000000703d00000, 0x0000000703e00000|  0%| F|  |TAMS 0x0000000703d00000, 0x0000000703d00000| Untracked 
|  46|0x0000000703e00000, 0x0000000703e00000, 0x0000000703f00000|  0%| F|  |TAMS 0x0000000703e00000, 0x0000000703e00000| Untracked 
|  47|0x0000000703f00000, 0x0000000703f00000, 0x0000000704000000|  0%| F|  |TAMS 0x0000000703f00000, 0x0000000703f00000| Untracked 
|  48|0x0000000704000000, 0x0000000704000000, 0x0000000704100000|  0%| F|  |TAMS 0x0000000704000000, 0x0000000704000000| Untracked 
|  49|0x0000000704100000, 0x0000000704100000, 0x0000000704200000|  0%| F|  |TAMS 0x0000000704100000, 0x0000000704100000| Untracked 
|  50|0x0000000704200000, 0x0000000704200000, 0x0000000704300000|  0%| F|  |TAMS 0x0000000704200000, 0x0000000704200000| Untracked 
|  51|0x0000000704300000, 0x0000000704300000, 0x0000000704400000|  0%| F|  |TAMS 0x0000000704300000, 0x0000000704300000| Untracked 
|  52|0x0000000704400000, 0x0000000704400000, 0x0000000704500000|  0%| F|  |TAMS 0x0000000704400000, 0x0000000704400000| Untracked 
|  53|0x0000000704500000, 0x0000000704500000, 0x0000000704600000|  0%| F|  |TAMS 0x0000000704500000, 0x0000000704500000| Untracked 
|  54|0x0000000704600000, 0x0000000704600000, 0x0000000704700000|  0%| F|  |TAMS 0x0000000704600000, 0x0000000704600000| Untracked 
|  55|0x0000000704700000, 0x0000000704700000, 0x0000000704800000|  0%| F|  |TAMS 0x0000000704700000, 0x0000000704700000| Untracked 
|  56|0x0000000704800000, 0x0000000704800000, 0x0000000704900000|  0%| F|  |TAMS 0x0000000704800000, 0x0000000704800000| Untracked 
|  57|0x0000000704900000, 0x0000000704900000, 0x0000000704a00000|  0%| F|  |TAMS 0x0000000704900000, 0x0000000704900000| Untracked 
|  58|0x0000000704a00000, 0x0000000704a00000, 0x0000000704b00000|  0%| F|  |TAMS 0x0000000704a00000, 0x0000000704a00000| Untracked 
|  59|0x0000000704b00000, 0x0000000704b00000, 0x0000000704c00000|  0%| F|  |TAMS 0x0000000704b00000, 0x0000000704b00000| Untracked 
|  60|0x0000000704c00000, 0x0000000704c00000, 0x0000000704d00000|  0%| F|  |TAMS 0x0000000704c00000, 0x0000000704c00000| Untracked 
|  61|0x0000000704d00000, 0x0000000704d00000, 0x0000000704e00000|  0%| F|  |TAMS 0x0000000704d00000, 0x0000000704d00000| Untracked 
|  62|0x0000000704e00000, 0x0000000704e00000, 0x0000000704f00000|  0%| F|  |TAMS 0x0000000704e00000, 0x0000000704e00000| Untracked 
|  63|0x0000000704f00000, 0x0000000704f00000, 0x0000000705000000|  0%| F|  |TAMS 0x0000000704f00000, 0x0000000704f00000| Untracked 
|  64|0x0000000705000000, 0x0000000705000000, 0x0000000705100000|  0%| F|  |TAMS 0x0000000705000000, 0x0000000705000000| Untracked 
|  65|0x0000000705100000, 0x0000000705100000, 0x0000000705200000|  0%| F|  |TAMS 0x0000000705100000, 0x0000000705100000| Untracked 
|  66|0x0000000705200000, 0x0000000705200000, 0x0000000705300000|  0%| F|  |TAMS 0x0000000705200000, 0x0000000705200000| Untracked 
|  67|0x0000000705300000, 0x0000000705300000, 0x0000000705400000|  0%| F|  |TAMS 0x0000000705300000, 0x0000000705300000| Untracked 
|  68|0x0000000705400000, 0x0000000705400000, 0x0000000705500000|  0%| F|  |TAMS 0x0000000705400000, 0x0000000705400000| Untracked 
|  69|0x0000000705500000, 0x0000000705500000, 0x0000000705600000|  0%| F|  |TAMS 0x0000000705500000, 0x0000000705500000| Untracked 
|  70|0x0000000705600000, 0x0000000705600000, 0x0000000705700000|  0%| F|  |TAMS 0x0000000705600000, 0x0000000705600000| Untracked 
|  71|0x0000000705700000, 0x0000000705700000, 0x0000000705800000|  0%| F|  |TAMS 0x0000000705700000, 0x0000000705700000| Untracked 
|  72|0x0000000705800000, 0x0000000705800000, 0x0000000705900000|  0%| F|  |TAMS 0x0000000705800000, 0x0000000705800000| Untracked 
|  73|0x0000000705900000, 0x0000000705900000, 0x0000000705a00000|  0%| F|  |TAMS 0x0000000705900000, 0x0000000705900000| Untracked 
|  74|0x0000000705a00000, 0x0000000705a00000, 0x0000000705b00000|  0%| F|  |TAMS 0x0000000705a00000, 0x0000000705a00000| Untracked 
|  75|0x0000000705b00000, 0x0000000705b00000, 0x0000000705c00000|  0%| F|  |TAMS 0x0000000705b00000, 0x0000000705b00000| Untracked 
|  76|0x0000000705c00000, 0x0000000705c00000, 0x0000000705d00000|  0%| F|  |TAMS 0x0000000705c00000, 0x0000000705c00000| Untracked 
|  77|0x0000000705d00000, 0x0000000705d00000, 0x0000000705e00000|  0%| F|  |TAMS 0x0000000705d00000, 0x0000000705d00000| Untracked 
|  78|0x0000000705e00000, 0x0000000705e00000, 0x0000000705f00000|  0%| F|  |TAMS 0x0000000705e00000, 0x0000000705e00000| Untracked 
|  79|0x0000000705f00000, 0x0000000705f00000, 0x0000000706000000|  0%| F|  |TAMS 0x0000000705f00000, 0x0000000705f00000| Untracked 
|  80|0x0000000706000000, 0x0000000706000000, 0x0000000706100000|  0%| F|  |TAMS 0x0000000706000000, 0x0000000706000000| Untracked 
|  81|0x0000000706100000, 0x0000000706100000, 0x0000000706200000|  0%| F|  |TAMS 0x0000000706100000, 0x0000000706100000| Untracked 
|  82|0x0000000706200000, 0x0000000706200000, 0x0000000706300000|  0%| F|  |TAMS 0x0000000706200000, 0x0000000706200000| Untracked 
|  83|0x0000000706300000, 0x0000000706300000, 0x0000000706400000|  0%| F|  |TAMS 0x0000000706300000, 0x0000000706300000| Untracked 
|  84|0x0000000706400000, 0x0000000706400000, 0x0000000706500000|  0%| F|  |TAMS 0x0000000706400000, 0x0000000706400000| Untracked 
|  85|0x0000000706500000, 0x0000000706500000, 0x0000000706600000|  0%| F|  |TAMS 0x0000000706500000, 0x0000000706500000| Untracked 
|  86|0x0000000706600000, 0x00000007066604d0, 0x0000000706700000| 37%| S|CS|TAMS 0x0000000706600000, 0x0000000706600000| Complete 
|  87|0x0000000706700000, 0x0000000706800000, 0x0000000706800000|100%| S|CS|TAMS 0x0000000706700000, 0x0000000706700000| Complete 
|  88|0x0000000706800000, 0x0000000706900000, 0x0000000706900000|100%| S|CS|TAMS 0x0000000706800000, 0x0000000706800000| Complete 
|  89|0x0000000706900000, 0x0000000706900000, 0x0000000706a00000|  0%| F|  |TAMS 0x0000000706900000, 0x0000000706900000| Untracked 
|  90|0x0000000706a00000, 0x0000000706a00000, 0x0000000706b00000|  0%| F|  |TAMS 0x0000000706a00000, 0x0000000706a00000| Untracked 
|  91|0x0000000706b00000, 0x0000000706b00000, 0x0000000706c00000|  0%| F|  |TAMS 0x0000000706b00000, 0x0000000706b00000| Untracked 
|  92|0x0000000706c00000, 0x0000000706c00000, 0x0000000706d00000|  0%| F|  |TAMS 0x0000000706c00000, 0x0000000706c00000| Untracked 
|  93|0x0000000706d00000, 0x0000000706d00000, 0x0000000706e00000|  0%| F|  |TAMS 0x0000000706d00000, 0x0000000706d00000| Untracked 
|  94|0x0000000706e00000, 0x0000000706e00000, 0x0000000706f00000|  0%| F|  |TAMS 0x0000000706e00000, 0x0000000706e00000| Untracked 
|  95|0x0000000706f00000, 0x0000000706f00000, 0x0000000707000000|  0%| F|  |TAMS 0x0000000706f00000, 0x0000000706f00000| Untracked 
|  96|0x0000000707000000, 0x0000000707000000, 0x0000000707100000|  0%| F|  |TAMS 0x0000000707000000, 0x0000000707000000| Untracked 
|  97|0x0000000707100000, 0x0000000707100000, 0x0000000707200000|  0%| F|  |TAMS 0x0000000707100000, 0x0000000707100000| Untracked 
|  98|0x0000000707200000, 0x0000000707200000, 0x0000000707300000|  0%| F|  |TAMS 0x0000000707200000, 0x0000000707200000| Untracked 
|  99|0x0000000707300000, 0x0000000707300000, 0x0000000707400000|  0%| F|  |TAMS 0x0000000707300000, 0x0000000707300000| Untracked 
| 100|0x0000000707400000, 0x0000000707400000, 0x0000000707500000|  0%| F|  |TAMS 0x0000000707400000, 0x0000000707400000| Untracked 
| 101|0x0000000707500000, 0x0000000707500000, 0x0000000707600000|  0%| F|  |TAMS 0x0000000707500000, 0x0000000707500000| Untracked 
| 102|0x0000000707600000, 0x0000000707600000, 0x0000000707700000|  0%| F|  |TAMS 0x0000000707600000, 0x0000000707600000| Untracked 
| 103|0x0000000707700000, 0x0000000707800000, 0x0000000707800000|100%| S|CS|TAMS 0x0000000707700000, 0x0000000707700000| Complete 
| 104|0x0000000707800000, 0x0000000707900000, 0x0000000707900000|100%| S|CS|TAMS 0x0000000707800000, 0x0000000707800000| Complete 
| 105|0x0000000707900000, 0x0000000707a00000, 0x0000000707a00000|100%| S|CS|TAMS 0x0000000707900000, 0x0000000707900000| Complete 
| 106|0x0000000707a00000, 0x0000000707b00000, 0x0000000707b00000|100%| S|CS|TAMS 0x0000000707a00000, 0x0000000707a00000| Complete 
| 107|0x0000000707b00000, 0x0000000707c00000, 0x0000000707c00000|100%| S|CS|TAMS 0x0000000707b00000, 0x0000000707b00000| Complete 
| 108|0x0000000707c00000, 0x0000000707d00000, 0x0000000707d00000|100%| S|CS|TAMS 0x0000000707c00000, 0x0000000707c00000| Complete 
| 109|0x0000000707d00000, 0x0000000707e00000, 0x0000000707e00000|100%| S|CS|TAMS 0x0000000707d00000, 0x0000000707d00000| Complete 
| 110|0x0000000707e00000, 0x0000000707f00000, 0x0000000707f00000|100%| S|CS|TAMS 0x0000000707e00000, 0x0000000707e00000| Complete 
| 111|0x0000000707f00000, 0x0000000708000000, 0x0000000708000000|100%| S|CS|TAMS 0x0000000707f00000, 0x0000000707f00000| Complete 
| 112|0x0000000708000000, 0x0000000708100000, 0x0000000708100000|100%| S|CS|TAMS 0x0000000708000000, 0x0000000708000000| Complete 
| 113|0x0000000708100000, 0x0000000708200000, 0x0000000708200000|100%| S|CS|TAMS 0x0000000708100000, 0x0000000708100000| Complete 
| 114|0x0000000708200000, 0x0000000708300000, 0x0000000708300000|100%| S|CS|TAMS 0x0000000708200000, 0x0000000708200000| Complete 
| 115|0x0000000708300000, 0x0000000708400000, 0x0000000708400000|100%| S|CS|TAMS 0x0000000708300000, 0x0000000708300000| Complete 
| 116|0x0000000708400000, 0x0000000708500000, 0x0000000708500000|100%| S|CS|TAMS 0x0000000708400000, 0x0000000708400000| Complete 
| 117|0x0000000708500000, 0x0000000708500000, 0x0000000708600000|  0%| F|  |TAMS 0x0000000708500000, 0x0000000708500000| Untracked 
| 118|0x0000000708600000, 0x0000000708600000, 0x0000000708700000|  0%| F|  |TAMS 0x0000000708600000, 0x0000000708600000| Untracked 
| 119|0x0000000708700000, 0x0000000708700000, 0x0000000708800000|  0%| F|  |TAMS 0x0000000708700000, 0x0000000708700000| Untracked 
| 120|0x0000000708800000, 0x0000000708800000, 0x0000000708900000|  0%| F|  |TAMS 0x0000000708800000, 0x0000000708800000| Untracked 
| 121|0x0000000708900000, 0x0000000708900000, 0x0000000708a00000|  0%| F|  |TAMS 0x0000000708900000, 0x0000000708900000| Untracked 
| 122|0x0000000708a00000, 0x0000000708a00000, 0x0000000708b00000|  0%| F|  |TAMS 0x0000000708a00000, 0x0000000708a00000| Untracked 
| 123|0x0000000708b00000, 0x0000000708b00000, 0x0000000708c00000|  0%| F|  |TAMS 0x0000000708b00000, 0x0000000708b00000| Untracked 
| 124|0x0000000708c00000, 0x0000000708c00000, 0x0000000708d00000|  0%| F|  |TAMS 0x0000000708c00000, 0x0000000708c00000| Untracked 
| 125|0x0000000708d00000, 0x0000000708d00000, 0x0000000708e00000|  0%| F|  |TAMS 0x0000000708d00000, 0x0000000708d00000| Untracked 
| 126|0x0000000708e00000, 0x0000000708e00000, 0x0000000708f00000|  0%| F|  |TAMS 0x0000000708e00000, 0x0000000708e00000| Untracked 
| 127|0x0000000708f00000, 0x0000000708f00000, 0x0000000709000000|  0%| F|  |TAMS 0x0000000708f00000, 0x0000000708f00000| Untracked 
| 128|0x0000000709000000, 0x0000000709000000, 0x0000000709100000|  0%| F|  |TAMS 0x0000000709000000, 0x0000000709000000| Untracked 
| 129|0x0000000709100000, 0x0000000709100000, 0x0000000709200000|  0%| F|  |TAMS 0x0000000709100000, 0x0000000709100000| Untracked 
| 130|0x0000000709200000, 0x0000000709200000, 0x0000000709300000|  0%| F|  |TAMS 0x0000000709200000, 0x0000000709200000| Untracked 
| 131|0x0000000709300000, 0x0000000709300000, 0x0000000709400000|  0%| F|  |TAMS 0x0000000709300000, 0x0000000709300000| Untracked 
| 132|0x0000000709400000, 0x0000000709400000, 0x0000000709500000|  0%| F|  |TAMS 0x0000000709400000, 0x0000000709400000| Untracked 
| 133|0x0000000709500000, 0x0000000709500000, 0x0000000709600000|  0%| F|  |TAMS 0x0000000709500000, 0x0000000709500000| Untracked 
| 134|0x0000000709600000, 0x0000000709600000, 0x0000000709700000|  0%| F|  |TAMS 0x0000000709600000, 0x0000000709600000| Untracked 
| 135|0x0000000709700000, 0x0000000709700000, 0x0000000709800000|  0%| F|  |TAMS 0x0000000709700000, 0x0000000709700000| Untracked 
| 136|0x0000000709800000, 0x0000000709800000, 0x0000000709900000|  0%| F|  |TAMS 0x0000000709800000, 0x0000000709800000| Untracked 
| 137|0x0000000709900000, 0x0000000709900000, 0x0000000709a00000|  0%| F|  |TAMS 0x0000000709900000, 0x0000000709900000| Untracked 
| 138|0x0000000709a00000, 0x0000000709a00000, 0x0000000709b00000|  0%| F|  |TAMS 0x0000000709a00000, 0x0000000709a00000| Untracked 
| 139|0x0000000709b00000, 0x0000000709b00000, 0x0000000709c00000|  0%| F|  |TAMS 0x0000000709b00000, 0x0000000709b00000| Untracked 
| 140|0x0000000709c00000, 0x0000000709c00000, 0x0000000709d00000|  0%| F|  |TAMS 0x0000000709c00000, 0x0000000709c00000| Untracked 
| 141|0x0000000709d00000, 0x0000000709d00000, 0x0000000709e00000|  0%| F|  |TAMS 0x0000000709d00000, 0x0000000709d00000| Untracked 
| 142|0x0000000709e00000, 0x0000000709e00000, 0x0000000709f00000|  0%| F|  |TAMS 0x0000000709e00000, 0x0000000709e00000| Untracked 
| 143|0x0000000709f00000, 0x0000000709f00000, 0x000000070a000000|  0%| F|  |TAMS 0x0000000709f00000, 0x0000000709f00000| Untracked 
| 144|0x000000070a000000, 0x000000070a000000, 0x000000070a100000|  0%| F|  |TAMS 0x000000070a000000, 0x000000070a000000| Untracked 
| 145|0x000000070a100000, 0x000000070a100000, 0x000000070a200000|  0%| F|  |TAMS 0x000000070a100000, 0x000000070a100000| Untracked 
| 146|0x000000070a200000, 0x000000070a200000, 0x000000070a300000|  0%| F|  |TAMS 0x000000070a200000, 0x000000070a200000| Untracked 
| 147|0x000000070a300000, 0x000000070a300000, 0x000000070a400000|  0%| F|  |TAMS 0x000000070a300000, 0x000000070a300000| Untracked 
| 148|0x000000070a400000, 0x000000070a400000, 0x000000070a500000|  0%| F|  |TAMS 0x000000070a400000, 0x000000070a400000| Untracked 
| 149|0x000000070a500000, 0x000000070a500000, 0x000000070a600000|  0%| F|  |TAMS 0x000000070a500000, 0x000000070a500000| Untracked 
| 150|0x000000070a600000, 0x000000070a600000, 0x000000070a700000|  0%| F|  |TAMS 0x000000070a600000, 0x000000070a600000| Untracked 
| 151|0x000000070a700000, 0x000000070a700000, 0x000000070a800000|  0%| F|  |TAMS 0x000000070a700000, 0x000000070a700000| Untracked 
| 152|0x000000070a800000, 0x000000070a800000, 0x000000070a900000|  0%| F|  |TAMS 0x000000070a800000, 0x000000070a800000| Untracked 
| 153|0x000000070a900000, 0x000000070a900000, 0x000000070aa00000|  0%| F|  |TAMS 0x000000070a900000, 0x000000070a900000| Untracked 
| 154|0x000000070aa00000, 0x000000070aa00000, 0x000000070ab00000|  0%| F|  |TAMS 0x000000070aa00000, 0x000000070aa00000| Untracked 
| 155|0x000000070ab00000, 0x000000070ab00000, 0x000000070ac00000|  0%| F|  |TAMS 0x000000070ab00000, 0x000000070ab00000| Untracked 
| 156|0x000000070ac00000, 0x000000070ac00000, 0x000000070ad00000|  0%| F|  |TAMS 0x000000070ac00000, 0x000000070ac00000| Untracked 
| 157|0x000000070ad00000, 0x000000070ad00000, 0x000000070ae00000|  0%| F|  |TAMS 0x000000070ad00000, 0x000000070ad00000| Untracked 
| 158|0x000000070ae00000, 0x000000070ae00000, 0x000000070af00000|  0%| F|  |TAMS 0x000000070ae00000, 0x000000070ae00000| Untracked 
| 159|0x000000070af00000, 0x000000070af00000, 0x000000070b000000|  0%| F|  |TAMS 0x000000070af00000, 0x000000070af00000| Untracked 
| 160|0x000000070b000000, 0x000000070b000000, 0x000000070b100000|  0%| F|  |TAMS 0x000000070b000000, 0x000000070b000000| Untracked 
| 161|0x000000070b100000, 0x000000070b100000, 0x000000070b200000|  0%| F|  |TAMS 0x000000070b100000, 0x000000070b100000| Untracked 
| 162|0x000000070b200000, 0x000000070b200000, 0x000000070b300000|  0%| F|  |TAMS 0x000000070b200000, 0x000000070b200000| Untracked 
| 163|0x000000070b300000, 0x000000070b300000, 0x000000070b400000|  0%| F|  |TAMS 0x000000070b300000, 0x000000070b300000| Untracked 
| 164|0x000000070b400000, 0x000000070b400000, 0x000000070b500000|  0%| F|  |TAMS 0x000000070b400000, 0x000000070b400000| Untracked 
| 165|0x000000070b500000, 0x000000070b500000, 0x000000070b600000|  0%| F|  |TAMS 0x000000070b500000, 0x000000070b500000| Untracked 
| 166|0x000000070b600000, 0x000000070b600000, 0x000000070b700000|  0%| F|  |TAMS 0x000000070b600000, 0x000000070b600000| Untracked 
| 167|0x000000070b700000, 0x000000070b700000, 0x000000070b800000|  0%| F|  |TAMS 0x000000070b700000, 0x000000070b700000| Untracked 
| 168|0x000000070b800000, 0x000000070b800000, 0x000000070b900000|  0%| F|  |TAMS 0x000000070b800000, 0x000000070b800000| Untracked 
| 169|0x000000070b900000, 0x000000070b900000, 0x000000070ba00000|  0%| F|  |TAMS 0x000000070b900000, 0x000000070b900000| Untracked 
| 170|0x000000070ba00000, 0x000000070ba00000, 0x000000070bb00000|  0%| F|  |TAMS 0x000000070ba00000, 0x000000070ba00000| Untracked 
| 171|0x000000070bb00000, 0x000000070bb00000, 0x000000070bc00000|  0%| F|  |TAMS 0x000000070bb00000, 0x000000070bb00000| Untracked 
| 172|0x000000070bc00000, 0x000000070bc00000, 0x000000070bd00000|  0%| F|  |TAMS 0x000000070bc00000, 0x000000070bc00000| Untracked 
| 173|0x000000070bd00000, 0x000000070bd00000, 0x000000070be00000|  0%| F|  |TAMS 0x000000070bd00000, 0x000000070bd00000| Untracked 
| 174|0x000000070be00000, 0x000000070be00000, 0x000000070bf00000|  0%| F|  |TAMS 0x000000070be00000, 0x000000070be00000| Untracked 
| 175|0x000000070bf00000, 0x000000070bf00000, 0x000000070c000000|  0%| F|  |TAMS 0x000000070bf00000, 0x000000070bf00000| Untracked 
| 176|0x000000070c000000, 0x000000070c000000, 0x000000070c100000|  0%| F|  |TAMS 0x000000070c000000, 0x000000070c000000| Untracked 
| 177|0x000000070c100000, 0x000000070c100000, 0x000000070c200000|  0%| F|  |TAMS 0x000000070c100000, 0x000000070c100000| Untracked 
| 178|0x000000070c200000, 0x000000070c200000, 0x000000070c300000|  0%| F|  |TAMS 0x000000070c200000, 0x000000070c200000| Untracked 
| 179|0x000000070c300000, 0x000000070c300000, 0x000000070c400000|  0%| F|  |TAMS 0x000000070c300000, 0x000000070c300000| Untracked 
| 180|0x000000070c400000, 0x000000070c400000, 0x000000070c500000|  0%| F|  |TAMS 0x000000070c400000, 0x000000070c400000| Untracked 
| 181|0x000000070c500000, 0x000000070c500000, 0x000000070c600000|  0%| F|  |TAMS 0x000000070c500000, 0x000000070c500000| Untracked 
| 182|0x000000070c600000, 0x000000070c600000, 0x000000070c700000|  0%| F|  |TAMS 0x000000070c600000, 0x000000070c600000| Untracked 
| 183|0x000000070c700000, 0x000000070c700000, 0x000000070c800000|  0%| F|  |TAMS 0x000000070c700000, 0x000000070c700000| Untracked 
| 184|0x000000070c800000, 0x000000070c800000, 0x000000070c900000|  0%| F|  |TAMS 0x000000070c800000, 0x000000070c800000| Untracked 
| 185|0x000000070c900000, 0x000000070c900000, 0x000000070ca00000|  0%| F|  |TAMS 0x000000070c900000, 0x000000070c900000| Untracked 
| 186|0x000000070ca00000, 0x000000070ca00000, 0x000000070cb00000|  0%| F|  |TAMS 0x000000070ca00000, 0x000000070ca00000| Untracked 
| 187|0x000000070cb00000, 0x000000070cb00000, 0x000000070cc00000|  0%| F|  |TAMS 0x000000070cb00000, 0x000000070cb00000| Untracked 
| 188|0x000000070cc00000, 0x000000070cc00000, 0x000000070cd00000|  0%| F|  |TAMS 0x000000070cc00000, 0x000000070cc00000| Untracked 
| 189|0x000000070cd00000, 0x000000070cd00000, 0x000000070ce00000|  0%| F|  |TAMS 0x000000070cd00000, 0x000000070cd00000| Untracked 
| 190|0x000000070ce00000, 0x000000070ce00000, 0x000000070cf00000|  0%| F|  |TAMS 0x000000070ce00000, 0x000000070ce00000| Untracked 
| 191|0x000000070cf00000, 0x000000070cf00000, 0x000000070d000000|  0%| F|  |TAMS 0x000000070cf00000, 0x000000070cf00000| Untracked 
| 192|0x000000070d000000, 0x000000070d000000, 0x000000070d100000|  0%| F|  |TAMS 0x000000070d000000, 0x000000070d000000| Untracked 
| 193|0x000000070d100000, 0x000000070d100000, 0x000000070d200000|  0%| F|  |TAMS 0x000000070d100000, 0x000000070d100000| Untracked 
| 194|0x000000070d200000, 0x000000070d200000, 0x000000070d300000|  0%| F|  |TAMS 0x000000070d200000, 0x000000070d200000| Untracked 
| 195|0x000000070d300000, 0x000000070d300000, 0x000000070d400000|  0%| F|  |TAMS 0x000000070d300000, 0x000000070d300000| Untracked 
| 196|0x000000070d400000, 0x000000070d400000, 0x000000070d500000|  0%| F|  |TAMS 0x000000070d400000, 0x000000070d400000| Untracked 
| 197|0x000000070d500000, 0x000000070d500000, 0x000000070d600000|  0%| F|  |TAMS 0x000000070d500000, 0x000000070d500000| Untracked 
| 198|0x000000070d600000, 0x000000070d600000, 0x000000070d700000|  0%| F|  |TAMS 0x000000070d600000, 0x000000070d600000| Untracked 
| 199|0x000000070d700000, 0x000000070d700000, 0x000000070d800000|  0%| F|  |TAMS 0x000000070d700000, 0x000000070d700000| Untracked 
| 200|0x000000070d800000, 0x000000070d800000, 0x000000070d900000|  0%| F|  |TAMS 0x000000070d800000, 0x000000070d800000| Untracked 
| 201|0x000000070d900000, 0x000000070d900000, 0x000000070da00000|  0%| F|  |TAMS 0x000000070d900000, 0x000000070d900000| Untracked 
| 202|0x000000070da00000, 0x000000070da00000, 0x000000070db00000|  0%| F|  |TAMS 0x000000070da00000, 0x000000070da00000| Untracked 
| 203|0x000000070db00000, 0x000000070db00000, 0x000000070dc00000|  0%| F|  |TAMS 0x000000070db00000, 0x000000070db00000| Untracked 
| 204|0x000000070dc00000, 0x000000070dc00000, 0x000000070dd00000|  0%| F|  |TAMS 0x000000070dc00000, 0x000000070dc00000| Untracked 
| 205|0x000000070dd00000, 0x000000070dd00000, 0x000000070de00000|  0%| F|  |TAMS 0x000000070dd00000, 0x000000070dd00000| Untracked 
| 206|0x000000070de00000, 0x000000070de00000, 0x000000070df00000|  0%| F|  |TAMS 0x000000070de00000, 0x000000070de00000| Untracked 
| 207|0x000000070df00000, 0x000000070df00000, 0x000000070e000000|  0%| F|  |TAMS 0x000000070df00000, 0x000000070df00000| Untracked 
| 208|0x000000070e000000, 0x000000070e000000, 0x000000070e100000|  0%| F|  |TAMS 0x000000070e000000, 0x000000070e000000| Untracked 
| 209|0x000000070e100000, 0x000000070e100000, 0x000000070e200000|  0%| F|  |TAMS 0x000000070e100000, 0x000000070e100000| Untracked 
| 210|0x000000070e200000, 0x000000070e200000, 0x000000070e300000|  0%| F|  |TAMS 0x000000070e200000, 0x000000070e200000| Untracked 
| 211|0x000000070e300000, 0x000000070e300000, 0x000000070e400000|  0%| F|  |TAMS 0x000000070e300000, 0x000000070e300000| Untracked 
| 212|0x000000070e400000, 0x000000070e400000, 0x000000070e500000|  0%| F|  |TAMS 0x000000070e400000, 0x000000070e400000| Untracked 
| 213|0x000000070e500000, 0x000000070e500000, 0x000000070e600000|  0%| F|  |TAMS 0x000000070e500000, 0x000000070e500000| Untracked 
| 214|0x000000070e600000, 0x000000070e600000, 0x000000070e700000|  0%| F|  |TAMS 0x000000070e600000, 0x000000070e600000| Untracked 
| 215|0x000000070e700000, 0x000000070e700000, 0x000000070e800000|  0%| F|  |TAMS 0x000000070e700000, 0x000000070e700000| Untracked 
| 216|0x000000070e800000, 0x000000070e800000, 0x000000070e900000|  0%| F|  |TAMS 0x000000070e800000, 0x000000070e800000| Untracked 
| 217|0x000000070e900000, 0x000000070e900000, 0x000000070ea00000|  0%| F|  |TAMS 0x000000070e900000, 0x000000070e900000| Untracked 
| 218|0x000000070ea00000, 0x000000070ea00000, 0x000000070eb00000|  0%| F|  |TAMS 0x000000070ea00000, 0x000000070ea00000| Untracked 
| 219|0x000000070eb00000, 0x000000070eb00000, 0x000000070ec00000|  0%| F|  |TAMS 0x000000070eb00000, 0x000000070eb00000| Untracked 
| 220|0x000000070ec00000, 0x000000070ec00000, 0x000000070ed00000|  0%| F|  |TAMS 0x000000070ec00000, 0x000000070ec00000| Untracked 
| 221|0x000000070ed00000, 0x000000070ed00000, 0x000000070ee00000|  0%| F|  |TAMS 0x000000070ed00000, 0x000000070ed00000| Untracked 
| 222|0x000000070ee00000, 0x000000070ee00000, 0x000000070ef00000|  0%| F|  |TAMS 0x000000070ee00000, 0x000000070ee00000| Untracked 
| 223|0x000000070ef00000, 0x000000070ef00000, 0x000000070f000000|  0%| F|  |TAMS 0x000000070ef00000, 0x000000070ef00000| Untracked 
| 224|0x000000070f000000, 0x000000070f000000, 0x000000070f100000|  0%| F|  |TAMS 0x000000070f000000, 0x000000070f000000| Untracked 
| 225|0x000000070f100000, 0x000000070f100000, 0x000000070f200000|  0%| F|  |TAMS 0x000000070f100000, 0x000000070f100000| Untracked 
| 226|0x000000070f200000, 0x000000070f200000, 0x000000070f300000|  0%| F|  |TAMS 0x000000070f200000, 0x000000070f200000| Untracked 
| 227|0x000000070f300000, 0x000000070f300000, 0x000000070f400000|  0%| F|  |TAMS 0x000000070f300000, 0x000000070f300000| Untracked 
| 228|0x000000070f400000, 0x000000070f400000, 0x000000070f500000|  0%| F|  |TAMS 0x000000070f400000, 0x000000070f400000| Untracked 
| 229|0x000000070f500000, 0x000000070f500000, 0x000000070f600000|  0%| F|  |TAMS 0x000000070f500000, 0x000000070f500000| Untracked 
| 230|0x000000070f600000, 0x000000070f600000, 0x000000070f700000|  0%| F|  |TAMS 0x000000070f600000, 0x000000070f600000| Untracked 
| 231|0x000000070f700000, 0x000000070f700000, 0x000000070f800000|  0%| F|  |TAMS 0x000000070f700000, 0x000000070f700000| Untracked 
| 232|0x000000070f800000, 0x000000070f800000, 0x000000070f900000|  0%| F|  |TAMS 0x000000070f800000, 0x000000070f800000| Untracked 
| 233|0x000000070f900000, 0x000000070f900000, 0x000000070fa00000|  0%| F|  |TAMS 0x000000070f900000, 0x000000070f900000| Untracked 
| 234|0x000000070fa00000, 0x000000070fa00000, 0x000000070fb00000|  0%| F|  |TAMS 0x000000070fa00000, 0x000000070fa00000| Untracked 
| 235|0x000000070fb00000, 0x000000070fb00000, 0x000000070fc00000|  0%| F|  |TAMS 0x000000070fb00000, 0x000000070fb00000| Untracked 
| 236|0x000000070fc00000, 0x000000070fc00000, 0x000000070fd00000|  0%| F|  |TAMS 0x000000070fc00000, 0x000000070fc00000| Untracked 
| 237|0x000000070fd00000, 0x000000070fd00000, 0x000000070fe00000|  0%| F|  |TAMS 0x000000070fd00000, 0x000000070fd00000| Untracked 
| 238|0x000000070fe00000, 0x000000070fe00000, 0x000000070ff00000|  0%| F|  |TAMS 0x000000070fe00000, 0x000000070fe00000| Untracked 
| 239|0x000000070ff00000, 0x000000070ff00000, 0x0000000710000000|  0%| F|  |TAMS 0x000000070ff00000, 0x000000070ff00000| Untracked 
| 240|0x0000000710000000, 0x0000000710000000, 0x0000000710100000|  0%| F|  |TAMS 0x0000000710000000, 0x0000000710000000| Untracked 
| 241|0x0000000710100000, 0x0000000710100000, 0x0000000710200000|  0%| F|  |TAMS 0x0000000710100000, 0x0000000710100000| Untracked 
| 242|0x0000000710200000, 0x0000000710200000, 0x0000000710300000|  0%| F|  |TAMS 0x0000000710200000, 0x0000000710200000| Untracked 
| 243|0x0000000710300000, 0x0000000710300000, 0x0000000710400000|  0%| F|  |TAMS 0x0000000710300000, 0x0000000710300000| Untracked 
| 244|0x0000000710400000, 0x0000000710400000, 0x0000000710500000|  0%| F|  |TAMS 0x0000000710400000, 0x0000000710400000| Untracked 
| 245|0x0000000710500000, 0x0000000710500000, 0x0000000710600000|  0%| F|  |TAMS 0x0000000710500000, 0x0000000710500000| Untracked 
| 246|0x0000000710600000, 0x0000000710600000, 0x0000000710700000|  0%| F|  |TAMS 0x0000000710600000, 0x0000000710600000| Untracked 
| 247|0x0000000710700000, 0x0000000710700000, 0x0000000710800000|  0%| F|  |TAMS 0x0000000710700000, 0x0000000710700000| Untracked 
| 248|0x0000000710800000, 0x0000000710800000, 0x0000000710900000|  0%| F|  |TAMS 0x0000000710800000, 0x0000000710800000| Untracked 
| 249|0x0000000710900000, 0x0000000710900000, 0x0000000710a00000|  0%| F|  |TAMS 0x0000000710900000, 0x0000000710900000| Untracked 
| 250|0x0000000710a00000, 0x0000000710a00000, 0x0000000710b00000|  0%| F|  |TAMS 0x0000000710a00000, 0x0000000710a00000| Untracked 
| 251|0x0000000710b00000, 0x0000000710b00000, 0x0000000710c00000|  0%| F|  |TAMS 0x0000000710b00000, 0x0000000710b00000| Untracked 
| 252|0x0000000710c00000, 0x0000000710c00000, 0x0000000710d00000|  0%| F|  |TAMS 0x0000000710c00000, 0x0000000710c00000| Untracked 
| 253|0x0000000710d00000, 0x0000000710d00000, 0x0000000710e00000|  0%| F|  |TAMS 0x0000000710d00000, 0x0000000710d00000| Untracked 
| 254|0x0000000710e00000, 0x0000000710e00000, 0x0000000710f00000|  0%| F|  |TAMS 0x0000000710e00000, 0x0000000710e00000| Untracked 
| 255|0x0000000710f00000, 0x0000000710f00000, 0x0000000711000000|  0%| F|  |TAMS 0x0000000710f00000, 0x0000000710f00000| Untracked 

Card table byte_map: [0x00000198f7720000,0x00000198f7f20000] _byte_map_base: 0x00000198f3f18000

Marking Bits (Prev, Next): (CMBitMap*) 0x00000198ef7ca508, (CMBitMap*) 0x00000198ef7ca540
 Prev Bits: [0x00000198f8720000, 0x00000198fc6e0000)
 Next Bits: [0x000001988f000000, 0x0000019892fc0000)

Polling page: 0x00000198ed8e0000

Metaspace:

Usage:
  Non-class:     48.08 MB capacity,    46.98 MB ( 98%) used,   915.42 KB (  2%) free+waste,   204.31 KB ( <1%) overhead. 
      Class:      7.43 MB capacity,     6.69 MB ( 90%) used,   657.41 KB (  9%) free+waste,   104.00 KB (  1%) overhead. 
       Both:     55.51 MB capacity,    53.67 MB ( 97%) used,     1.54 MB (  3%) free+waste,   308.31 KB ( <1%) overhead. 

Virtual space:
  Non-class space:       50.00 MB reserved,      48.17 MB ( 96%) committed 
      Class space:        1.00 GB reserved,       7.50 MB ( <1%) committed 
             Both:        1.05 GB reserved,      55.67 MB (  5%) committed 

Chunk freelists:
   Non-Class:  0 bytes
       Class:  0 bytes
        Both:  0 bytes

CodeHeap 'non-profiled nmethods': size=238912Kb used=10081Kb max_used=10081Kb free=228830Kb
 bounds [0x00000198806b0000, 0x0000019881090000, 0x000001988f000000]
CodeHeap 'non-nmethods': size=6848Kb used=1282Kb max_used=1282Kb free=5565Kb
 bounds [0x0000019880000000, 0x0000019880270000, 0x00000198806b0000]
 total_blobs=6942 nmethods=6279 adapters=588
 compilation: enabled
              stopped_count=0, restarted_count=0
 full_count=0

Compilation events (10 events):
Event: 42.280 Thread 0x00000198ff956800 6275       1       org.apache.tomcat.util.net.NioEndpoint::access$200 (5 bytes)
Event: 42.280 Thread 0x00000198ff956800 nmethod 6275 0x0000019881087290 code [0x0000019881087420, 0x00000198810874b8]
Event: 42.657 Thread 0x00000198ff956800 6276       1       java.util.concurrent.locks.AbstractQueuedSynchronizer$Node::predecessor (19 bytes)
Event: 42.658 Thread 0x00000198ff956800 nmethod 6276 0x0000019881087590 code [0x0000019881087740, 0x00000198810878a8]
Event: 42.658 Thread 0x00000198ff956800 6277       1       java.util.concurrent.TimeUnit::toNanos (45 bytes)
Event: 42.658 Thread 0x00000198ff956800 nmethod 6277 0x0000019881087990 code [0x0000019881087b20, 0x0000019881087c58]
Event: 42.672 Thread 0x00000198ff956800 6278       1       java.lang.Thread::setContextClassLoader (27 bytes)
Event: 42.673 Thread 0x00000198ff956800 nmethod 6278 0x0000019881087d10 code [0x0000019881087ec0, 0x0000019881088178]
Event: 42.673 Thread 0x00000198ff956800 6279       1       org.apache.catalina.webresources.CachedResource::getNextCheck (5 bytes)
Event: 42.673 Thread 0x00000198ff956800 nmethod 6279 0x0000019881088290 code [0x0000019881088420, 0x00000198810884d8]

GC Heap History (10 events):
Event: 0.991 GC heap after
{Heap after GC invocations=2 (full 0):
 garbage-first heap   total 262144K, used 7314K [0x0000000701000000, 0x0000000800000000)
  region size 1024K, 2 young (2048K), 2 survivors (2048K)
 Metaspace       used 18094K, capacity 18610K, committed 18688K, reserved 1064960K
  class space    used 2053K, capacity 2273K, committed 2304K, reserved 1048576K
}
Event: 1.126 GC heap before
{Heap before GC invocations=2 (full 0):
 garbage-first heap   total 262144K, used 24722K [0x0000000701000000, 0x0000000800000000)
  region size 1024K, 20 young (20480K), 2 survivors (2048K)
 Metaspace       used 20591K, capacity 21224K, committed 21296K, reserved 1069056K
  class space    used 2404K, capacity 2687K, committed 2688K, reserved 1048576K
}
Event: 1.128 GC heap after
{Heap after GC invocations=3 (full 0):
 garbage-first heap   total 262144K, used 8184K [0x0000000701000000, 0x0000000800000000)
  region size 1024K, 3 young (3072K), 3 survivors (3072K)
 Metaspace       used 20591K, capacity 21224K, committed 21296K, reserved 1069056K
  class space    used 2404K, capacity 2687K, committed 2688K, reserved 1048576K
}
Event: 1.521 GC heap before
{Heap before GC invocations=4 (full 0):
 garbage-first heap   total 262144K, used 56312K [0x0000000701000000, 0x0000000800000000)
  region size 1024K, 50 young (51200K), 3 survivors (3072K)
 Metaspace       used 25612K, capacity 26435K, committed 26672K, reserved 1073152K
  class space    used 3097K, capacity 3446K, committed 3456K, reserved 1048576K
}
Event: 1.525 GC heap after
{Heap after GC invocations=5 (full 0):
 garbage-first heap   total 262144K, used 10513K [0x0000000701000000, 0x0000000800000000)
  region size 1024K, 5 young (5120K), 5 survivors (5120K)
 Metaspace       used 25612K, capacity 26435K, committed 26672K, reserved 1073152K
  class space    used 3097K, capacity 3446K, committed 3456K, reserved 1048576K
}
Event: 2.416 GC heap before
{Heap before GC invocations=5 (full 0):
 garbage-first heap   total 262144K, used 106769K [0x0000000701000000, 0x0000000800000000)
  region size 1024K, 100 young (102400K), 5 survivors (5120K)
 Metaspace       used 34462K, capacity 35705K, committed 35888K, reserved 1081344K
  class space    used 4327K, capacity 4867K, committed 4992K, reserved 1048576K
}
Event: 2.423 GC heap after
{Heap after GC invocations=6 (full 0):
 garbage-first heap   total 262144K, used 15003K [0x0000000701000000, 0x0000000800000000)
  region size 1024K, 9 young (9216K), 9 survivors (9216K)
 Metaspace       used 34462K, capacity 35705K, committed 35888K, reserved 1081344K
  class space    used 4327K, capacity 4867K, committed 4992K, reserved 1048576K
}
Event: 3.299 GC heap before
{Heap before GC invocations=7 (full 0):
 garbage-first heap   total 262144K, used 162459K [0x0000000701000000, 0x0000000800000000)
  region size 1024K, 153 young (156672K), 9 survivors (9216K)
 Metaspace       used 43059K, capacity 44523K, committed 44848K, reserved 1087488K
  class space    used 5332K, capacity 5925K, committed 6016K, reserved 1048576K
}
Event: 3.306 GC heap after
{Heap after GC invocations=8 (full 0):
 garbage-first heap   total 262144K, used 19728K [0x0000000701000000, 0x0000000800000000)
  region size 1024K, 14 young (14336K), 14 survivors (14336K)
 Metaspace       used 43059K, capacity 44523K, committed 44848K, reserved 1087488K
  class space    used 5332K, capacity 5925K, committed 6016K, reserved 1048576K
}
Event: 48.528 GC heap before
{Heap before GC invocations=8 (full 0):
 garbage-first heap   total 262144K, used 161040K [0x0000000701000000, 0x0000000800000000)
  region size 1024K, 153 young (156672K), 14 survivors (14336K)
 Metaspace       used 54960K, capacity 56842K, committed 57008K, reserved 1099776K
  class space    used 6851K, capacity 7613K, committed 7680K, reserved 1048576K
}

Deoptimization events (0 events):
No events

Classes redefined (0 events):
No events

Internal exceptions (10 events):
Event: 9.045 Thread 0x0000019896a0d000 Exception <a 'java/lang/NoSuchMethodError'{0x000000070b0ef6d0}: java.lang.invoke.DirectMethodHandle$Holder.invokeStaticInit(Ljava/lang/Object;Ljava/lang/Object;Ljava/lang/Object;Ljava/lang/Object;)Ljava/lang/Object;> (0x000000070b0ef6d0) thrown at [./open
Event: 20.687 Thread 0x0000019896a08000 Exception <a 'java/lang/ClassNotFoundException'{0x0000000709e29bf0}: java/lang/ObjectCustomizer> (0x0000000709e29bf0) thrown at [./open/src/hotspot/share/classfile/systemDictionary.cpp, line 226]
Event: 20.689 Thread 0x0000019896a08000 Exception <a 'java/lang/ClassNotFoundException'{0x0000000709e459a0}: com/wegether/app/domain/dto/ConsultingDTOCustomizer> (0x0000000709e459a0) thrown at [./open/src/hotspot/share/classfile/systemDictionary.cpp, line 226]
Event: 31.889 Thread 0x0000019896a08000 Exception <a 'java/lang/NoSuchMethodError'{0x00000007094ffc00}: java.lang.invoke.DelegatingMethodHandle$Holder.reinvoke_L(Ljava/lang/Object;Ljava/lang/Object;IILjava/lang/Object;Ljava/lang/Object;Ljava/lang/Object;Ljava/lang/Object;Ljava/lang/Object;Ljava
Event: 31.891 Thread 0x0000019896a08000 Exception <a 'java/lang/NoSuchMethodError'{0x0000000709369f50}: java.lang.invoke.DirectMethodHandle$Holder.invokeSpecial(Ljava/lang/Object;Ljava/lang/Object;IILjava/lang/Object;Ljava/lang/Object;Ljava/lang/Object;Ljava/lang/Object;Ljava/lang/Object;Ljava/
Event: 31.891 Thread 0x0000019896a08000 Exception <a 'java/lang/NoSuchMethodError'{0x000000070936e070}: java.lang.invoke.DelegatingMethodHandle$Holder.reinvoke_L(Ljava/lang/Object;IILjava/lang/Object;Ljava/lang/Object;Ljava/lang/Object;Ljava/lang/Object;Ljava/lang/Object;Ljava/lang/Object;Ljava
Event: 31.892 Thread 0x0000019896a08000 Exception <a 'java/lang/NoSuchMethodError'{0x00000007093bcb08}: java.lang.invoke.DirectMethodHandle$Holder.invokeStatic(Ljava/lang/Object;Ljava/lang/Object;Ljava/lang/Object;Ljava/lang/Object;Ljava/lang/Object;Ljava/lang/Object;Ljava/lang/Object;Ljava/lan
Event: 31.893 Thread 0x0000019896a08000 Exception <a 'java/lang/NoSuchMethodError'{0x00000007093ddcd8}: java.lang.invoke.DirectMethodHandle$Holder.invokeStatic(Ljava/lang/Object;Ljava/lang/Object;Ljava/lang/Object;Ljava/lang/Object;Ljava/lang/Object;Ljava/lang/Object;Ljava/lang/Object;Ljava/lan
Event: 31.894 Thread 0x0000019896a08000 Exception <a 'java/lang/NoSuchMethodError'{0x000000070920df28}: java.lang.invoke.DirectMethodHandle$Holder.invokeSpecial(Ljava/lang/Object;Ljava/lang/Object;Ljava/lang/Object;Ljava/lang/Object;Ljava/lang/Object;Ljava/lang/Object;Ljava/lang/Object;Ljava/la
Event: 31.894 Thread 0x0000019896a08000 Exception <a 'java/lang/NoSuchMethodError'{0x000000070921ddb0}: java.lang.invoke.Invokers$Holder.linkToTargetMethod(Ljava/lang/Object;Ljava/lang/Object;Ljava/lang/Object;Ljava/lang/Object;Ljava/lang/Object;Ljava/lang/Object;Ljava/lang/Object;Ljava/lang/Ob

Events (10 events):
Event: 31.931 loading class org/apache/catalina/webresources/AbstractArchiveResourceSet done
Event: 34.054 Executing VM operation: RevokeBias
Event: 34.054 Executing VM operation: RevokeBias done
Event: 34.054 Thread 0x0000019896a0a800 Thread added: 0x0000019896a0a800
Event: 34.055 Thread 0x0000019896a0a800 Thread exited: 0x0000019896a0a800
Event: 38.928 Executing VM operation: RevokeBias
Event: 38.928 Executing VM operation: RevokeBias done
Event: 38.928 Thread 0x0000019896a09800 Thread added: 0x0000019896a09800
Event: 38.929 Thread 0x0000019896a09800 Thread exited: 0x0000019896a09800
Event: 48.528 Executing VM operation: G1CollectForAllocation


Dynamic libraries:
0x00007ff6f5730000 - 0x00007ff6f573f000 	C:\Java\jdk-11.0.16\bin\java.exe
0x00007ffc9d590000 - 0x00007ffc9d788000 	C:\WINDOWS\SYSTEM32\ntdll.dll
0x00007ffc9d490000 - 0x00007ffc9d54f000 	C:\WINDOWS\System32\KERNEL32.DLL
0x00007ffc9b2f0000 - 0x00007ffc9b5e6000 	C:\WINDOWS\System32\KERNELBASE.dll
0x00007ffc9ace0000 - 0x00007ffc9ade0000 	C:\WINDOWS\System32\ucrtbase.dll
0x00007ffc96310000 - 0x00007ffc96328000 	C:\Java\jdk-11.0.16\bin\jli.dll
0x00007ffc80e40000 - 0x00007ffc80e55000 	C:\Java\jdk-11.0.16\bin\VCRUNTIME140.dll
0x00007ffc9c5d0000 - 0x00007ffc9c67f000 	C:\WINDOWS\System32\ADVAPI32.dll
0x00007ffc9c920000 - 0x00007ffc9c9be000 	C:\WINDOWS\System32\msvcrt.dll
0x00007ffc9c880000 - 0x00007ffc9c91c000 	C:\WINDOWS\System32\sechost.dll
0x00007ffc9c4a0000 - 0x00007ffc9c5c6000 	C:\WINDOWS\System32\RPCRT4.dll
0x00007ffc9b9b0000 - 0x00007ffc9bb4d000 	C:\WINDOWS\System32\USER32.dll
0x00007ffc9ae10000 - 0x00007ffc9ae32000 	C:\WINDOWS\System32\win32u.dll
0x00007ffc9c6e0000 - 0x00007ffc9c70c000 	C:\WINDOWS\System32\GDI32.dll
0x00007ffc8b600000 - 0x00007ffc8b89a000 	C:\WINDOWS\WinSxS\amd64_microsoft.windows.common-controls_6595b64144ccf1df_6.0.19041.1110_none_60b5254171f9507e\COMCTL32.dll
0x00007ffc9af40000 - 0x00007ffc9b055000 	C:\WINDOWS\System32\gdi32full.dll
0x00007ffc9b1c0000 - 0x00007ffc9b25d000 	C:\WINDOWS\System32\msvcp_win.dll
0x00007ffc95260000 - 0x00007ffc9526a000 	C:\WINDOWS\SYSTEM32\VERSION.dll
0x00007ffc9c720000 - 0x00007ffc9c750000 	C:\WINDOWS\System32\IMM32.DLL
0x00007ffc7ae90000 - 0x00007ffc7af2b000 	C:\Java\jdk-11.0.16\bin\msvcp140.dll
0x00007ffc65b10000 - 0x00007ffc66628000 	C:\Java\jdk-11.0.16\bin\server\jvm.dll
0x00007ffc9c380000 - 0x00007ffc9c388000 	C:\WINDOWS\System32\PSAPI.DLL
0x00007ffc89340000 - 0x00007ffc89349000 	C:\WINDOWS\SYSTEM32\WSOCK32.dll
0x00007ffc91d90000 - 0x00007ffc91db7000 	C:\WINDOWS\SYSTEM32\WINMM.dll
0x00007ffc9d420000 - 0x00007ffc9d48b000 	C:\WINDOWS\System32\WS2_32.dll
0x00007ffc98a70000 - 0x00007ffc98a82000 	C:\WINDOWS\SYSTEM32\kernel.appcore.dll
0x00007ffc983f0000 - 0x00007ffc98400000 	C:\Java\jdk-11.0.16\bin\verify.dll
0x00007ffc909a0000 - 0x00007ffc90b84000 	C:\WINDOWS\SYSTEM32\DBGHELP.DLL
0x00007ffc881f0000 - 0x00007ffc88224000 	C:\WINDOWS\SYSTEM32\dbgcore.DLL
0x00007ffc9b260000 - 0x00007ffc9b2e2000 	C:\WINDOWS\System32\bcryptPrimitives.dll
0x00007ffc7d7a0000 - 0x00007ffc7d7c8000 	C:\Java\jdk-11.0.16\bin\java.dll
0x00007ffc83fc0000 - 0x00007ffc83fca000 	C:\Java\jdk-11.0.16\bin\jimage.dll
0x00007ffc983e0000 - 0x00007ffc983ee000 	C:\Java\jdk-11.0.16\bin\instrument.dll
0x00007ffc80d90000 - 0x00007ffc80da6000 	C:\Java\jdk-11.0.16\bin\zip.dll
0x00007ffc9bc30000 - 0x00007ffc9c374000 	C:\WINDOWS\System32\SHELL32.dll
0x00007ffc98d50000 - 0x00007ffc994e3000 	C:\WINDOWS\SYSTEM32\windows.storage.dll
0x00007ffc9b650000 - 0x00007ffc9b9a4000 	C:\WINDOWS\System32\combase.dll
0x00007ffc9a6d0000 - 0x00007ffc9a6fe000 	C:\WINDOWS\SYSTEM32\Wldp.dll
0x00007ffc9c390000 - 0x00007ffc9c43d000 	C:\WINDOWS\System32\SHCORE.dll
0x00007ffc9d3c0000 - 0x00007ffc9d415000 	C:\WINDOWS\System32\shlwapi.dll
0x00007ffc9abb0000 - 0x00007ffc9abcf000 	C:\WINDOWS\SYSTEM32\profapi.dll
0x00007ffc80d50000 - 0x00007ffc80d69000 	C:\Java\jdk-11.0.16\bin\net.dll
0x00007ffc94af0000 - 0x00007ffc94bfa000 	C:\WINDOWS\SYSTEM32\WINHTTP.dll
0x00007ffc9a430000 - 0x00007ffc9a49a000 	C:\WINDOWS\system32\mswsock.dll
0x00007ffc7d760000 - 0x00007ffc7d772000 	C:\Java\jdk-11.0.16\bin\nio.dll
0x00007ffc9a120000 - 0x00007ffc9a1eb000 	C:\WINDOWS\SYSTEM32\DNSAPI.dll
0x00007ffc9a0d0000 - 0x00007ffc9a10c000 	C:\WINDOWS\SYSTEM32\IPHLPAPI.DLL
0x00007ffc9c710000 - 0x00007ffc9c718000 	C:\WINDOWS\System32\NSI.dll
0x00007ffc94470000 - 0x00007ffc9447a000 	C:\Windows\System32\rasadhlp.dll
0x00007ffc92c70000 - 0x00007ffc92cf2000 	C:\WINDOWS\System32\fwpuclnt.dll
0x00007ffc9ade0000 - 0x00007ffc9ae07000 	C:\WINDOWS\System32\bcrypt.dll
0x00007ffc82f60000 - 0x00007ffc82f69000 	C:\Java\jdk-11.0.16\bin\management.dll
0x00007ffc82d50000 - 0x00007ffc82d5b000 	C:\Java\jdk-11.0.16\bin\management_ext.dll
0x00007ffc9a620000 - 0x00007ffc9a638000 	C:\WINDOWS\SYSTEM32\CRYPTSP.dll
0x00007ffc99ce0000 - 0x00007ffc99d14000 	C:\WINDOWS\system32\rsaenh.dll
0x00007ffc9ab70000 - 0x00007ffc9ab9e000 	C:\WINDOWS\SYSTEM32\USERENV.dll
0x00007ffc9a640000 - 0x00007ffc9a64c000 	C:\WINDOWS\SYSTEM32\CRYPTBASE.dll
0x00007ffc95660000 - 0x00007ffc95677000 	C:\WINDOWS\SYSTEM32\dhcpcsvc6.DLL
0x00007ffc95640000 - 0x00007ffc9565d000 	C:\WINDOWS\SYSTEM32\dhcpcsvc.DLL
0x00007ffc835e0000 - 0x00007ffc835f7000 	C:\WINDOWS\system32\napinsp.dll
0x00007ffc835c0000 - 0x00007ffc835db000 	C:\WINDOWS\system32\pnrpnsp.dll
0x00007ffc835a0000 - 0x00007ffc835b5000 	C:\WINDOWS\system32\wshbth.dll
0x00007ffc96800000 - 0x00007ffc9681d000 	C:\WINDOWS\system32\NLAapi.dll
0x00007ffc834f0000 - 0x00007ffc83502000 	C:\WINDOWS\System32\winrnr.dll
0x00007ffc96850000 - 0x00007ffc96875000 	C:\Java\jdk-11.0.16\bin\sunec.dll
0x00007ffc968e0000 - 0x00007ffc968ed000 	C:\Java\jdk-11.0.16\bin\sunmscapi.dll
0x00007ffc9b060000 - 0x00007ffc9b1be000 	C:\WINDOWS\System32\CRYPT32.dll
0x00007ffc9a740000 - 0x00007ffc9a768000 	C:\WINDOWS\SYSTEM32\ncrypt.dll
0x00007ffc9a700000 - 0x00007ffc9a73b000 	C:\WINDOWS\SYSTEM32\NTASN1.dll

dbghelp: loaded successfully - version: 4.0.5 - missing functions: none
symbol engine: initialized successfully - sym options: 0x614 - pdb path: .;C:\Java\jdk-11.0.16\bin;C:\WINDOWS\SYSTEM32;C:\WINDOWS\WinSxS\amd64_microsoft.windows.common-controls_6595b64144ccf1df_6.0.19041.1110_none_60b5254171f9507e;C:\Java\jdk-11.0.16\bin\server

VM Arguments:
jvm_args: -XX:TieredStopAtLevel=1 -Xverify:none -Dspring.output.ansi.enabled=always -Dcom.sun.management.jmxremote -Dspring.jmx.enabled=true -Dspring.liveBeansView.mbeanDomain -Dspring.application.admin.enabled=true -javaagent:C:\Users\이종문\Desktop\코리아IT아카데미\web_1900_ljm\spring\resource\ideaIU-2020.1.1.win\lib\idea_rt.jar=61435:C:\Users\이종문\Desktop\코리아IT아카데미\web_1900_ljm\spring\resource\ideaIU-2020.1.1.win\bin -Dfile.encoding=UTF-8 
java_command: com.wegether.app.WegetherApplication
java_class_path (initial): C:\Users\이종문\Desktop\springProject\workspace\wegether\build\classes\java\main;C:\Users\이종문\Desktop\springProject\workspace\wegether\build\resources\main;C:\Users\이종문\.gradle\caches\modules-2\files-2.1\org.springframework.boot\spring-boot-configuration-processor\2.7.5\14b8494f9923ea27471a16f07529964cecfdb831\spring-boot-configuration-processor-2.7.5.jar;C:\Users\이종문\.gradle\caches\modules-2\files-2.1\org.projectlombok\lombok\1.18.24\13a394eed5c4f9efb2a6d956e2086f1d81e857d9\lombok-1.18.24.jar;C:\Users\이종문\.gradle\caches\modules-2\files-2.1\com.google.code.gson\gson\2.9.0\8a1167e089096758b49f9b34066ef98b2f4b37aa\gson-2.9.0.jar;C:\Users\이종문\.gradle\caches\modules-2\files-2.1\org.springframework.boot\spring-boot-starter-mail\2.7.5\f36261f4cc30d8a8a70c5db617c57ea0c00170b5\spring-boot-starter-mail-2.7.5.jar;C:\Users\이종문\.gradle\caches\modules-2\files-2.1\org.springframework.boot\spring-boot-starter-web-services\2.7.5\8d56d80cec9c715ea77a7ecaa885ee3ccd965bd2\spring-boot-starter-web-services-2.7.5.jar;C:\Users\이종문\.gradle\caches\modules-2\files-2.1\org.springframework.boot\spring-boot-starter-web\2.7.5\bb4099d0466a62c3b11ab9323babca13bb430a2e\spring-boot-starter-web-2.7.5.jar;C:\Users\이종문\.gradle\caches\modules-2\files-2.1\org.springframework.boot\spring-boot-starter-thymeleaf\2.7.5\d2be8d1d822d988924e0a23c81d795ae5aa288f3\spring-boot-starter-thymeleaf-2.7.5.jar;C:\Users\이종문\.gradle\caches\modules-2\files-2.1\org.mybatis.spring.boot\mybatis-spring-boot-starter\2.1.0\d1a1b96573ade19ce0cd536e15565d216b05ff83\mybatis-spring-boot-starter-2.1.0.jar;C:\Users\이종문\.gradle\caches\modules-2\files-2.1\net.coobird\thumbnailator\0.4.8\4f10c440dd7776630aee9da4611a45032db1e041\thumbnailator-0.4.8.jar;C:\Users\이종문\.gradle\caches\modules-2\files-2.1\org.springframework.boot\spring-boot-starter\2.7.5\c28e1546461803490588085345ba5d2897d232bc\spring-boot-starter-2.7.5.jar;C:\Users\이종문\.gradle\caches\modules-2\files-2.1\org.spri
Launcher Type: SUN_STANDARD

[Global flags]
     bool BytecodeVerificationLocal                = false                                     {product} {command line}
     bool BytecodeVerificationRemote               = false                                     {product} {command line}
     intx CICompilerCount                          = 3                                         {product} {ergonomic}
     uint ConcGCThreads                            = 2                                         {product} {ergonomic}
     uint G1ConcRefinementThreads                  = 6                                         {product} {ergonomic}
   size_t G1HeapRegionSize                         = 1048576                                   {product} {ergonomic}
    uintx GCDrainStackTargetSize                   = 64                                        {product} {ergonomic}
   size_t InitialHeapSize                          = 268435456                                 {product} {ergonomic}
     bool ManagementServer                         = true                                      {product} {command line}
   size_t MarkStackSize                            = 4194304                                   {product} {ergonomic}
   size_t MaxHeapSize                              = 4278190080                                {product} {ergonomic}
   size_t MaxNewSize                               = 2566914048                                {product} {ergonomic}
   size_t MinHeapDeltaBytes                        = 1048576                                   {product} {ergonomic}
    uintx NonNMethodCodeHeapSize                   = 6973028                                {pd product} {ergonomic}
    uintx NonProfiledCodeHeapSize                  = 244685212                              {pd product} {ergonomic}
    uintx ProfiledCodeHeapSize                     = 0                                      {pd product} {ergonomic}
    uintx ReservedCodeCacheSize                    = 251658240                              {pd product} {ergonomic}
     bool SegmentedCodeCache                       = true                                      {product} {ergonomic}
     intx TieredStopAtLevel                        = 1                                         {product} {command line}
     bool UseCompressedClassPointers               = true                                 {lp64_product} {ergonomic}
     bool UseCompressedOops                        = true                                 {lp64_product} {ergonomic}
     bool UseG1GC                                  = true                                      {product} {ergonomic}
     bool UseLargePagesIndividualAllocation        = false                                  {pd product} {ergonomic}

Logging:
Log output configuration:
 #0: stdout all=warning uptime,level,tags
 #1: stderr all=off uptime,level,tags

Environment Variables:
JAVA_HOME=C:\Java\jdk-11.0.16
PATH=C:\Program Files\MySQL\MySQL Server 8.0\bin;C:\Java\jdk-11.0.16\bin;C:\Users\이종문\Desktop\코리아IT아카데미\web_1900_ljm\js\resource\node-v16.19.1-win-x64;C:\oraclexe\app\oracle\product\11.2.0\server\bin;C:\Program Files\Common Files\Oracle\Java\javapath;C:\WINDOWS\system32;C:\WINDOWS;C:\WINDOWS\System32\Wbem;C:\WINDOWS\System32\WindowsPowerShell\v1.0\;C:\WINDOWS\System32\OpenSSH\;C:\Program Files (x86)\NVIDIA Corporation\PhysX\Common;C:\Program Files\NVIDIA Corporation\NVIDIA NvDLISR;C:\Program Files (x86)\Windows Live\Shared;C:\WINDOWS\system32;C:\WINDOWS;C:\WINDOWS\System32\Wbem;C:\WINDOWS\System32\WindowsPowerShell\v1.0\;C:\WINDOWS\System32\OpenSSH\;C:\Git\cmd;C:\Program Files\MySQL\MySQL Shell 8.0\bin\;C:\Users\이종문\AppData\Local\Microsoft\WindowsApps;C:\Users\이종문\AppData\Local\afreeca;C:\Users\이종문\AppData\Local\Programs\Microsoft VS Code\bin;C:\Users\이종문\AppData\Local\GitHubDesktop\bin
USERNAME=JongMoon
OS=Windows_NT
PROCESSOR_IDENTIFIER=AMD64 Family 23 Model 113 Stepping 0, AuthenticAMD



---------------  S Y S T E M  ---------------

OS: Windows 10 , 64 bit Build 19041 (10.0.19041.2913)

CPU:total 6 (initial active 6) (6 cores per cpu, 1 threads per core) family 23 model 113 stepping 0 microcode 0x0, cmov, cx8, fxsr, mmx, sse, sse2, sse3, ssse3, sse4.1, sse4.2, popcnt, avx, avx2, aes, clmul, mmxext, 3dnowpref, lzcnt, sse4a, tsc, tscinvbit, tscinv, bmi1, bmi2, adx, sha,

Memory: 4k page, system-wide physical 16318M (3712M free)
TotalPageFile size 16318M (AvailPageFile size 55M)
current process WorkingSet (physical memory assigned to process): 303M, peak: 303M
current process commit charge ("private bytes"): 422M, peak: 474M

vm_info: Java HotSpot(TM) 64-Bit Server VM (11.0.16+11-LTS-199) for windows-amd64 JRE (11.0.16+11-LTS-199), built on Jun 28 2022 08:23:17 by "mach5one" with MS VC++ 15.9 (VS2017)

END.
