#
# There is insufficient memory for the Java Runtime Environment to continue.
# Native memory allocation (malloc) failed to allocate 1355696 bytes for Chunk::new
# Possible reasons:
#   The system is out of physical RAM or swap space
#   The process is running with CompressedOops enabled, and the Java Heap may be blocking the growth of the native heap
# Possible solutions:
#   Reduce memory load on the system
#   Increase physical memory or swap space
#   Check if swap backing store is full
#   Decrease Java heap size (-Xmx/-Xms)
#   Decrease number of Java threads
#   Decrease Java thread stack sizes (-Xss)
#   Set larger code cache with -XX:ReservedCodeCacheSize=
#   JVM is running with Unscaled Compressed Oops mode in which the Java heap is
#     placed in the first 4GB address space. The Java Heap base address is the
#     maximum limit for the native heap growth. Please use -XX:HeapBaseMinAddress
#     to set the Java Heap base and to place the Java Heap above 4GB virtual address.
# This output file may be truncated or incomplete.
#
#  Out of Memory Error (./open/src/hotspot/share/memory/arena.cpp:197), pid=26536, tid=5068
#
# JRE version: Java(TM) SE Runtime Environment 18.9 (11.0.16+11) (build 11.0.16+11-LTS-199)
# Java VM: Java HotSpot(TM) 64-Bit Server VM 18.9 (11.0.16+11-LTS-199, mixed mode, tiered, compressed oops, g1 gc, windows-amd64)
# No core dump will be written. Minidumps are not enabled by default on client versions of Windows
#

---------------  S U M M A R Y ------------

Command Line: -Dorg.gradle.internal.worker.tmpdir=C:\Users\ÀÌÁ¾¹®\Desktop\springProject\workspace\wegether\build\tmp\test\work -Dorg.gradle.native=false -Xmx512m -Dfile.encoding=x-windows-949 -Duser.country=KR -Duser.language=ko -Duser.variant -ea worker.org.gradle.process.internal.worker.GradleWorkerMain 'Gradle Test Executor 1'

Host: AMD Ryzen 5 3500X 6-Core Processor             , 6 cores, 15G,  Windows 10 , 64 bit Build 19041 (10.0.19041.2913)
Time: Sun May 21 01:43:07 2023  Windows 10 , 64 bit Build 19041 (10.0.19041.2913) elapsed time: 5.148130 seconds (0d 0h 0m 5s)

---------------  T H R E A D  ---------------

Current thread (0x000001b2dec4d000):  JavaThread "C2 CompilerThread0" daemon [_thread_in_native, id=5068, stack(0x0000002a08100000,0x0000002a08200000)]


Current CompileTask:
C2:   5148 5015       4       org.springframework.beans.factory.support.AbstractBeanFactory::isTypeMatch (607 bytes)

Stack: [0x0000002a08100000,0x0000002a08200000]
Native frames: (J=compiled Java code, j=interpreted, Vv=VM code, C=native code)
V  [jvm.dll+0x62a3ea]
V  [jvm.dll+0x76418f]
V  [jvm.dll+0x765839]
V  [jvm.dll+0x765ec3]
V  [jvm.dll+0x23da98]
V  [jvm.dll+0xb2a1c]
V  [jvm.dll+0xb2fdc]
V  [jvm.dll+0x341442]
V  [jvm.dll+0x18ca39]
V  [jvm.dll+0x1f85b2]
V  [jvm.dll+0x1f768d]
V  [jvm.dll+0x177c81]
V  [jvm.dll+0x207006]
V  [jvm.dll+0x20519b]
V  [jvm.dll+0x729fa0]
V  [jvm.dll+0x722b74]
V  [jvm.dll+0x629286]
C  [ucrtbase.dll+0x21bb2]
C  [KERNEL32.DLL+0x17614]
C  [ntdll.dll+0x526a1]


---------------  P R O C E S S  ---------------

Threads class SMR info:
_java_thread_list=0x000001b2e1c74b20, length=19, elements={
0x000001b2c29d1000, 0x000001b2dec2b000, 0x000001b2dec34000, 0x000001b2df4cc000,
0x000001b2df4cd000, 0x000001b2df4d0000, 0x000001b2dec4d000, 0x000001b2df4d8000,
0x000001b2df503800, 0x000001b2df698800, 0x000001b2e00a4800, 0x000001b2e00d7000,
0x000001b2e03ac800, 0x000001b2e031f000, 0x000001b2e238e800, 0x000001b2e255c000,
0x000001b2e3ad3000, 0x000001b2e255d000, 0x000001b2e256a000
}

Java Threads: ( => current thread )
  0x000001b2c29d1000 JavaThread "Test worker" [_thread_in_native, id=21172, stack(0x0000002a07500000,0x0000002a07600000)]
  0x000001b2dec2b000 JavaThread "Reference Handler" daemon [_thread_blocked, id=26332, stack(0x0000002a07c00000,0x0000002a07d00000)]
  0x000001b2dec34000 JavaThread "Finalizer" daemon [_thread_blocked, id=26208, stack(0x0000002a07d00000,0x0000002a07e00000)]
  0x000001b2df4cc000 JavaThread "Signal Dispatcher" daemon [_thread_blocked, id=25580, stack(0x0000002a07e00000,0x0000002a07f00000)]
  0x000001b2df4cd000 JavaThread "Attach Listener" daemon [_thread_blocked, id=23340, stack(0x0000002a07f00000,0x0000002a08000000)]
  0x000001b2df4d0000 JavaThread "Service Thread" daemon [_thread_blocked, id=5488, stack(0x0000002a08000000,0x0000002a08100000)]
=>0x000001b2dec4d000 JavaThread "C2 CompilerThread0" daemon [_thread_in_native, id=5068, stack(0x0000002a08100000,0x0000002a08200000)]
  0x000001b2df4d8000 JavaThread "C1 CompilerThread0" daemon [_thread_blocked, id=25268, stack(0x0000002a08200000,0x0000002a08300000)]
  0x000001b2df503800 JavaThread "Sweeper thread" daemon [_thread_blocked, id=24900, stack(0x0000002a08300000,0x0000002a08400000)]
  0x000001b2df698800 JavaThread "Common-Cleaner" daemon [_thread_blocked, id=26544, stack(0x0000002a08500000,0x0000002a08600000)]
  0x000001b2e00a4800 JavaThread "/127.0.0.1:60576 to /127.0.0.1:60573 workers" [_thread_blocked, id=6664, stack(0x0000002a08700000,0x0000002a08800000)]
  0x000001b2e00d7000 JavaThread "/127.0.0.1:60576 to /127.0.0.1:60573 workers Thread 2" [_thread_blocked, id=25832, stack(0x0000002a08800000,0x0000002a08900000)]
  0x000001b2e03ac800 JavaThread "/127.0.0.1:60576 to /127.0.0.1:60573 workers Thread 3" [_thread_in_native, id=7576, stack(0x0000002a08900000,0x0000002a08a00000)]
  0x000001b2e031f000 JavaThread "C2 CompilerThread1" daemon [_thread_in_native, id=25024, stack(0x0000002a09000000,0x0000002a09100000)]
  0x000001b2e238e800 JavaThread "oracle.jdbc.driver.BlockSource.ThreadedCachingBlockSource.BlockReleaser" daemon [_thread_blocked, id=7096, stack(0x0000002a09200000,0x0000002a09300000)]
  0x000001b2e255c000 JavaThread "InterruptTimer" daemon [_thread_blocked, id=17724, stack(0x0000002a09300000,0x0000002a09400000)]
  0x000001b2e3ad3000 JavaThread "OJDBC-WORKER-THREAD-1" daemon [_thread_blocked, id=13004, stack(0x0000002a09400000,0x0000002a09500000)]
  0x000001b2e255d000 JavaThread "HikariPool-1 housekeeper" daemon [_thread_blocked, id=13652, stack(0x0000002a09500000,0x0000002a09600000)]
  0x000001b2e256a000 JavaThread "HikariPool-1 connection adder" daemon [_thread_blocked, id=25620, stack(0x0000002a09600000,0x0000002a09700000)]

Other Threads:
  0x000001b2dec28800 VMThread "VM Thread" [stack: 0x0000002a07b00000,0x0000002a07c00000] [id=24268]
  0x000001b2df697800 WatcherThread [stack: 0x0000002a08400000,0x0000002a08500000] [id=20900]
  0x000001b2c29e6000 GCTaskThread "GC Thread#0" [stack: 0x0000002a07600000,0x0000002a07700000] [id=25876]
  0x000001b2e032c800 GCTaskThread "GC Thread#1" [stack: 0x0000002a08a00000,0x0000002a08b00000] [id=24848]
  0x000001b2e032d000 GCTaskThread "GC Thread#2" [stack: 0x0000002a08b00000,0x0000002a08c00000] [id=25880]
  0x000001b2e032d800 GCTaskThread "GC Thread#3" [stack: 0x0000002a08c00000,0x0000002a08d00000] [id=10148]
  0x000001b2e032e800 GCTaskThread "GC Thread#4" [stack: 0x0000002a08d00000,0x0000002a08e00000] [id=26496]
  0x000001b2e032f800 GCTaskThread "GC Thread#5" [stack: 0x0000002a08e00000,0x0000002a08f00000] [id=21540]
  0x000001b2c29f8000 ConcurrentGCThread "G1 Main Marker" [stack: 0x0000002a07700000,0x0000002a07800000] [id=14408]
  0x000001b2c29f9000 ConcurrentGCThread "G1 Conc#0" [stack: 0x0000002a07800000,0x0000002a07900000] [id=9548]
  0x000001b2e046a800 ConcurrentGCThread "G1 Conc#1" [stack: 0x0000002a09100000,0x0000002a09200000] [id=23184]
  0x000001b2dea96800 ConcurrentGCThread "G1 Refine#0" [stack: 0x0000002a07900000,0x0000002a07a00000] [id=26420]
  0x000001b2dfa15000 ConcurrentGCThread "G1 Refine#1" [stack: 0x0000002a08f00000,0x0000002a09000000] [id=13964]
  0x000001b2dea97800 ConcurrentGCThread "G1 Young RemSet Sampling" [stack: 0x0000002a07a00000,0x0000002a07b00000] [id=24004]

Threads with active compile tasks:
C2 CompilerThread0     5176 5015       4       org.springframework.beans.factory.support.AbstractBeanFactory::isTypeMatch (607 bytes)
C2 CompilerThread1     5176 4959       4       org.springframework.asm.Frame::execute (2305 bytes)

VM state:not at safepoint (normal execution)

VM Mutex/Monitor currently owned by a thread: None

Heap address: 0x00000000e0000000, size: 512 MB, Compressed Oops mode: 32-bit
Narrow klass base: 0x0000000000000000, Narrow klass shift: 3
Compressed class space size: 1073741824 Address: 0x0000000100000000

Heap:
 garbage-first heap   total 262144K, used 54210K [0x00000000e0000000, 0x0000000100000000)
  region size 1024K, 47 young (48128K), 12 survivors (12288K)
 Metaspace       used 49154K, capacity 50679K, committed 50992K, reserved 1093632K
  class space    used 5818K, capacity 6456K, committed 6528K, reserved 1048576K
Heap Regions: E=young(eden), S=young(survivor), O=old, HS=humongous(starts), HC=humongous(continues), CS=collection set, F=free, A=archive, TAMS=top-at-mark-start (previous, next)
|   0|0x00000000e0000000, 0x00000000e0100000, 0x00000000e0100000|100%| O|  |TAMS 0x00000000e0100000, 0x00000000e0000000| Untracked 
|   1|0x00000000e0100000, 0x00000000e0200000, 0x00000000e0200000|100%| O|  |TAMS 0x00000000e0200000, 0x00000000e0100000| Untracked 
|   2|0x00000000e0200000, 0x00000000e0300000, 0x00000000e0300000|100%| O|  |TAMS 0x00000000e0300000, 0x00000000e0200000| Untracked 
|   3|0x00000000e0300000, 0x00000000e0400000, 0x00000000e0400000|100%| O|  |TAMS 0x00000000e0400000, 0x00000000e0300000| Untracked 
|   4|0x00000000e0400000, 0x00000000e0500000, 0x00000000e0500000|100%| O|  |TAMS 0x00000000e0500000, 0x00000000e0400000| Untracked 
|   5|0x00000000e0500000, 0x00000000e0600000, 0x00000000e0600000|100%| O|  |TAMS 0x00000000e0600000, 0x00000000e0500000| Untracked 
|   6|0x00000000e0600000, 0x00000000e0700000, 0x00000000e0700000|100%| O|  |TAMS 0x00000000e0700000, 0x00000000e0600000| Untracked 
|   7|0x00000000e0700000, 0x00000000e0755600, 0x00000000e0800000| 33%| O|  |TAMS 0x00000000e0755600, 0x00000000e0700000| Untracked 
|   8|0x00000000e0800000, 0x00000000e0800000, 0x00000000e0900000|  0%| F|  |TAMS 0x00000000e0800000, 0x00000000e0800000| Untracked 
|   9|0x00000000e0900000, 0x00000000e0900000, 0x00000000e0a00000|  0%| F|  |TAMS 0x00000000e0900000, 0x00000000e0900000| Untracked 
|  10|0x00000000e0a00000, 0x00000000e0a00000, 0x00000000e0b00000|  0%| F|  |TAMS 0x00000000e0a00000, 0x00000000e0a00000| Untracked 
|  11|0x00000000e0b00000, 0x00000000e0b00000, 0x00000000e0c00000|  0%| F|  |TAMS 0x00000000e0b00000, 0x00000000e0b00000| Untracked 
|  12|0x00000000e0c00000, 0x00000000e0c00000, 0x00000000e0d00000|  0%| F|  |TAMS 0x00000000e0c00000, 0x00000000e0c00000| Untracked 
|  13|0x00000000e0d00000, 0x00000000e0d00000, 0x00000000e0e00000|  0%| F|  |TAMS 0x00000000e0d00000, 0x00000000e0d00000| Untracked 
|  14|0x00000000e0e00000, 0x00000000e0e00000, 0x00000000e0f00000|  0%| F|  |TAMS 0x00000000e0e00000, 0x00000000e0e00000| Untracked 
|  15|0x00000000e0f00000, 0x00000000e0f00000, 0x00000000e1000000|  0%| F|  |TAMS 0x00000000e0f00000, 0x00000000e0f00000| Untracked 
|  16|0x00000000e1000000, 0x00000000e1000000, 0x00000000e1100000|  0%| F|  |TAMS 0x00000000e1000000, 0x00000000e1000000| Untracked 
|  17|0x00000000e1100000, 0x00000000e1100000, 0x00000000e1200000|  0%| F|  |TAMS 0x00000000e1100000, 0x00000000e1100000| Untracked 
|  18|0x00000000e1200000, 0x00000000e1200000, 0x00000000e1300000|  0%| F|  |TAMS 0x00000000e1200000, 0x00000000e1200000| Untracked 
|  19|0x00000000e1300000, 0x00000000e1300000, 0x00000000e1400000|  0%| F|  |TAMS 0x00000000e1300000, 0x00000000e1300000| Untracked 
|  20|0x00000000e1400000, 0x00000000e1400000, 0x00000000e1500000|  0%| F|  |TAMS 0x00000000e1400000, 0x00000000e1400000| Untracked 
|  21|0x00000000e1500000, 0x00000000e1500000, 0x00000000e1600000|  0%| F|  |TAMS 0x00000000e1500000, 0x00000000e1500000| Untracked 
|  22|0x00000000e1600000, 0x00000000e1600000, 0x00000000e1700000|  0%| F|  |TAMS 0x00000000e1600000, 0x00000000e1600000| Untracked 
|  23|0x00000000e1700000, 0x00000000e1700000, 0x00000000e1800000|  0%| F|  |TAMS 0x00000000e1700000, 0x00000000e1700000| Untracked 
|  24|0x00000000e1800000, 0x00000000e1800000, 0x00000000e1900000|  0%| F|  |TAMS 0x00000000e1800000, 0x00000000e1800000| Untracked 
|  25|0x00000000e1900000, 0x00000000e1900000, 0x00000000e1a00000|  0%| F|  |TAMS 0x00000000e1900000, 0x00000000e1900000| Untracked 
|  26|0x00000000e1a00000, 0x00000000e1a00000, 0x00000000e1b00000|  0%| F|  |TAMS 0x00000000e1a00000, 0x00000000e1a00000| Untracked 
|  27|0x00000000e1b00000, 0x00000000e1b00000, 0x00000000e1c00000|  0%| F|  |TAMS 0x00000000e1b00000, 0x00000000e1b00000| Untracked 
|  28|0x00000000e1c00000, 0x00000000e1c00000, 0x00000000e1d00000|  0%| F|  |TAMS 0x00000000e1c00000, 0x00000000e1c00000| Untracked 
|  29|0x00000000e1d00000, 0x00000000e1d00000, 0x00000000e1e00000|  0%| F|  |TAMS 0x00000000e1d00000, 0x00000000e1d00000| Untracked 
|  30|0x00000000e1e00000, 0x00000000e1e00000, 0x00000000e1f00000|  0%| F|  |TAMS 0x00000000e1e00000, 0x00000000e1e00000| Untracked 
|  31|0x00000000e1f00000, 0x00000000e1f00000, 0x00000000e2000000|  0%| F|  |TAMS 0x00000000e1f00000, 0x00000000e1f00000| Untracked 
|  32|0x00000000e2000000, 0x00000000e2000000, 0x00000000e2100000|  0%| F|  |TAMS 0x00000000e2000000, 0x00000000e2000000| Untracked 
|  33|0x00000000e2100000, 0x00000000e2100000, 0x00000000e2200000|  0%| F|  |TAMS 0x00000000e2100000, 0x00000000e2100000| Untracked 
|  34|0x00000000e2200000, 0x00000000e2200000, 0x00000000e2300000|  0%| F|  |TAMS 0x00000000e2200000, 0x00000000e2200000| Untracked 
|  35|0x00000000e2300000, 0x00000000e2300000, 0x00000000e2400000|  0%| F|  |TAMS 0x00000000e2300000, 0x00000000e2300000| Untracked 
|  36|0x00000000e2400000, 0x00000000e2400000, 0x00000000e2500000|  0%| F|  |TAMS 0x00000000e2400000, 0x00000000e2400000| Untracked 
|  37|0x00000000e2500000, 0x00000000e2500000, 0x00000000e2600000|  0%| F|  |TAMS 0x00000000e2500000, 0x00000000e2500000| Untracked 
|  38|0x00000000e2600000, 0x00000000e2600000, 0x00000000e2700000|  0%| F|  |TAMS 0x00000000e2600000, 0x00000000e2600000| Untracked 
|  39|0x00000000e2700000, 0x00000000e2700000, 0x00000000e2800000|  0%| F|  |TAMS 0x00000000e2700000, 0x00000000e2700000| Untracked 
|  40|0x00000000e2800000, 0x00000000e2800000, 0x00000000e2900000|  0%| F|  |TAMS 0x00000000e2800000, 0x00000000e2800000| Untracked 
|  41|0x00000000e2900000, 0x00000000e2900000, 0x00000000e2a00000|  0%| F|  |TAMS 0x00000000e2900000, 0x00000000e2900000| Untracked 
|  42|0x00000000e2a00000, 0x00000000e2a00000, 0x00000000e2b00000|  0%| F|  |TAMS 0x00000000e2a00000, 0x00000000e2a00000| Untracked 
|  43|0x00000000e2b00000, 0x00000000e2b00000, 0x00000000e2c00000|  0%| F|  |TAMS 0x00000000e2b00000, 0x00000000e2b00000| Untracked 
|  44|0x00000000e2c00000, 0x00000000e2c00000, 0x00000000e2d00000|  0%| F|  |TAMS 0x00000000e2c00000, 0x00000000e2c00000| Untracked 
|  45|0x00000000e2d00000, 0x00000000e2d00000, 0x00000000e2e00000|  0%| F|  |TAMS 0x00000000e2d00000, 0x00000000e2d00000| Untracked 
|  46|0x00000000e2e00000, 0x00000000e2e00000, 0x00000000e2f00000|  0%| F|  |TAMS 0x00000000e2e00000, 0x00000000e2e00000| Untracked 
|  47|0x00000000e2f00000, 0x00000000e2f00000, 0x00000000e3000000|  0%| F|  |TAMS 0x00000000e2f00000, 0x00000000e2f00000| Untracked 
|  48|0x00000000e3000000, 0x00000000e3000000, 0x00000000e3100000|  0%| F|  |TAMS 0x00000000e3000000, 0x00000000e3000000| Untracked 
|  49|0x00000000e3100000, 0x00000000e3100000, 0x00000000e3200000|  0%| F|  |TAMS 0x00000000e3100000, 0x00000000e3100000| Untracked 
|  50|0x00000000e3200000, 0x00000000e3200000, 0x00000000e3300000|  0%| F|  |TAMS 0x00000000e3200000, 0x00000000e3200000| Untracked 
|  51|0x00000000e3300000, 0x00000000e3300000, 0x00000000e3400000|  0%| F|  |TAMS 0x00000000e3300000, 0x00000000e3300000| Untracked 
|  52|0x00000000e3400000, 0x00000000e3400000, 0x00000000e3500000|  0%| F|  |TAMS 0x00000000e3400000, 0x00000000e3400000| Untracked 
|  53|0x00000000e3500000, 0x00000000e3500000, 0x00000000e3600000|  0%| F|  |TAMS 0x00000000e3500000, 0x00000000e3500000| Untracked 
|  54|0x00000000e3600000, 0x00000000e3600000, 0x00000000e3700000|  0%| F|  |TAMS 0x00000000e3600000, 0x00000000e3600000| Untracked 
|  55|0x00000000e3700000, 0x00000000e3700000, 0x00000000e3800000|  0%| F|  |TAMS 0x00000000e3700000, 0x00000000e3700000| Untracked 
|  56|0x00000000e3800000, 0x00000000e3800000, 0x00000000e3900000|  0%| F|  |TAMS 0x00000000e3800000, 0x00000000e3800000| Untracked 
|  57|0x00000000e3900000, 0x00000000e3900000, 0x00000000e3a00000|  0%| F|  |TAMS 0x00000000e3900000, 0x00000000e3900000| Untracked 
|  58|0x00000000e3a00000, 0x00000000e3a00000, 0x00000000e3b00000|  0%| F|  |TAMS 0x00000000e3a00000, 0x00000000e3a00000| Untracked 
|  59|0x00000000e3b00000, 0x00000000e3b00000, 0x00000000e3c00000|  0%| F|  |TAMS 0x00000000e3b00000, 0x00000000e3b00000| Untracked 
|  60|0x00000000e3c00000, 0x00000000e3c00000, 0x00000000e3d00000|  0%| F|  |TAMS 0x00000000e3c00000, 0x00000000e3c00000| Untracked 
|  61|0x00000000e3d00000, 0x00000000e3d00000, 0x00000000e3e00000|  0%| F|  |TAMS 0x00000000e3d00000, 0x00000000e3d00000| Untracked 
|  62|0x00000000e3e00000, 0x00000000e3e00000, 0x00000000e3f00000|  0%| F|  |TAMS 0x00000000e3e00000, 0x00000000e3e00000| Untracked 
|  63|0x00000000e3f00000, 0x00000000e3f00000, 0x00000000e4000000|  0%| F|  |TAMS 0x00000000e3f00000, 0x00000000e3f00000| Untracked 
|  64|0x00000000e4000000, 0x00000000e4000000, 0x00000000e4100000|  0%| F|  |TAMS 0x00000000e4000000, 0x00000000e4000000| Untracked 
|  65|0x00000000e4100000, 0x00000000e4100000, 0x00000000e4200000|  0%| F|  |TAMS 0x00000000e4100000, 0x00000000e4100000| Untracked 
|  66|0x00000000e4200000, 0x00000000e4200000, 0x00000000e4300000|  0%| F|  |TAMS 0x00000000e4200000, 0x00000000e4200000| Untracked 
|  67|0x00000000e4300000, 0x00000000e4300000, 0x00000000e4400000|  0%| F|  |TAMS 0x00000000e4300000, 0x00000000e4300000| Untracked 
|  68|0x00000000e4400000, 0x00000000e4400000, 0x00000000e4500000|  0%| F|  |TAMS 0x00000000e4400000, 0x00000000e4400000| Untracked 
|  69|0x00000000e4500000, 0x00000000e4500000, 0x00000000e4600000|  0%| F|  |TAMS 0x00000000e4500000, 0x00000000e4500000| Untracked 
|  70|0x00000000e4600000, 0x00000000e4600000, 0x00000000e4700000|  0%| F|  |TAMS 0x00000000e4600000, 0x00000000e4600000| Untracked 
|  71|0x00000000e4700000, 0x00000000e4700000, 0x00000000e4800000|  0%| F|  |TAMS 0x00000000e4700000, 0x00000000e4700000| Untracked 
|  72|0x00000000e4800000, 0x00000000e4800000, 0x00000000e4900000|  0%| F|  |TAMS 0x00000000e4800000, 0x00000000e4800000| Untracked 
|  73|0x00000000e4900000, 0x00000000e4900000, 0x00000000e4a00000|  0%| F|  |TAMS 0x00000000e4900000, 0x00000000e4900000| Untracked 
|  74|0x00000000e4a00000, 0x00000000e4a00000, 0x00000000e4b00000|  0%| F|  |TAMS 0x00000000e4a00000, 0x00000000e4a00000| Untracked 
|  75|0x00000000e4b00000, 0x00000000e4b00000, 0x00000000e4c00000|  0%| F|  |TAMS 0x00000000e4b00000, 0x00000000e4b00000| Untracked 
|  76|0x00000000e4c00000, 0x00000000e4c00000, 0x00000000e4d00000|  0%| F|  |TAMS 0x00000000e4c00000, 0x00000000e4c00000| Untracked 
|  77|0x00000000e4d00000, 0x00000000e4d00000, 0x00000000e4e00000|  0%| F|  |TAMS 0x00000000e4d00000, 0x00000000e4d00000| Untracked 
|  78|0x00000000e4e00000, 0x00000000e4e00000, 0x00000000e4f00000|  0%| F|  |TAMS 0x00000000e4e00000, 0x00000000e4e00000| Untracked 
|  79|0x00000000e4f00000, 0x00000000e4f00000, 0x00000000e5000000|  0%| F|  |TAMS 0x00000000e4f00000, 0x00000000e4f00000| Untracked 
|  80|0x00000000e5000000, 0x00000000e5000000, 0x00000000e5100000|  0%| F|  |TAMS 0x00000000e5000000, 0x00000000e5000000| Untracked 
|  81|0x00000000e5100000, 0x00000000e5100000, 0x00000000e5200000|  0%| F|  |TAMS 0x00000000e5100000, 0x00000000e5100000| Untracked 
|  82|0x00000000e5200000, 0x00000000e5200000, 0x00000000e5300000|  0%| F|  |TAMS 0x00000000e5200000, 0x00000000e5200000| Untracked 
|  83|0x00000000e5300000, 0x00000000e5300000, 0x00000000e5400000|  0%| F|  |TAMS 0x00000000e5300000, 0x00000000e5300000| Untracked 
|  84|0x00000000e5400000, 0x00000000e5400000, 0x00000000e5500000|  0%| F|  |TAMS 0x00000000e5400000, 0x00000000e5400000| Untracked 
|  85|0x00000000e5500000, 0x00000000e5500000, 0x00000000e5600000|  0%| F|  |TAMS 0x00000000e5500000, 0x00000000e5500000| Untracked 
|  86|0x00000000e5600000, 0x00000000e5600000, 0x00000000e5700000|  0%| F|  |TAMS 0x00000000e5600000, 0x00000000e5600000| Untracked 
|  87|0x00000000e5700000, 0x00000000e5700000, 0x00000000e5800000|  0%| F|  |TAMS 0x00000000e5700000, 0x00000000e5700000| Untracked 
|  88|0x00000000e5800000, 0x00000000e5800000, 0x00000000e5900000|  0%| F|  |TAMS 0x00000000e5800000, 0x00000000e5800000| Untracked 
|  89|0x00000000e5900000, 0x00000000e5900000, 0x00000000e5a00000|  0%| F|  |TAMS 0x00000000e5900000, 0x00000000e5900000| Untracked 
|  90|0x00000000e5a00000, 0x00000000e5a00000, 0x00000000e5b00000|  0%| F|  |TAMS 0x00000000e5a00000, 0x00000000e5a00000| Untracked 
|  91|0x00000000e5b00000, 0x00000000e5b00000, 0x00000000e5c00000|  0%| F|  |TAMS 0x00000000e5b00000, 0x00000000e5b00000| Untracked 
|  92|0x00000000e5c00000, 0x00000000e5c00000, 0x00000000e5d00000|  0%| F|  |TAMS 0x00000000e5c00000, 0x00000000e5c00000| Untracked 
|  93|0x00000000e5d00000, 0x00000000e5d00000, 0x00000000e5e00000|  0%| F|  |TAMS 0x00000000e5d00000, 0x00000000e5d00000| Untracked 
|  94|0x00000000e5e00000, 0x00000000e5e00000, 0x00000000e5f00000|  0%| F|  |TAMS 0x00000000e5e00000, 0x00000000e5e00000| Untracked 
|  95|0x00000000e5f00000, 0x00000000e5f00000, 0x00000000e6000000|  0%| F|  |TAMS 0x00000000e5f00000, 0x00000000e5f00000| Untracked 
|  96|0x00000000e6000000, 0x00000000e6000000, 0x00000000e6100000|  0%| F|  |TAMS 0x00000000e6000000, 0x00000000e6000000| Untracked 
|  97|0x00000000e6100000, 0x00000000e6100000, 0x00000000e6200000|  0%| F|  |TAMS 0x00000000e6100000, 0x00000000e6100000| Untracked 
|  98|0x00000000e6200000, 0x00000000e6200000, 0x00000000e6300000|  0%| F|  |TAMS 0x00000000e6200000, 0x00000000e6200000| Untracked 
|  99|0x00000000e6300000, 0x00000000e6300000, 0x00000000e6400000|  0%| F|  |TAMS 0x00000000e6300000, 0x00000000e6300000| Untracked 
| 100|0x00000000e6400000, 0x00000000e6400000, 0x00000000e6500000|  0%| F|  |TAMS 0x00000000e6400000, 0x00000000e6400000| Untracked 
| 101|0x00000000e6500000, 0x00000000e6500000, 0x00000000e6600000|  0%| F|  |TAMS 0x00000000e6500000, 0x00000000e6500000| Untracked 
| 102|0x00000000e6600000, 0x00000000e6600000, 0x00000000e6700000|  0%| F|  |TAMS 0x00000000e6600000, 0x00000000e6600000| Untracked 
| 103|0x00000000e6700000, 0x00000000e6700000, 0x00000000e6800000|  0%| F|  |TAMS 0x00000000e6700000, 0x00000000e6700000| Untracked 
| 104|0x00000000e6800000, 0x00000000e6800000, 0x00000000e6900000|  0%| F|  |TAMS 0x00000000e6800000, 0x00000000e6800000| Untracked 
| 105|0x00000000e6900000, 0x00000000e6900000, 0x00000000e6a00000|  0%| F|  |TAMS 0x00000000e6900000, 0x00000000e6900000| Untracked 
| 106|0x00000000e6a00000, 0x00000000e6a00000, 0x00000000e6b00000|  0%| F|  |TAMS 0x00000000e6a00000, 0x00000000e6a00000| Untracked 
| 107|0x00000000e6b00000, 0x00000000e6b00000, 0x00000000e6c00000|  0%| F|  |TAMS 0x00000000e6b00000, 0x00000000e6b00000| Untracked 
| 108|0x00000000e6c00000, 0x00000000e6c00000, 0x00000000e6d00000|  0%| F|  |TAMS 0x00000000e6c00000, 0x00000000e6c00000| Untracked 
| 109|0x00000000e6d00000, 0x00000000e6d9b280, 0x00000000e6e00000| 60%| S|CS|TAMS 0x00000000e6d00000, 0x00000000e6d00000| Complete 
| 110|0x00000000e6e00000, 0x00000000e6f00000, 0x00000000e6f00000|100%| S|CS|TAMS 0x00000000e6e00000, 0x00000000e6e00000| Complete 
| 111|0x00000000e6f00000, 0x00000000e7000000, 0x00000000e7000000|100%| S|CS|TAMS 0x00000000e6f00000, 0x00000000e6f00000| Complete 
| 112|0x00000000e7000000, 0x00000000e7100000, 0x00000000e7100000|100%| S|CS|TAMS 0x00000000e7000000, 0x00000000e7000000| Complete 
| 113|0x00000000e7100000, 0x00000000e7200000, 0x00000000e7200000|100%| S|CS|TAMS 0x00000000e7100000, 0x00000000e7100000| Complete 
| 114|0x00000000e7200000, 0x00000000e7300000, 0x00000000e7300000|100%| S|CS|TAMS 0x00000000e7200000, 0x00000000e7200000| Complete 
| 115|0x00000000e7300000, 0x00000000e7400000, 0x00000000e7400000|100%| S|CS|TAMS 0x00000000e7300000, 0x00000000e7300000| Complete 
| 116|0x00000000e7400000, 0x00000000e7500000, 0x00000000e7500000|100%| S|CS|TAMS 0x00000000e7400000, 0x00000000e7400000| Complete 
| 117|0x00000000e7500000, 0x00000000e7600000, 0x00000000e7600000|100%| S|CS|TAMS 0x00000000e7500000, 0x00000000e7500000| Complete 
| 118|0x00000000e7600000, 0x00000000e7700000, 0x00000000e7700000|100%| S|CS|TAMS 0x00000000e7600000, 0x00000000e7600000| Complete 
| 119|0x00000000e7700000, 0x00000000e7800000, 0x00000000e7800000|100%| S|CS|TAMS 0x00000000e7700000, 0x00000000e7700000| Complete 
| 120|0x00000000e7800000, 0x00000000e7900000, 0x00000000e7900000|100%| S|CS|TAMS 0x00000000e7800000, 0x00000000e7800000| Complete 
| 121|0x00000000e7900000, 0x00000000e7900000, 0x00000000e7a00000|  0%| F|  |TAMS 0x00000000e7900000, 0x00000000e7900000| Untracked 
| 122|0x00000000e7a00000, 0x00000000e7a00000, 0x00000000e7b00000|  0%| F|  |TAMS 0x00000000e7a00000, 0x00000000e7a00000| Untracked 
| 123|0x00000000e7b00000, 0x00000000e7b00000, 0x00000000e7c00000|  0%| F|  |TAMS 0x00000000e7b00000, 0x00000000e7b00000| Untracked 
| 124|0x00000000e7c00000, 0x00000000e7c00000, 0x00000000e7d00000|  0%| F|  |TAMS 0x00000000e7c00000, 0x00000000e7c00000| Untracked 
| 125|0x00000000e7d00000, 0x00000000e7d00000, 0x00000000e7e00000|  0%| F|  |TAMS 0x00000000e7d00000, 0x00000000e7d00000| Untracked 
| 126|0x00000000e7e00000, 0x00000000e7e00000, 0x00000000e7f00000|  0%| F|  |TAMS 0x00000000e7e00000, 0x00000000e7e00000| Untracked 
| 127|0x00000000e7f00000, 0x00000000e7f00000, 0x00000000e8000000|  0%| F|  |TAMS 0x00000000e7f00000, 0x00000000e7f00000| Untracked 
| 128|0x00000000e8000000, 0x00000000e8000000, 0x00000000e8100000|  0%| F|  |TAMS 0x00000000e8000000, 0x00000000e8000000| Untracked 
| 129|0x00000000e8100000, 0x00000000e8100000, 0x00000000e8200000|  0%| F|  |TAMS 0x00000000e8100000, 0x00000000e8100000| Untracked 
| 130|0x00000000e8200000, 0x00000000e8200000, 0x00000000e8300000|  0%| F|  |TAMS 0x00000000e8200000, 0x00000000e8200000| Untracked 
| 131|0x00000000e8300000, 0x00000000e8300000, 0x00000000e8400000|  0%| F|  |TAMS 0x00000000e8300000, 0x00000000e8300000| Untracked 
| 132|0x00000000e8400000, 0x00000000e8400000, 0x00000000e8500000|  0%| F|  |TAMS 0x00000000e8400000, 0x00000000e8400000| Untracked 
| 133|0x00000000e8500000, 0x00000000e8500000, 0x00000000e8600000|  0%| F|  |TAMS 0x00000000e8500000, 0x00000000e8500000| Untracked 
| 134|0x00000000e8600000, 0x00000000e8600000, 0x00000000e8700000|  0%| F|  |TAMS 0x00000000e8600000, 0x00000000e8600000| Untracked 
| 135|0x00000000e8700000, 0x00000000e8700000, 0x00000000e8800000|  0%| F|  |TAMS 0x00000000e8700000, 0x00000000e8700000| Untracked 
| 136|0x00000000e8800000, 0x00000000e8800000, 0x00000000e8900000|  0%| F|  |TAMS 0x00000000e8800000, 0x00000000e8800000| Untracked 
| 137|0x00000000e8900000, 0x00000000e8900000, 0x00000000e8a00000|  0%| F|  |TAMS 0x00000000e8900000, 0x00000000e8900000| Untracked 
| 138|0x00000000e8a00000, 0x00000000e8a00000, 0x00000000e8b00000|  0%| F|  |TAMS 0x00000000e8a00000, 0x00000000e8a00000| Untracked 
| 139|0x00000000e8b00000, 0x00000000e8b00000, 0x00000000e8c00000|  0%| F|  |TAMS 0x00000000e8b00000, 0x00000000e8b00000| Untracked 
| 140|0x00000000e8c00000, 0x00000000e8c00000, 0x00000000e8d00000|  0%| F|  |TAMS 0x00000000e8c00000, 0x00000000e8c00000| Untracked 
| 141|0x00000000e8d00000, 0x00000000e8d00000, 0x00000000e8e00000|  0%| F|  |TAMS 0x00000000e8d00000, 0x00000000e8d00000| Untracked 
| 142|0x00000000e8e00000, 0x00000000e8e00000, 0x00000000e8f00000|  0%| F|  |TAMS 0x00000000e8e00000, 0x00000000e8e00000| Untracked 
| 143|0x00000000e8f00000, 0x00000000e8f00000, 0x00000000e9000000|  0%| F|  |TAMS 0x00000000e8f00000, 0x00000000e8f00000| Untracked 
| 144|0x00000000e9000000, 0x00000000e9000000, 0x00000000e9100000|  0%| F|  |TAMS 0x00000000e9000000, 0x00000000e9000000| Untracked 
| 145|0x00000000e9100000, 0x00000000e9100000, 0x00000000e9200000|  0%| F|  |TAMS 0x00000000e9100000, 0x00000000e9100000| Untracked 
| 146|0x00000000e9200000, 0x00000000e9200000, 0x00000000e9300000|  0%| F|  |TAMS 0x00000000e9200000, 0x00000000e9200000| Untracked 
| 147|0x00000000e9300000, 0x00000000e9300000, 0x00000000e9400000|  0%| F|  |TAMS 0x00000000e9300000, 0x00000000e9300000| Untracked 
| 148|0x00000000e9400000, 0x00000000e9400000, 0x00000000e9500000|  0%| F|  |TAMS 0x00000000e9400000, 0x00000000e9400000| Untracked 
| 149|0x00000000e9500000, 0x00000000e9500000, 0x00000000e9600000|  0%| F|  |TAMS 0x00000000e9500000, 0x00000000e9500000| Untracked 
| 150|0x00000000e9600000, 0x00000000e9600000, 0x00000000e9700000|  0%| F|  |TAMS 0x00000000e9600000, 0x00000000e9600000| Untracked 
| 151|0x00000000e9700000, 0x00000000e9700000, 0x00000000e9800000|  0%| F|  |TAMS 0x00000000e9700000, 0x00000000e9700000| Untracked 
| 152|0x00000000e9800000, 0x00000000e9800000, 0x00000000e9900000|  0%| F|  |TAMS 0x00000000e9800000, 0x00000000e9800000| Untracked 
| 153|0x00000000e9900000, 0x00000000e9900000, 0x00000000e9a00000|  0%| F|  |TAMS 0x00000000e9900000, 0x00000000e9900000| Untracked 
| 154|0x00000000e9a00000, 0x00000000e9a00000, 0x00000000e9b00000|  0%| F|  |TAMS 0x00000000e9a00000, 0x00000000e9a00000| Untracked 
| 155|0x00000000e9b00000, 0x00000000e9b00000, 0x00000000e9c00000|  0%| F|  |TAMS 0x00000000e9b00000, 0x00000000e9b00000| Untracked 
| 156|0x00000000e9c00000, 0x00000000e9c00000, 0x00000000e9d00000|  0%| F|  |TAMS 0x00000000e9c00000, 0x00000000e9c00000| Untracked 
| 157|0x00000000e9d00000, 0x00000000e9d00000, 0x00000000e9e00000|  0%| F|  |TAMS 0x00000000e9d00000, 0x00000000e9d00000| Untracked 
| 158|0x00000000e9e00000, 0x00000000e9e00000, 0x00000000e9f00000|  0%| F|  |TAMS 0x00000000e9e00000, 0x00000000e9e00000| Untracked 
| 159|0x00000000e9f00000, 0x00000000e9f00000, 0x00000000ea000000|  0%| F|  |TAMS 0x00000000e9f00000, 0x00000000e9f00000| Untracked 
| 160|0x00000000ea000000, 0x00000000ea000000, 0x00000000ea100000|  0%| F|  |TAMS 0x00000000ea000000, 0x00000000ea000000| Untracked 
| 161|0x00000000ea100000, 0x00000000ea100000, 0x00000000ea200000|  0%| F|  |TAMS 0x00000000ea100000, 0x00000000ea100000| Untracked 
| 162|0x00000000ea200000, 0x00000000ea200000, 0x00000000ea300000|  0%| F|  |TAMS 0x00000000ea200000, 0x00000000ea200000| Untracked 
| 163|0x00000000ea300000, 0x00000000ea300000, 0x00000000ea400000|  0%| F|  |TAMS 0x00000000ea300000, 0x00000000ea300000| Untracked 
| 164|0x00000000ea400000, 0x00000000ea400000, 0x00000000ea500000|  0%| F|  |TAMS 0x00000000ea400000, 0x00000000ea400000| Untracked 
| 165|0x00000000ea500000, 0x00000000ea500000, 0x00000000ea600000|  0%| F|  |TAMS 0x00000000ea500000, 0x00000000ea500000| Untracked 
| 166|0x00000000ea600000, 0x00000000ea600000, 0x00000000ea700000|  0%| F|  |TAMS 0x00000000ea600000, 0x00000000ea600000| Untracked 
| 167|0x00000000ea700000, 0x00000000ea700000, 0x00000000ea800000|  0%| F|  |TAMS 0x00000000ea700000, 0x00000000ea700000| Untracked 
| 168|0x00000000ea800000, 0x00000000ea800000, 0x00000000ea900000|  0%| F|  |TAMS 0x00000000ea800000, 0x00000000ea800000| Untracked 
| 169|0x00000000ea900000, 0x00000000ea900000, 0x00000000eaa00000|  0%| F|  |TAMS 0x00000000ea900000, 0x00000000ea900000| Untracked 
| 170|0x00000000eaa00000, 0x00000000eaa00000, 0x00000000eab00000|  0%| F|  |TAMS 0x00000000eaa00000, 0x00000000eaa00000| Untracked 
| 171|0x00000000eab00000, 0x00000000eab00000, 0x00000000eac00000|  0%| F|  |TAMS 0x00000000eab00000, 0x00000000eab00000| Untracked 
| 172|0x00000000eac00000, 0x00000000eac00000, 0x00000000ead00000|  0%| F|  |TAMS 0x00000000eac00000, 0x00000000eac00000| Untracked 
| 173|0x00000000ead00000, 0x00000000ead00000, 0x00000000eae00000|  0%| F|  |TAMS 0x00000000ead00000, 0x00000000ead00000| Untracked 
| 174|0x00000000eae00000, 0x00000000eae00000, 0x00000000eaf00000|  0%| F|  |TAMS 0x00000000eae00000, 0x00000000eae00000| Untracked 
| 175|0x00000000eaf00000, 0x00000000eaf00000, 0x00000000eb000000|  0%| F|  |TAMS 0x00000000eaf00000, 0x00000000eaf00000| Untracked 
| 176|0x00000000eb000000, 0x00000000eb000000, 0x00000000eb100000|  0%| F|  |TAMS 0x00000000eb000000, 0x00000000eb000000| Untracked 
| 177|0x00000000eb100000, 0x00000000eb100000, 0x00000000eb200000|  0%| F|  |TAMS 0x00000000eb100000, 0x00000000eb100000| Untracked 
| 178|0x00000000eb200000, 0x00000000eb200000, 0x00000000eb300000|  0%| F|  |TAMS 0x00000000eb200000, 0x00000000eb200000| Untracked 
| 179|0x00000000eb300000, 0x00000000eb300000, 0x00000000eb400000|  0%| F|  |TAMS 0x00000000eb300000, 0x00000000eb300000| Untracked 
| 180|0x00000000eb400000, 0x00000000eb400000, 0x00000000eb500000|  0%| F|  |TAMS 0x00000000eb400000, 0x00000000eb400000| Untracked 
| 181|0x00000000eb500000, 0x00000000eb500000, 0x00000000eb600000|  0%| F|  |TAMS 0x00000000eb500000, 0x00000000eb500000| Untracked 
| 182|0x00000000eb600000, 0x00000000eb600000, 0x00000000eb700000|  0%| F|  |TAMS 0x00000000eb600000, 0x00000000eb600000| Untracked 
| 183|0x00000000eb700000, 0x00000000eb700000, 0x00000000eb800000|  0%| F|  |TAMS 0x00000000eb700000, 0x00000000eb700000| Untracked 
| 184|0x00000000eb800000, 0x00000000eb800000, 0x00000000eb900000|  0%| F|  |TAMS 0x00000000eb800000, 0x00000000eb800000| Untracked 
| 185|0x00000000eb900000, 0x00000000eb900000, 0x00000000eba00000|  0%| F|  |TAMS 0x00000000eb900000, 0x00000000eb900000| Untracked 
| 186|0x00000000eba00000, 0x00000000eba00000, 0x00000000ebb00000|  0%| F|  |TAMS 0x00000000eba00000, 0x00000000eba00000| Untracked 
| 187|0x00000000ebb00000, 0x00000000ebb00000, 0x00000000ebc00000|  0%| F|  |TAMS 0x00000000ebb00000, 0x00000000ebb00000| Untracked 
| 188|0x00000000ebc00000, 0x00000000ebc00000, 0x00000000ebd00000|  0%| F|  |TAMS 0x00000000ebc00000, 0x00000000ebc00000| Untracked 
| 189|0x00000000ebd00000, 0x00000000ebd00000, 0x00000000ebe00000|  0%| F|  |TAMS 0x00000000ebd00000, 0x00000000ebd00000| Untracked 
| 190|0x00000000ebe00000, 0x00000000ebe00000, 0x00000000ebf00000|  0%| F|  |TAMS 0x00000000ebe00000, 0x00000000ebe00000| Untracked 
| 191|0x00000000ebf00000, 0x00000000ebf00000, 0x00000000ec000000|  0%| F|  |TAMS 0x00000000ebf00000, 0x00000000ebf00000| Untracked 
| 192|0x00000000ec000000, 0x00000000ec000000, 0x00000000ec100000|  0%| F|  |TAMS 0x00000000ec000000, 0x00000000ec000000| Untracked 
| 193|0x00000000ec100000, 0x00000000ec100000, 0x00000000ec200000|  0%| F|  |TAMS 0x00000000ec100000, 0x00000000ec100000| Untracked 
| 194|0x00000000ec200000, 0x00000000ec200000, 0x00000000ec300000|  0%| F|  |TAMS 0x00000000ec200000, 0x00000000ec200000| Untracked 
| 195|0x00000000ec300000, 0x00000000ec300000, 0x00000000ec400000|  0%| F|  |TAMS 0x00000000ec300000, 0x00000000ec300000| Untracked 
| 196|0x00000000ec400000, 0x00000000ec400000, 0x00000000ec500000|  0%| F|  |TAMS 0x00000000ec400000, 0x00000000ec400000| Untracked 
| 197|0x00000000ec500000, 0x00000000ec500000, 0x00000000ec600000|  0%| F|  |TAMS 0x00000000ec500000, 0x00000000ec500000| Untracked 
| 198|0x00000000ec600000, 0x00000000ec600000, 0x00000000ec700000|  0%| F|  |TAMS 0x00000000ec600000, 0x00000000ec600000| Untracked 
| 199|0x00000000ec700000, 0x00000000ec700000, 0x00000000ec800000|  0%| F|  |TAMS 0x00000000ec700000, 0x00000000ec700000| Untracked 
| 200|0x00000000ec800000, 0x00000000ec800000, 0x00000000ec900000|  0%| F|  |TAMS 0x00000000ec800000, 0x00000000ec800000| Untracked 
| 201|0x00000000ec900000, 0x00000000ec900000, 0x00000000eca00000|  0%| F|  |TAMS 0x00000000ec900000, 0x00000000ec900000| Untracked 
| 202|0x00000000eca00000, 0x00000000eca00000, 0x00000000ecb00000|  0%| F|  |TAMS 0x00000000eca00000, 0x00000000eca00000| Untracked 
| 203|0x00000000ecb00000, 0x00000000ecb00000, 0x00000000ecc00000|  0%| F|  |TAMS 0x00000000ecb00000, 0x00000000ecb00000| Untracked 
| 204|0x00000000ecc00000, 0x00000000ecc00000, 0x00000000ecd00000|  0%| F|  |TAMS 0x00000000ecc00000, 0x00000000ecc00000| Untracked 
| 205|0x00000000ecd00000, 0x00000000ecd00000, 0x00000000ece00000|  0%| F|  |TAMS 0x00000000ecd00000, 0x00000000ecd00000| Untracked 
| 206|0x00000000ece00000, 0x00000000ece00000, 0x00000000ecf00000|  0%| F|  |TAMS 0x00000000ece00000, 0x00000000ece00000| Untracked 
| 207|0x00000000ecf00000, 0x00000000ecf00000, 0x00000000ed000000|  0%| F|  |TAMS 0x00000000ecf00000, 0x00000000ecf00000| Untracked 
| 208|0x00000000ed000000, 0x00000000ed000000, 0x00000000ed100000|  0%| F|  |TAMS 0x00000000ed000000, 0x00000000ed000000| Untracked 
| 209|0x00000000ed100000, 0x00000000ed100000, 0x00000000ed200000|  0%| F|  |TAMS 0x00000000ed100000, 0x00000000ed100000| Untracked 
| 210|0x00000000ed200000, 0x00000000ed200000, 0x00000000ed300000|  0%| F|  |TAMS 0x00000000ed200000, 0x00000000ed200000| Untracked 
| 211|0x00000000ed300000, 0x00000000ed300000, 0x00000000ed400000|  0%| F|  |TAMS 0x00000000ed300000, 0x00000000ed300000| Untracked 
| 212|0x00000000ed400000, 0x00000000ed400000, 0x00000000ed500000|  0%| F|  |TAMS 0x00000000ed400000, 0x00000000ed400000| Untracked 
| 213|0x00000000ed500000, 0x00000000ed500000, 0x00000000ed600000|  0%| F|  |TAMS 0x00000000ed500000, 0x00000000ed500000| Untracked 
| 214|0x00000000ed600000, 0x00000000ed600000, 0x00000000ed700000|  0%| F|  |TAMS 0x00000000ed600000, 0x00000000ed600000| Untracked 
| 215|0x00000000ed700000, 0x00000000ed700000, 0x00000000ed800000|  0%| F|  |TAMS 0x00000000ed700000, 0x00000000ed700000| Untracked 
| 216|0x00000000ed800000, 0x00000000ed800000, 0x00000000ed900000|  0%| F|  |TAMS 0x00000000ed800000, 0x00000000ed800000| Untracked 
| 217|0x00000000ed900000, 0x00000000ed900000, 0x00000000eda00000|  0%| F|  |TAMS 0x00000000ed900000, 0x00000000ed900000| Untracked 
| 218|0x00000000eda00000, 0x00000000eda00000, 0x00000000edb00000|  0%| F|  |TAMS 0x00000000eda00000, 0x00000000eda00000| Untracked 
| 219|0x00000000edb00000, 0x00000000edb00000, 0x00000000edc00000|  0%| F|  |TAMS 0x00000000edb00000, 0x00000000edb00000| Untracked 
| 220|0x00000000edc00000, 0x00000000edd00000, 0x00000000edd00000|100%| E|  |TAMS 0x00000000edc00000, 0x00000000edc00000| Complete 
| 221|0x00000000edd00000, 0x00000000ede00000, 0x00000000ede00000|100%| E|CS|TAMS 0x00000000edd00000, 0x00000000edd00000| Complete 
| 222|0x00000000ede00000, 0x00000000edf00000, 0x00000000edf00000|100%| E|CS|TAMS 0x00000000ede00000, 0x00000000ede00000| Complete 
| 223|0x00000000edf00000, 0x00000000ee000000, 0x00000000ee000000|100%| E|CS|TAMS 0x00000000edf00000, 0x00000000edf00000| Complete 
| 224|0x00000000ee000000, 0x00000000ee100000, 0x00000000ee100000|100%| E|CS|TAMS 0x00000000ee000000, 0x00000000ee000000| Complete 
| 225|0x00000000ee100000, 0x00000000ee200000, 0x00000000ee200000|100%| E|CS|TAMS 0x00000000ee100000, 0x00000000ee100000| Complete 
| 226|0x00000000ee200000, 0x00000000ee300000, 0x00000000ee300000|100%| E|CS|TAMS 0x00000000ee200000, 0x00000000ee200000| Complete 
| 227|0x00000000ee300000, 0x00000000ee400000, 0x00000000ee400000|100%| E|CS|TAMS 0x00000000ee300000, 0x00000000ee300000| Complete 
| 228|0x00000000ee400000, 0x00000000ee500000, 0x00000000ee500000|100%| E|CS|TAMS 0x00000000ee400000, 0x00000000ee400000| Complete 
| 229|0x00000000ee500000, 0x00000000ee600000, 0x00000000ee600000|100%| E|CS|TAMS 0x00000000ee500000, 0x00000000ee500000| Complete 
| 230|0x00000000ee600000, 0x00000000ee700000, 0x00000000ee700000|100%| E|CS|TAMS 0x00000000ee600000, 0x00000000ee600000| Complete 
| 231|0x00000000ee700000, 0x00000000ee800000, 0x00000000ee800000|100%| E|CS|TAMS 0x00000000ee700000, 0x00000000ee700000| Complete 
| 232|0x00000000ee800000, 0x00000000ee900000, 0x00000000ee900000|100%| E|CS|TAMS 0x00000000ee800000, 0x00000000ee800000| Complete 
| 233|0x00000000ee900000, 0x00000000eea00000, 0x00000000eea00000|100%| E|CS|TAMS 0x00000000ee900000, 0x00000000ee900000| Complete 
| 234|0x00000000eea00000, 0x00000000eeb00000, 0x00000000eeb00000|100%| E|CS|TAMS 0x00000000eea00000, 0x00000000eea00000| Complete 
| 235|0x00000000eeb00000, 0x00000000eec00000, 0x00000000eec00000|100%| E|CS|TAMS 0x00000000eeb00000, 0x00000000eeb00000| Complete 
| 236|0x00000000eec00000, 0x00000000eed00000, 0x00000000eed00000|100%| E|CS|TAMS 0x00000000eec00000, 0x00000000eec00000| Complete 
| 237|0x00000000eed00000, 0x00000000eee00000, 0x00000000eee00000|100%| E|CS|TAMS 0x00000000eed00000, 0x00000000eed00000| Complete 
| 238|0x00000000eee00000, 0x00000000eef00000, 0x00000000eef00000|100%| E|CS|TAMS 0x00000000eee00000, 0x00000000eee00000| Complete 
| 239|0x00000000eef00000, 0x00000000ef000000, 0x00000000ef000000|100%| E|CS|TAMS 0x00000000eef00000, 0x00000000eef00000| Complete 
| 240|0x00000000ef000000, 0x00000000ef100000, 0x00000000ef100000|100%| E|CS|TAMS 0x00000000ef000000, 0x00000000ef000000| Complete 
| 241|0x00000000ef100000, 0x00000000ef200000, 0x00000000ef200000|100%| E|CS|TAMS 0x00000000ef100000, 0x00000000ef100000| Complete 
| 242|0x00000000ef200000, 0x00000000ef300000, 0x00000000ef300000|100%| E|CS|TAMS 0x00000000ef200000, 0x00000000ef200000| Complete 
| 243|0x00000000ef300000, 0x00000000ef400000, 0x00000000ef400000|100%| E|CS|TAMS 0x00000000ef300000, 0x00000000ef300000| Complete 
| 244|0x00000000ef400000, 0x00000000ef500000, 0x00000000ef500000|100%| E|CS|TAMS 0x00000000ef400000, 0x00000000ef400000| Complete 
| 245|0x00000000ef500000, 0x00000000ef600000, 0x00000000ef600000|100%| E|CS|TAMS 0x00000000ef500000, 0x00000000ef500000| Complete 
| 246|0x00000000ef600000, 0x00000000ef700000, 0x00000000ef700000|100%| E|CS|TAMS 0x00000000ef600000, 0x00000000ef600000| Complete 
| 247|0x00000000ef700000, 0x00000000ef800000, 0x00000000ef800000|100%| E|CS|TAMS 0x00000000ef700000, 0x00000000ef700000| Complete 
| 248|0x00000000ef800000, 0x00000000ef900000, 0x00000000ef900000|100%| E|CS|TAMS 0x00000000ef800000, 0x00000000ef800000| Complete 
| 249|0x00000000ef900000, 0x00000000efa00000, 0x00000000efa00000|100%| E|CS|TAMS 0x00000000ef900000, 0x00000000ef900000| Complete 
| 250|0x00000000efa00000, 0x00000000efb00000, 0x00000000efb00000|100%| E|CS|TAMS 0x00000000efa00000, 0x00000000efa00000| Complete 
| 251|0x00000000efb00000, 0x00000000efc00000, 0x00000000efc00000|100%| E|CS|TAMS 0x00000000efb00000, 0x00000000efb00000| Complete 
| 252|0x00000000efc00000, 0x00000000efd00000, 0x00000000efd00000|100%| E|CS|TAMS 0x00000000efc00000, 0x00000000efc00000| Complete 
| 253|0x00000000efd00000, 0x00000000efe00000, 0x00000000efe00000|100%| E|CS|TAMS 0x00000000efd00000, 0x00000000efd00000| Complete 
| 254|0x00000000efe00000, 0x00000000eff00000, 0x00000000eff00000|100%| E|CS|TAMS 0x00000000efe00000, 0x00000000efe00000| Complete 
| 255|0x00000000eff00000, 0x00000000f0000000, 0x00000000f0000000|100%| E|CS|TAMS 0x00000000eff00000, 0x00000000eff00000| Complete 

Card table byte_map: [0x000001b2db1f0000,0x000001b2db2f0000] _byte_map_base: 0x000001b2daaf0000

Marking Bits (Prev, Next): (CMBitMap*) 0x000001b2c29f4f48, (CMBitMap*) 0x000001b2c29f4f80
 Prev Bits: [0x000001b2db3f0000, 0x000001b2dbbf0000)
 Next Bits: [0x000001b2dbbf0000, 0x000001b2dc3f0000)

Polling page: 0x000001b2c2880000

Metaspace:

Usage:
  Non-class:     43.19 MB capacity,    42.35 MB ( 98%) used,   691.51 KB (  2%) free+waste,   168.44 KB ( <1%) overhead. 
      Class:      6.30 MB capacity,     5.68 MB ( 90%) used,   553.25 KB (  9%) free+waste,    84.06 KB (  1%) overhead. 
       Both:     49.49 MB capacity,    48.03 MB ( 97%) used,     1.22 MB (  2%) free+waste,   252.50 KB ( <1%) overhead. 

Virtual space:
  Non-class space:       44.00 MB reserved,      43.42 MB ( 99%) committed 
      Class space:        1.00 GB reserved,       6.38 MB ( <1%) committed 
             Both:        1.04 GB reserved,      49.80 MB (  5%) committed 

Chunk freelists:
   Non-Class:  6.00 KB
       Class:  1.00 KB
        Both:  7.00 KB

CodeHeap 'non-profiled nmethods': size=120064Kb used=2536Kb max_used=2536Kb free=117527Kb
 bounds [0x000001b2d3360000, 0x000001b2d35e0000, 0x000001b2da8a0000]
CodeHeap 'profiled nmethods': size=120000Kb used=12193Kb max_used=12193Kb free=107806Kb
 bounds [0x000001b2cbe30000, 0x000001b2cca20000, 0x000001b2d3360000]
CodeHeap 'non-nmethods': size=5696Kb used=1214Kb max_used=1246Kb free=4481Kb
 bounds [0x000001b2cb8a0000, 0x000001b2cbb10000, 0x000001b2cbe30000]
 total_blobs=5807 nmethods=5223 adapters=495
 compilation: enabled
              stopped_count=0, restarted_count=0
 full_count=0

Compilation events (10 events):
Event: 5.126 Thread 0x000001b2df4d8000 5207       3       org.springframework.cglib.core.ClassEmitter$1::getSuperType (18 bytes)
Event: 5.126 Thread 0x000001b2df4d8000 nmethod 5207 0x000001b2cca04390 code [0x000001b2cca04520, 0x000001b2cca04698]
Event: 5.126 Thread 0x000001b2df4d8000 5208       3       java.util.Arrays::fill (21 bytes)
Event: 5.127 Thread 0x000001b2df4d8000 nmethod 5208 0x000001b2cca04710 code [0x000001b2cca048c0, 0x000001b2cca04bd8]
Event: 5.134 Thread 0x000001b2df4d8000 5210       1       org.springframework.cglib.core.CodeEmitter::getClassEmitter (5 bytes)
Event: 5.134 Thread 0x000001b2df4d8000 nmethod 5210 0x000001b2d35cec10 code [0x000001b2d35ceda0, 0x000001b2d35cee58]
Event: 5.139 Thread 0x000001b2df4d8000 5211       1       org.springframework.cglib.core.WeakCacheKey::hashCode (5 bytes)
Event: 5.139 Thread 0x000001b2df4d8000 nmethod 5211 0x000001b2d35cef10 code [0x000001b2d35cf0a0, 0x000001b2d35cf158]
Event: 5.141 Thread 0x000001b2df4d8000 5212       1       org.springframework.beans.factory.support.AbstractBeanFactory::getCustomTypeConverter (5 bytes)
Event: 5.141 Thread 0x000001b2df4d8000 nmethod 5212 0x000001b2d35cf210 code [0x000001b2d35cf3a0, 0x000001b2d35cf458]

GC Heap History (10 events):
Event: 2.548 GC heap before
{Heap before GC invocations=2 (full 0):
 garbage-first heap   total 262144K, used 38138K [0x00000000e0000000, 0x0000000100000000)
  region size 1024K, 31 young (31744K), 1 survivors (1024K)
 Metaspace       used 20417K, capacity 21148K, committed 21296K, reserved 1069056K
  class space    used 2329K, capacity 2600K, committed 2688K, reserved 1048576K
}
Event: 2.550 GC heap after
{Heap after GC invocations=3 (full 0):
 garbage-first heap   total 262144K, used 9384K [0x00000000e0000000, 0x0000000100000000)
  region size 1024K, 2 young (2048K), 2 survivors (2048K)
 Metaspace       used 20417K, capacity 21148K, committed 21296K, reserved 1069056K
  class space    used 2329K, capacity 2600K, committed 2688K, reserved 1048576K
}
Event: 3.024 GC heap before
{Heap before GC invocations=4 (full 0):
 garbage-first heap   total 262144K, used 60584K [0x00000000e0000000, 0x0000000100000000)
  region size 1024K, 52 young (53248K), 2 survivors (2048K)
 Metaspace       used 27602K, capacity 28625K, committed 28848K, reserved 1075200K
  class space    used 3324K, capacity 3730K, committed 3840K, reserved 1048576K
}
Event: 3.027 GC heap after
{Heap after GC invocations=5 (full 0):
 garbage-first heap   total 262144K, used 11180K [0x00000000e0000000, 0x0000000100000000)
  region size 1024K, 4 young (4096K), 4 survivors (4096K)
 Metaspace       used 27602K, capacity 28625K, committed 28848K, reserved 1075200K
  class space    used 3324K, capacity 3730K, committed 3840K, reserved 1048576K
}
Event: 3.797 GC heap before
{Heap before GC invocations=5 (full 0):
 garbage-first heap   total 262144K, used 93100K [0x00000000e0000000, 0x0000000100000000)
  region size 1024K, 84 young (86016K), 4 survivors (4096K)
 Metaspace       used 34022K, capacity 35212K, committed 35248K, reserved 1079296K
  class space    used 4127K, capacity 4602K, committed 4608K, reserved 1048576K
}
Event: 3.803 GC heap after
{Heap after GC invocations=6 (full 0):
 garbage-first heap   total 262144K, used 14040K [0x00000000e0000000, 0x0000000100000000)
  region size 1024K, 7 young (7168K), 7 survivors (7168K)
 Metaspace       used 34022K, capacity 35212K, committed 35248K, reserved 1079296K
  class space    used 4127K, capacity 4602K, committed 4608K, reserved 1048576K
}
Event: 3.886 GC heap before
{Heap before GC invocations=6 (full 0):
 garbage-first heap   total 262144K, used 21208K [0x00000000e0000000, 0x0000000100000000)
  region size 1024K, 15 young (15360K), 7 survivors (7168K)
 Metaspace       used 34699K, capacity 35836K, committed 35888K, reserved 1081344K
  class space    used 4221K, capacity 4701K, committed 4736K, reserved 1048576K
}
Event: 3.891 GC heap after
{Heap after GC invocations=7 (full 0):
 garbage-first heap   total 262144K, used 14578K [0x00000000e0000000, 0x0000000100000000)
  region size 1024K, 7 young (7168K), 7 survivors (7168K)
 Metaspace       used 34699K, capacity 35836K, committed 35888K, reserved 1081344K
  class space    used 4221K, capacity 4701K, committed 4736K, reserved 1048576K
}
Event: 4.908 GC heap before
{Heap before GC invocations=8 (full 0):
 garbage-first heap   total 262144K, used 145650K [0x00000000e0000000, 0x0000000100000000)
  region size 1024K, 135 young (138240K), 7 survivors (7168K)
 Metaspace       used 47858K, capacity 49309K, committed 49584K, reserved 1093632K
  class space    used 5714K, capacity 6327K, committed 6400K, reserved 1048576K
}
Event: 4.917 GC heap after
{Heap after GC invocations=9 (full 0):
 garbage-first heap   total 262144K, used 19394K [0x00000000e0000000, 0x0000000100000000)
  region size 1024K, 12 young (12288K), 12 survivors (12288K)
 Metaspace       used 47858K, capacity 49309K, committed 49584K, reserved 1093632K
  class space    used 5714K, capacity 6327K, committed 6400K, reserved 1048576K
}

Deoptimization events (10 events):
Event: 4.747 Thread 0x000001b2e256a000 Uncommon trap: reason=unstable_if action=reinterpret pc=0x000001b2d356fb60 method=java.util.regex.Pattern$SliceI.match(Ljava/util/regex/Matcher;ILjava/lang/CharSequence;)Z @ 18 c2
Event: 4.801 Thread 0x000001b2c29d1000 Uncommon trap: reason=bimorphic_or_optimized_type_check action=maybe_recompile pc=0x000001b2d34f6050 method=java.util.HashMap.putVal(ILjava/lang/Object;Ljava/lang/Object;ZZ)Ljava/lang/Object; @ 253 c2
Event: 4.810 Thread 0x000001b2c29d1000 Uncommon trap: reason=bimorphic_or_optimized_type_check action=maybe_recompile pc=0x000001b2d34f6050 method=java.util.HashMap.putVal(ILjava/lang/Object;Ljava/lang/Object;ZZ)Ljava/lang/Object; @ 253 c2
Event: 4.937 Thread 0x000001b2c29d1000 Uncommon trap: reason=unstable_if action=reinterpret pc=0x000001b2d3478df8 method=java.util.concurrent.ConcurrentHashMap.get(Ljava/lang/Object;)Ljava/lang/Object; @ 152 c2
Event: 4.981 Thread 0x000001b2c29d1000 Uncommon trap: reason=unstable_if action=reinterpret pc=0x000001b2d35c1c70 method=org.springframework.asm.Frame.merge(Lorg/springframework/asm/SymbolTable;I[II)Z @ 22 c2
Event: 4.987 Thread 0x000001b2c29d1000 Uncommon trap: reason=class_check action=maybe_recompile pc=0x000001b2d35482b4 method=org.springframework.beans.factory.support.AbstractBeanFactory.isTypeMatch(Ljava/lang/String;Lorg/springframework/core/ResolvableType;Z)Z @ 53 c2
Event: 4.987 Thread 0x000001b2c29d1000 Uncommon trap: reason=class_check action=maybe_recompile pc=0x000001b2d35482b4 method=org.springframework.beans.factory.support.AbstractBeanFactory.isTypeMatch(Ljava/lang/String;Lorg/springframework/core/ResolvableType;Z)Z @ 53 c2
Event: 4.998 Thread 0x000001b2c29d1000 Uncommon trap: reason=unstable_if action=reinterpret pc=0x000001b2d350dbe4 method=java.util.StringTokenizer.nextToken()Ljava/lang/String; @ 5 c2
Event: 5.009 Thread 0x000001b2c29d1000 Uncommon trap: reason=class_check action=maybe_recompile pc=0x000001b2d35482b4 method=org.springframework.beans.factory.support.AbstractBeanFactory.isTypeMatch(Ljava/lang/String;Lorg/springframework/core/ResolvableType;Z)Z @ 53 c2
Event: 5.012 Thread 0x000001b2c29d1000 Uncommon trap: reason=class_check action=maybe_recompile pc=0x000001b2d35482b4 method=org.springframework.beans.factory.support.AbstractBeanFactory.isTypeMatch(Ljava/lang/String;Lorg/springframework/core/ResolvableType;Z)Z @ 53 c2

Classes redefined (0 events):
No events

Internal exceptions (10 events):
Event: 5.119 Thread 0x000001b2c29d1000 Exception <a 'java/lang/ClassNotFoundException'{0x00000000edf1fb00}: java/lang/ObjectCustomizer> (0x00000000edf1fb00) thrown at [./open/src/hotspot/share/classfile/systemDictionary.cpp, line 226]
Event: 5.120 Thread 0x000001b2c29d1000 Exception <a 'java/lang/ClassNotFoundException'{0x00000000edf34ed8}: com/wegether/app/dao/PointDAOCustomizer> (0x00000000edf34ed8) thrown at [./open/src/hotspot/share/classfile/systemDictionary.cpp, line 226]
Event: 5.122 Thread 0x000001b2c29d1000 Exception <a 'java/lang/ClassNotFoundException'{0x00000000edf84d78}: java/lang/ObjectCustomizer> (0x00000000edf84d78) thrown at [./open/src/hotspot/share/classfile/systemDictionary.cpp, line 226]
Event: 5.123 Thread 0x000001b2c29d1000 Exception <a 'java/lang/ClassNotFoundException'{0x00000000edf9a220}: com/wegether/app/dao/ProjectDAOCustomizer> (0x00000000edf9a220) thrown at [./open/src/hotspot/share/classfile/systemDictionary.cpp, line 226]
Event: 5.125 Thread 0x000001b2c29d1000 Exception <a 'java/lang/ClassNotFoundException'{0x00000000edfe9e48}: java/lang/ObjectCustomizer> (0x00000000edfe9e48) thrown at [./open/src/hotspot/share/classfile/systemDictionary.cpp, line 226]
Event: 5.125 Thread 0x000001b2c29d1000 Exception <a 'java/lang/ClassNotFoundException'{0x00000000ede00410}: com/wegether/app/dao/ProjectFileDAOCustomizer> (0x00000000ede00410) thrown at [./open/src/hotspot/share/classfile/systemDictionary.cpp, line 226]
Event: 5.128 Thread 0x000001b2c29d1000 Exception <a 'java/lang/ClassNotFoundException'{0x00000000ede50ac8}: java/lang/ObjectCustomizer> (0x00000000ede50ac8) thrown at [./open/src/hotspot/share/classfile/systemDictionary.cpp, line 226]
Event: 5.128 Thread 0x000001b2c29d1000 Exception <a 'java/lang/ClassNotFoundException'{0x00000000ede65ea0}: com/wegether/app/dao/ReplyDAOCustomizer> (0x00000000ede65ea0) thrown at [./open/src/hotspot/share/classfile/systemDictionary.cpp, line 226]
Event: 5.131 Thread 0x000001b2c29d1000 Exception <a 'java/lang/ClassNotFoundException'{0x00000000edeb5de0}: java/lang/ObjectCustomizer> (0x00000000edeb5de0) thrown at [./open/src/hotspot/share/classfile/systemDictionary.cpp, line 226]
Event: 5.133 Thread 0x000001b2c29d1000 Exception <a 'java/lang/ClassNotFoundException'{0x00000000edecb838}: com/wegether/app/dao/WishDataDAOCustomizer> (0x00000000edecb838) thrown at [./open/src/hotspot/share/classfile/systemDictionary.cpp, line 226]

Events (10 events):
Event: 5.131 loading class java/lang/ObjectCustomizer
Event: 5.131 loading class java/lang/ObjectCustomizer done
Event: 5.131 loading class java/lang/ObjectCustomizer
Event: 5.131 loading class java/lang/ObjectCustomizer done
Event: 5.131 loading class com/wegether/app/dao/WishDataDAOCustomizer
Event: 5.131 loading class com/wegether/app/dao/WishDataDAOCustomizer done
Event: 5.133 loading class com/wegether/app/dao/WishDataDAOCustomizer
Event: 5.133 loading class com/wegether/app/dao/WishDataDAOCustomizer done
Event: 5.133 loading class com/wegether/app/dao/WishDataDAOCustomizer
Event: 5.133 loading class com/wegether/app/dao/WishDataDAOCustomizer done


Dynamic libraries:
0x00007ff6f5730000 - 0x00007ff6f573f000 	C:\Java\jdk-11.0.16\bin\java.exe
0x00007ffc9d590000 - 0x00007ffc9d788000 	C:\WINDOWS\SYSTEM32\ntdll.dll
0x00007ffc9d490000 - 0x00007ffc9d54f000 	C:\WINDOWS\System32\KERNEL32.DLL
0x00007ffc9b2f0000 - 0x00007ffc9b5e6000 	C:\WINDOWS\System32\KERNELBASE.dll
0x00007ffc9ace0000 - 0x00007ffc9ade0000 	C:\WINDOWS\System32\ucrtbase.dll
0x00007ffc80e40000 - 0x00007ffc80e55000 	C:\Java\jdk-11.0.16\bin\VCRUNTIME140.dll
0x00007ffc96310000 - 0x00007ffc96328000 	C:\Java\jdk-11.0.16\bin\jli.dll
0x00007ffc9c5d0000 - 0x00007ffc9c67f000 	C:\WINDOWS\System32\ADVAPI32.dll
0x00007ffc9c920000 - 0x00007ffc9c9be000 	C:\WINDOWS\System32\msvcrt.dll
0x00007ffc9c880000 - 0x00007ffc9c91c000 	C:\WINDOWS\System32\sechost.dll
0x00007ffc9c4a0000 - 0x00007ffc9c5c6000 	C:\WINDOWS\System32\RPCRT4.dll
0x00007ffc9b9b0000 - 0x00007ffc9bb4d000 	C:\WINDOWS\System32\USER32.dll
0x00007ffc9ae10000 - 0x00007ffc9ae32000 	C:\WINDOWS\System32\win32u.dll
0x00007ffc9c6e0000 - 0x00007ffc9c70c000 	C:\WINDOWS\System32\GDI32.dll
0x00007ffc9af40000 - 0x00007ffc9b055000 	C:\WINDOWS\System32\gdi32full.dll
0x00007ffc9b1c0000 - 0x00007ffc9b25d000 	C:\WINDOWS\System32\msvcp_win.dll
0x00007ffc8b600000 - 0x00007ffc8b89a000 	C:\WINDOWS\WinSxS\amd64_microsoft.windows.common-controls_6595b64144ccf1df_6.0.19041.1110_none_60b5254171f9507e\COMCTL32.dll
0x00007ffc95260000 - 0x00007ffc9526a000 	C:\WINDOWS\SYSTEM32\VERSION.dll
0x00007ffc9c720000 - 0x00007ffc9c750000 	C:\WINDOWS\System32\IMM32.DLL
0x00007ffc7ae90000 - 0x00007ffc7af2b000 	C:\Java\jdk-11.0.16\bin\msvcp140.dll
0x00007ffc65b10000 - 0x00007ffc66628000 	C:\Java\jdk-11.0.16\bin\server\jvm.dll
0x00007ffc9c380000 - 0x00007ffc9c388000 	C:\WINDOWS\System32\PSAPI.DLL
0x00007ffc91d90000 - 0x00007ffc91db7000 	C:\WINDOWS\SYSTEM32\WINMM.dll
0x00007ffc89340000 - 0x00007ffc89349000 	C:\WINDOWS\SYSTEM32\WSOCK32.dll
0x00007ffc9d420000 - 0x00007ffc9d48b000 	C:\WINDOWS\System32\WS2_32.dll
0x00007ffc98a70000 - 0x00007ffc98a82000 	C:\WINDOWS\SYSTEM32\kernel.appcore.dll
0x00007ffc983f0000 - 0x00007ffc98400000 	C:\Java\jdk-11.0.16\bin\verify.dll
0x00007ffc909a0000 - 0x00007ffc90b84000 	C:\WINDOWS\SYSTEM32\DBGHELP.DLL
0x00007ffc881f0000 - 0x00007ffc88224000 	C:\WINDOWS\SYSTEM32\dbgcore.DLL
0x00007ffc9b260000 - 0x00007ffc9b2e2000 	C:\WINDOWS\System32\bcryptPrimitives.dll
0x00007ffc7d7a0000 - 0x00007ffc7d7c8000 	C:\Java\jdk-11.0.16\bin\java.dll
0x00007ffc83fc0000 - 0x00007ffc83fca000 	C:\Java\jdk-11.0.16\bin\jimage.dll
0x00007ffc80d90000 - 0x00007ffc80da6000 	C:\Java\jdk-11.0.16\bin\zip.dll
0x00007ffc9bc30000 - 0x00007ffc9c374000 	C:\WINDOWS\System32\SHELL32.dll
0x00007ffc98d50000 - 0x00007ffc994e3000 	C:\WINDOWS\SYSTEM32\windows.storage.dll
0x00007ffc9b650000 - 0x00007ffc9b9a4000 	C:\WINDOWS\System32\combase.dll
0x00007ffc9a6d0000 - 0x00007ffc9a6fe000 	C:\WINDOWS\SYSTEM32\Wldp.dll
0x00007ffc9c390000 - 0x00007ffc9c43d000 	C:\WINDOWS\System32\SHCORE.dll
0x00007ffc9d3c0000 - 0x00007ffc9d415000 	C:\WINDOWS\System32\shlwapi.dll
0x00007ffc9abb0000 - 0x00007ffc9abcf000 	C:\WINDOWS\SYSTEM32\profapi.dll
0x00007ffc80d50000 - 0x00007ffc80d69000 	C:\Java\jdk-11.0.16\bin\net.dll
0x00007ffc94af0000 - 0x00007ffc94bfa000 	C:\WINDOWS\SYSTEM32\WINHTTP.dll
0x00007ffc9a430000 - 0x00007ffc9a49a000 	C:\WINDOWS\system32\mswsock.dll
0x00007ffc7d760000 - 0x00007ffc7d772000 	C:\Java\jdk-11.0.16\bin\nio.dll
0x00007ffc9a620000 - 0x00007ffc9a638000 	C:\WINDOWS\SYSTEM32\CRYPTSP.dll
0x00007ffc99ce0000 - 0x00007ffc99d14000 	C:\WINDOWS\system32\rsaenh.dll
0x00007ffc9ade0000 - 0x00007ffc9ae07000 	C:\WINDOWS\System32\bcrypt.dll
0x00007ffc9ab70000 - 0x00007ffc9ab9e000 	C:\WINDOWS\SYSTEM32\USERENV.dll
0x00007ffc9a640000 - 0x00007ffc9a64c000 	C:\WINDOWS\SYSTEM32\CRYPTBASE.dll
0x00007ffc9a0d0000 - 0x00007ffc9a10c000 	C:\WINDOWS\SYSTEM32\IPHLPAPI.DLL
0x00007ffc9c710000 - 0x00007ffc9c718000 	C:\WINDOWS\System32\NSI.dll
0x00007ffc95660000 - 0x00007ffc95677000 	C:\WINDOWS\SYSTEM32\dhcpcsvc6.DLL
0x00007ffc95640000 - 0x00007ffc9565d000 	C:\WINDOWS\SYSTEM32\dhcpcsvc.DLL
0x00007ffc9a120000 - 0x00007ffc9a1eb000 	C:\WINDOWS\SYSTEM32\DNSAPI.dll
0x00007ffc82f60000 - 0x00007ffc82f69000 	C:\Java\jdk-11.0.16\bin\management.dll
0x00007ffc82d50000 - 0x00007ffc82d5b000 	C:\Java\jdk-11.0.16\bin\management_ext.dll
0x00007ffc835e0000 - 0x00007ffc835f7000 	C:\WINDOWS\system32\napinsp.dll
0x00007ffc835c0000 - 0x00007ffc835db000 	C:\WINDOWS\system32\pnrpnsp.dll
0x00007ffc835a0000 - 0x00007ffc835b5000 	C:\WINDOWS\system32\wshbth.dll
0x00007ffc96800000 - 0x00007ffc9681d000 	C:\WINDOWS\system32\NLAapi.dll
0x00007ffc834f0000 - 0x00007ffc83502000 	C:\WINDOWS\System32\winrnr.dll
0x00007ffc94470000 - 0x00007ffc9447a000 	C:\Windows\System32\rasadhlp.dll
0x00007ffc92c70000 - 0x00007ffc92cf2000 	C:\WINDOWS\System32\fwpuclnt.dll
0x00007ffc968e0000 - 0x00007ffc96905000 	C:\Java\jdk-11.0.16\bin\sunec.dll

dbghelp: loaded successfully - version: 4.0.5 - missing functions: none
symbol engine: initialized successfully - sym options: 0x614 - pdb path: .;C:\Java\jdk-11.0.16\bin;C:\WINDOWS\SYSTEM32;C:\WINDOWS\WinSxS\amd64_microsoft.windows.common-controls_6595b64144ccf1df_6.0.19041.1110_none_60b5254171f9507e;C:\Java\jdk-11.0.16\bin\server

VM Arguments:
jvm_args: -Dorg.gradle.internal.worker.tmpdir=C:\Users\ÀÌÁ¾¹®\Desktop\springProject\workspace\wegether\build\tmp\test\work -Dorg.gradle.native=false -Xmx512m -Dfile.encoding=x-windows-949 -Duser.country=KR -Duser.language=ko -Duser.variant -ea 
java_command: worker.org.gradle.process.internal.worker.GradleWorkerMain 'Gradle Test Executor 1'
java_class_path (initial): C:\\Users\\ÀÌÁ¾¹®\\.gradle\\caches\\7.6.1\\workerMain\\gradle-worker.jar;C:\\Users\\ÀÌÁ¾¹®\\Desktop\\springProject\\workspace\\wegether\\build\\classes\\java\\test;C:\\Users\\ÀÌÁ¾¹®\\Desktop\\springProject\\workspace\\wegether\\build\\classes\\java\\main;C:\\Users\\ÀÌÁ¾¹®\\Desktop\\springProject\\workspace\\wegether\\build\\resources\\main;C:\\Users\\ÀÌÁ¾¹®\\.gradle\\caches\\modules-2\\files-2.1\\com.google.code.gson\\gson\\2.9.0\\8a1167e089096758b49f9b34066ef98b2f4b37aa\\gson-2.9.0.jar;C:\\Users\\ÀÌÁ¾¹®\\.gradle\\caches\\modules-2\\files-2.1\\org.springframework.boot\\spring-boot-starter-mail\\2.7.5\\f36261f4cc30d8a8a70c5db617c57ea0c00170b5\\spring-boot-starter-mail-2.7.5.jar;C:\\Users\\ÀÌÁ¾¹®\\.gradle\\caches\\modules-2\\files-2.1\\org.springframework.boot\\spring-boot-starter-web-services\\2.7.5\\8d56d80cec9c715ea77a7ecaa885ee3ccd965bd2\\spring-boot-starter-web-services-2.7.5.jar;C:\\Users\\ÀÌÁ¾¹®\\.gradle\\caches\\modules-2\\files-2.1\\org.springframework.boot\\spring-boot-starter-web\\2.7.5\\bb4099d0466a62c3b11ab9323babca13bb430a2e\\spring-boot-starter-web-2.7.5.jar;C:\\Users\\ÀÌÁ¾¹®\\.gradle\\caches\\modules-2\\files-2.1\\org.springframework.boot\\spring-boot-starter-thymeleaf\\2.7.5\\d2be8d1d822d988924e0a23c81d795ae5aa288f3\\spring-boot-starter-thymeleaf-2.7.5.jar;C:\\Users\\ÀÌÁ¾¹®\\.gradle\\caches\\modules-2\\files-2.1\\org.mybatis.spring.boot\\mybatis-spring-boot-starter\\2.1.0\\d1a1b96573ade19ce0cd536e15565d216b05ff83\\mybatis-spring-boot-starter-2.1.0.jar;C:\\Users\\ÀÌÁ¾¹®\\.gradle\\caches\\modules-2\\files-2.1\\net.coobird\\thumbnailator\\0.4.8\\4f10c440dd7776630aee9da4611a45032db1e041\\thumbnailator-0.4.8.jar;C:\\Users\\ÀÌÁ¾¹®\\.gradle\\caches\\modules-2\\files-2.1\\com.oracle.database.jdbc\\ojdbc8\\21.5.0.0\\eb13f0948ca8675f71d59b5e8a1129d4c6189e7a\\ojdbc8-21.5.0.0.jar;C:\\Users\\ÀÌÁ¾¹®\\.gradle\\caches\\modules-2\\files-2.1\\org.projectlombok\\lombok\\1.18.24\\13a394eed5c4f9efb2a6d956e2086f1d81e857d9\\lombok-1.18.24.jar;C:
Launcher Type: SUN_STANDARD

[Global flags]
     intx CICompilerCount                          = 3                                         {product} {ergonomic}
     uint ConcGCThreads                            = 2                                         {product} {ergonomic}
     uint G1ConcRefinementThreads                  = 6                                         {product} {ergonomic}
   size_t G1HeapRegionSize                         = 1048576                                   {product} {ergonomic}
    uintx GCDrainStackTargetSize                   = 64                                        {product} {ergonomic}
   size_t InitialHeapSize                          = 268435456                                 {product} {ergonomic}
   size_t MarkStackSize                            = 4194304                                   {product} {ergonomic}
   size_t MaxHeapSize                              = 536870912                                 {product} {command line}
   size_t MaxNewSize                               = 321912832                                 {product} {ergonomic}
   size_t MinHeapDeltaBytes                        = 1048576                                   {product} {ergonomic}
    uintx NonNMethodCodeHeapSize                   = 5830732                                {pd product} {ergonomic}
    uintx NonProfiledCodeHeapSize                  = 122913754                              {pd product} {ergonomic}
    uintx ProfiledCodeHeapSize                     = 122913754                              {pd product} {ergonomic}
    uintx ReservedCodeCacheSize                    = 251658240                              {pd product} {ergonomic}
     bool SegmentedCodeCache                       = true                                      {product} {ergonomic}
     bool UseCompressedClassPointers               = true                                 {lp64_product} {ergonomic}
     bool UseCompressedOops                        = true                                 {lp64_product} {ergonomic}
     bool UseG1GC                                  = true                                      {product} {ergonomic}
     bool UseLargePagesIndividualAllocation        = false                                  {pd product} {ergonomic}

Logging:
Log output configuration:
 #0: stdout all=warning uptime,level,tags
 #1: stderr all=off uptime,level,tags

Environment Variables:
JAVA_HOME=C:\Java\jdk-11.0.16
PATH=C:\Program Files\MySQL\MySQL Server 8.0\bin;C:\Java\jdk-11.0.16\bin;C:\Users\ÀÌÁ¾¹®\Desktop\ÄÚ¸®¾ÆIT¾ÆÄ«µ¥¹Ì\web_1900_ljm\js\resource\node-v16.19.1-win-x64;C:\oraclexe\app\oracle\product\11.2.0\server\bin;C:\Program Files\Common Files\Oracle\Java\javapath;C:\WINDOWS\system32;C:\WINDOWS;C:\WINDOWS\System32\Wbem;C:\WINDOWS\System32\WindowsPowerShell\v1.0\;C:\WINDOWS\System32\OpenSSH\;C:\Program Files (x86)\NVIDIA Corporation\PhysX\Common;C:\Program Files\NVIDIA Corporation\NVIDIA NvDLISR;C:\Program Files (x86)\Windows Live\Shared;C:\WINDOWS\system32;C:\WINDOWS;C:\WINDOWS\System32\Wbem;C:\WINDOWS\System32\WindowsPowerShell\v1.0\;C:\WINDOWS\System32\OpenSSH\;C:\Git\cmd;C:\Program Files\MySQL\MySQL Shell 8.0\bin\;C:\Users\ÀÌÁ¾¹®\AppData\Local\Microsoft\WindowsApps;C:\Users\ÀÌÁ¾¹®\AppData\Local\afreeca;C:\Users\ÀÌÁ¾¹®\AppData\Local\Programs\Microsoft VS Code\bin;C:\Users\ÀÌÁ¾¹®\AppData\Local\GitHubDesktop\bin
USERNAME=JongMoon
OS=Windows_NT
PROCESSOR_IDENTIFIER=AMD64 Family 23 Model 113 Stepping 0, AuthenticAMD



---------------  S Y S T E M  ---------------

OS: Windows 10 , 64 bit Build 19041 (10.0.19041.2913)

CPU:total 6 (initial active 6) (6 cores per cpu, 1 threads per core) family 23 model 113 stepping 0 microcode 0x0, cmov, cx8, fxsr, mmx, sse, sse2, sse3, ssse3, sse4.1, sse4.2, popcnt, avx, avx2, aes, clmul, mmxext, 3dnowpref, lzcnt, sse4a, tsc, tscinvbit, tscinv, bmi1, bmi2, adx, sha,

Memory: 4k page, system-wide physical 16318M (3925M free)
TotalPageFile size 16318M (AvailPageFile size 37M)
current process WorkingSet (physical memory assigned to process): 312M, peak: 323M
current process commit charge ("private bytes"): 449M, peak: 460M

vm_info: Java HotSpot(TM) 64-Bit Server VM (11.0.16+11-LTS-199) for windows-amd64 JRE (11.0.16+11-LTS-199), built on Jun 28 2022 08:23:17 by "mach5one" with MS VC++ 15.9 (VS2017)

END.
